<?xml version="1.0" encoding="UTF-8"?>
<testsuites name="EncoderForWith" time="480.685" tests="13" failures="1" errors="0">
   <testsuite name="EncoderForWith" tests="13" failures="1" errors="0" time="480.685" skipped="0" timestamp="24-06-2024T14:34:02" hostname="Adarsh.Lohar - QKNBK2037.qkcorp.qualitykiosk.com" id="Test Suites/PaperbaseFlows/PaperbaseWithAndWithout/EncoderForWith">
      <properties>
         <property name="deviceName" value=""/>
         <property name="devicePlatform"/>
         <property name="logFolder" value="D:\\newRCBCProject\\RCBCLOS_Automation\\Reports\\20240624_143107\\PaperbaseFlows\\PaperbaseWithAndWithout\\EncoderForWith\\20240624_143111"/>
         <property name="logFiles" value="D:\\newRCBCProject\\RCBCLOS_Automation\\Reports\\20240624_143107\\PaperbaseFlows\\PaperbaseWithAndWithout\\EncoderForWith\\20240624_143111\\execution0.log"/>
         <property name="attachments" value="D:\\newRCBCProject\\RCBCLOS_Automation\\Reports\\20240624_143107\\PaperbaseFlows\\PaperbaseWithAndWithout\\EncoderForWith\\20240624_143111\\Screenshots/Encoder24_06_2402_34_11/Regression24_06_24_02_34_12.jpg, D:\\newRCBCProject\\RCBCLOS_Automation\\Reports\\20240624_143107\\PaperbaseFlows\\PaperbaseWithAndWithout\\EncoderForWith\\20240624_143111\\Screenshots/Encoder24_06_2402_34_11/Regression24_06_24_02_34_33.jpg, D:\\newRCBCProject\\RCBCLOS_Automation\\Reports\\20240624_143107\\PaperbaseFlows\\PaperbaseWithAndWithout\\EncoderForWith\\20240624_143111\\Screenshots/Encoder24_06_2402_34_11/Regression24_06_24_02_34_37.jpg, D:\\newRCBCProject\\RCBCLOS_Automation\\Reports\\20240624_143107\\PaperbaseFlows\\PaperbaseWithAndWithout\\EncoderForWith\\20240624_143111\\Screenshots/Encoder24_06_2402_34_11/Regression24_06_24_02_34_42.jpg, D:\\newRCBCProject\\RCBCLOS_Automation\\Reports\\20240624_143107\\PaperbaseFlows\\PaperbaseWithAndWithout\\EncoderForWith\\20240624_143111\\Screenshots/Encoder24_06_2402_34_11/Regression24_06_24_02_34_57.jpg, D:\\newRCBCProject\\RCBCLOS_Automation\\Reports\\20240624_143107\\PaperbaseFlows\\PaperbaseWithAndWithout\\EncoderForWith\\20240624_143111\\Screenshots/Encoder24_06_2402_34_11/Regression24_06_24_02_35_06.jpg, D:\\newRCBCProject\\RCBCLOS_Automation\\Reports\\20240624_143107\\PaperbaseFlows\\PaperbaseWithAndWithout\\EncoderForWith\\20240624_143111\\Screenshots/Encoder24_06_2402_34_11/Regression24_06_24_02_35_11.jpg, D:\\newRCBCProject\\RCBCLOS_Automation\\Reports\\20240624_143107\\PaperbaseFlows\\PaperbaseWithAndWithout\\EncoderForWith\\20240624_143111\\Screenshots/Encoder24_06_2402_34_11/Regression24_06_24_02_35_14.jpg, D:\\newRCBCProject\\RCBCLOS_Automation\\Reports\\20240624_143107\\PaperbaseFlows\\PaperbaseWithAndWithout\\EncoderForWith\\20240624_143111\\Screenshots/Encoder24_06_2402_34_11/Regression24_06_24_02_35_21.jpg, D:\\newRCBCProject\\RCBCLOS_Automation\\Reports\\20240624_143107\\PaperbaseFlows\\PaperbaseWithAndWithout\\EncoderForWith\\20240624_143111\\Screenshots/Encoder24_06_2402_34_11/Regression24_06_24_02_35_34.jpg, D:\\newRCBCProject\\RCBCLOS_Automation\\Reports\\20240624_143107\\PaperbaseFlows\\PaperbaseWithAndWithout\\EncoderForWith\\20240624_143111\\Screenshots/Encoder24_06_2402_34_11/Regression24_06_24_02_35_41.jpg, D:\\newRCBCProject\\RCBCLOS_Automation\\Reports\\20240624_143107\\PaperbaseFlows\\PaperbaseWithAndWithout\\EncoderForWith\\20240624_143111\\Screenshots/Encoder24_06_2402_34_11/Regression24_06_24_02_35_45.jpg, D:\\newRCBCProject\\RCBCLOS_Automation\\Reports\\20240624_143107\\PaperbaseFlows\\PaperbaseWithAndWithout\\EncoderForWith\\20240624_143111\\Screenshots/Encoder24_06_2402_34_11/Regression24_06_24_02_35_50.jpg, D:\\newRCBCProject\\RCBCLOS_Automation\\Reports\\20240624_143107\\PaperbaseFlows\\PaperbaseWithAndWithout\\EncoderForWith\\20240624_143111\\Screenshots/Encoder24_06_2402_34_11/Regression24_06_24_02_36_11.jpg, D:\\newRCBCProject\\RCBCLOS_Automation\\Reports\\20240624_143107\\PaperbaseFlows\\PaperbaseWithAndWithout\\EncoderForWith\\20240624_143111\\Screenshots/Encoder24_06_2402_34_11/Regression24_06_24_02_36_22.jpg, D:\\newRCBCProject\\RCBCLOS_Automation\\Reports\\20240624_143107\\PaperbaseFlows\\PaperbaseWithAndWithout\\EncoderForWith\\20240624_143111\\Screenshots/Encoder24_06_2402_34_11/Regression24_06_24_02_36_40.jpg, D:\\newRCBCProject\\RCBCLOS_Automation\\Reports\\20240624_143107\\PaperbaseFlows\\PaperbaseWithAndWithout\\EncoderForWith\\20240624_143111\\Screenshots/Encoder24_06_2402_34_11/Regression24_06_24_02_36_46.jpg, D:\\newRCBCProject\\RCBCLOS_Automation\\Reports\\20240624_143107\\PaperbaseFlows\\PaperbaseWithAndWithout\\EncoderForWith\\20240624_143111\\Screenshots/Encoder24_06_2402_34_11/Regression24_06_24_02_36_55.jpg, D:\\newRCBCProject\\RCBCLOS_Automation\\Reports\\20240624_143107\\PaperbaseFlows\\PaperbaseWithAndWithout\\EncoderForWith\\20240624_143111\\Screenshots/Encoder24_06_2402_34_11/Regression24_06_24_02_37_01.jpg, D:\\newRCBCProject\\RCBCLOS_Automation\\Reports\\20240624_143107\\PaperbaseFlows\\PaperbaseWithAndWithout\\EncoderForWith\\20240624_143111\\Screenshots/Encoder24_06_2402_34_11/Regression24_06_24_02_37_07.jpg, D:\\newRCBCProject\\RCBCLOS_Automation\\Reports\\20240624_143107\\PaperbaseFlows\\PaperbaseWithAndWithout\\EncoderForWith\\20240624_143111\\Screenshots/Encoder24_06_2402_34_11/Regression24_06_24_02_37_14.jpg, D:\\newRCBCProject\\RCBCLOS_Automation\\Reports\\20240624_143107\\PaperbaseFlows\\PaperbaseWithAndWithout\\EncoderForWith\\20240624_143111\\Screenshots/Encoder24_06_2402_34_11/Regression24_06_24_02_37_23.jpg, D:\\newRCBCProject\\RCBCLOS_Automation\\Reports\\20240624_143107\\PaperbaseFlows\\PaperbaseWithAndWithout\\EncoderForWith\\20240624_143111\\Screenshots/Encoder24_06_2402_34_11/Regression24_06_24_02_37_30.jpg, D:\\newRCBCProject\\RCBCLOS_Automation\\Reports\\20240624_143107\\PaperbaseFlows\\PaperbaseWithAndWithout\\EncoderForWith\\20240624_143111\\Screenshots/Encoder24_06_2402_34_11/Regression24_06_24_02_37_36.jpg, D:\\newRCBCProject\\RCBCLOS_Automation\\Reports\\20240624_143107\\PaperbaseFlows\\PaperbaseWithAndWithout\\EncoderForWith\\20240624_143111\\Screenshots/Encoder24_06_2402_34_11/Regression24_06_24_02_37_44.jpg, D:\\newRCBCProject\\RCBCLOS_Automation\\Reports\\20240624_143107\\PaperbaseFlows\\PaperbaseWithAndWithout\\EncoderForWith\\20240624_143111\\Screenshots/Encoder24_06_2402_34_11/Regression24_06_24_02_37_50.jpg, D:\\newRCBCProject\\RCBCLOS_Automation\\Reports\\20240624_143107\\PaperbaseFlows\\PaperbaseWithAndWithout\\EncoderForWith\\20240624_143111\\Screenshots/Encoder24_06_2402_34_11/Regression24_06_24_02_37_57.jpg, D:\\newRCBCProject\\RCBCLOS_Automation\\Reports\\20240624_143107\\PaperbaseFlows\\PaperbaseWithAndWithout\\EncoderForWith\\20240624_143111\\Screenshots/Encoder24_06_2402_34_11/Regression24_06_24_02_38_03.jpg, D:\\newRCBCProject\\RCBCLOS_Automation\\Reports\\20240624_143107\\PaperbaseFlows\\PaperbaseWithAndWithout\\EncoderForWith\\20240624_143111\\Screenshots/Encoder24_06_2402_34_11/Regression24_06_24_02_38_11.jpg, D:\\newRCBCProject\\RCBCLOS_Automation\\Reports\\20240624_143107\\PaperbaseFlows\\PaperbaseWithAndWithout\\EncoderForWith\\20240624_143111\\Screenshots/Encoder24_06_2402_34_11/Regression24_06_24_02_38_20.jpg, D:\\newRCBCProject\\RCBCLOS_Automation\\Reports\\20240624_143107\\PaperbaseFlows\\PaperbaseWithAndWithout\\EncoderForWith\\20240624_143111\\Screenshots/Encoder24_06_2402_34_11/Regression24_06_24_02_38_27.jpg, D:\\newRCBCProject\\RCBCLOS_Automation\\Reports\\20240624_143107\\PaperbaseFlows\\PaperbaseWithAndWithout\\EncoderForWith\\20240624_143111\\Screenshots/Encoder24_06_2402_34_11/Regression24_06_24_02_38_48.jpg, D:\\newRCBCProject\\RCBCLOS_Automation\\Reports\\20240624_143107\\PaperbaseFlows\\PaperbaseWithAndWithout\\EncoderForWith\\20240624_143111\\Screenshots/Encoder24_06_2402_34_11/Regression24_06_24_02_38_59.jpg, D:\\newRCBCProject\\RCBCLOS_Automation\\Reports\\20240624_143107\\PaperbaseFlows\\PaperbaseWithAndWithout\\EncoderForWith\\20240624_143111\\Screenshots/Encoder24_06_2402_34_11/Regression24_06_24_02_39_25.jpg, D:\\newRCBCProject\\RCBCLOS_Automation\\Reports\\20240624_143107\\PaperbaseFlows\\PaperbaseWithAndWithout\\EncoderForWith\\20240624_143111\\1719220201476.png, D:\\newRCBCProject\\RCBCLOS_Automation\\Reports\\20240624_143107\\PaperbaseFlows\\PaperbaseWithAndWithout\\EncoderForWith\\20240624_143111\\Screenshots/Encoder24_06_2402_34_11/Regression24_06_24_02_40_05.jpg, D:\\newRCBCProject\\RCBCLOS_Automation\\Reports\\20240624_143107\\PaperbaseFlows\\PaperbaseWithAndWithout\\EncoderForWith\\20240624_143111\\Screenshots/Encoder24_06_2402_34_11/Regression24_06_24_02_40_11.jpg, D:\\newRCBCProject\\RCBCLOS_Automation\\Reports\\20240624_143107\\PaperbaseFlows\\PaperbaseWithAndWithout\\EncoderForWith\\20240624_143111\\Screenshots/Encoder24_06_2402_34_11/Regression24_06_24_02_40_18.jpg, D:\\newRCBCProject\\RCBCLOS_Automation\\Reports\\20240624_143107\\PaperbaseFlows\\PaperbaseWithAndWithout\\EncoderForWith\\20240624_143111\\Screenshots/Encoder24_06_2402_34_11/Regression24_06_24_02_40_27.jpg, D:\\newRCBCProject\\RCBCLOS_Automation\\Reports\\20240624_143107\\PaperbaseFlows\\PaperbaseWithAndWithout\\EncoderForWith\\20240624_143111\\Screenshots/Encoder24_06_2402_34_11/Regression24_06_24_02_40_33.jpg, D:\\newRCBCProject\\RCBCLOS_Automation\\Reports\\20240624_143107\\PaperbaseFlows\\PaperbaseWithAndWithout\\EncoderForWith\\20240624_143111\\Screenshots/Encoder24_06_2402_34_11/Regression24_06_24_02_40_39.jpg, D:\\newRCBCProject\\RCBCLOS_Automation\\Reports\\20240624_143107\\PaperbaseFlows\\PaperbaseWithAndWithout\\EncoderForWith\\20240624_143111\\1719220252912.png, D:\\newRCBCProject\\RCBCLOS_Automation\\Reports\\20240624_143107\\PaperbaseFlows\\PaperbaseWithAndWithout\\EncoderForWith\\20240624_143111\\Screenshots/Encoder24_06_2402_34_11/Regression24_06_24_02_40_55.jpg, D:\\newRCBCProject\\RCBCLOS_Automation\\Reports\\20240624_143107\\PaperbaseFlows\\PaperbaseWithAndWithout\\EncoderForWith\\20240624_143111\\1719220302900.png, D:\\newRCBCProject\\RCBCLOS_Automation\\Reports\\20240624_143107\\PaperbaseFlows\\PaperbaseWithAndWithout\\EncoderForWith\\20240624_143111\\Screenshots/Encoder24_06_2402_34_11/Regression24_06_24_02_41_52.jpg, D:\\newRCBCProject\\RCBCLOS_Automation\\Reports\\20240624_143107\\PaperbaseFlows\\PaperbaseWithAndWithout\\EncoderForWith\\20240624_143111\\Screenshots/Encoder24_06_2402_34_11/Regression24_06_24_02_41_59.jpg"/>
         <property name="hostName" value="Adarsh.Lohar - QKNBK2037.qkcorp.qualitykiosk.com"/>
         <property name="os" value="Windows 10 64bit"/>
         <property name="katalonVersion" value="9.5.0.217"/>
         <property name="browser" value="Chrome 126.0.0.0"/>
         <property name="hostAddress" value="10.0.6.210"/>
         <property name="sessionId" value="24b00f558362a6260ae3dadb4237e508"/>
         <property name="seleniumVersion" value="3.141.59"/>
         <property name="proxyInformation" value="ProxyInformation { proxyOption=NO_PROXY, proxyServerType=HTTP, username=, password=********, proxyServerAddress=, proxyServerPort=0, executionList=&quot;&quot;, isApplyToDesiredCapabilities=true }"/>
         <property name="platform" value="Windows 10"/>
      </properties>
      <testcase name="Test Cases/Paper_STPWithAndWithoutAPI/Encoder/LoginPage" time="20.892" classname="Test Cases/Paper_STPWithAndWithoutAPI/Encoder/LoginPage" status="PASSED">
         <system-out><![CDATA[24-06-2024T14:34:02 - [TEST_CASE][PASSED] - Test Cases/Paper_STPWithAndWithoutAPI/Encoder/LoginPage: Test Cases/Paper_STPWithAndWithoutAPI/Encoder/LoginPage

24-06-2024T14:34:03 - [TEST_STEP][PASSED] - encoder.LoginForibpsEncoder.login(): encoder.LoginForibpsEncoder.login is PASSED

24-06-2024T14:34:04 - [MESSAGE][INFO] - Starting 'Chrome' driver

24-06-2024T14:34:04 - [MESSAGE][INFO] - User set preference: ['args', '[--incognito]']

24-06-2024T14:34:04 - [MESSAGE][INFO] - Action delay is set to 0 milliseconds

24-06-2024T14:34:07 - [MESSAGE][PASSED] - Browser is opened with url: ''

24-06-2024T14:34:07 - [MESSAGE][PASSED] - Current window maximized

24-06-2024T14:34:08 - [MESSAGE][PASSED] - Navigate to 'https://rcbcuat.nonprodnmc.com/omniapp' successfully

24-06-2024T14:34:10 - [MESSAGE][PASSED] - Text 'QK_Encoder7' is set on object 'Object Repository/BackOffice/ibpsLogin/userName'

24-06-2024T14:34:10 - [MESSAGE][PASSED] - Text ****** has been set on object 'Object Repository/BackOffice/ibpsLogin/password'

24-06-2024T14:34:11 - [MESSAGE][PASSED] - Delayed 1 second(s)

24-06-2024T14:34:12 - [MESSAGE][PASSED] - Delayed 1 second(s)

24-06-2024T14:34:13 - [MESSAGE][PASSED] - Delayed 1 second(s)

24-06-2024T14:34:13 - [MESSAGE][PASSED] - Taking screenshot successfully
[[ATTACHMENT|D:\\newRCBCProject\\RCBCLOS_Automation\\Reports\\20240624_143107\\PaperbaseFlows\\PaperbaseWithAndWithout\\EncoderForWith\\20240624_143111\\Screenshots/Encoder24_06_2402_34_11/Regression24_06_24_02_34_12.jpg]]

24-06-2024T14:34:14 - [MESSAGE][PASSED] - Object: 'Object Repository/BackOffice/ibpsLogin/loginButton' is clicked on

24-06-2024T14:34:16 - [MESSAGE][PASSED] - Delayed 2 second(s)

24-06-2024T14:34:19 - [MESSAGE][INFO] - Unable to find the element located by 'By.xpath: //input[@id="oaloginform:contloginbtn"]'. Please recheck the objects properties to make sure the desired element is located. 

24-06-2024T14:34:19 - [MESSAGE][WARNING] - [SELF-HEALING] Failed to find element with id 'Object Repository/BackOffice/ibpsLogin/yesLogin'. Try using Self-healing.

24-06-2024T14:34:20 - [MESSAGE][INFO] - [SELF-HEALING] No working XPath is found.

24-06-2024T14:34:21 - [MESSAGE][WARNING] - [SELF-HEALING] javascript error: {"status":32,"value":"Unable to locate an element with the xpath expression  because of the following error:\nSyntaxError: Failed to execute 'evaluate' on 'Document': The string '' is not a valid XPath expression."}
  (Session info: chrome=126.0.6478.114)
Build info: version: '3.141.59', revision: 'unknown', time: 'unknown'
System info: host: 'QKNBK2037', ip: '10.0.6.210', os.name: 'Windows 10', os.arch: 'amd64', os.version: '10.0', java.version: '17.0.7'
Driver info: com.kms.katalon.selenium.driver.CChromeDriver
Capabilities {acceptInsecureCerts: false, browserName: chrome, browserVersion: 126.0.6478.114, chrome: {chromedriverVersion: 125.0.6422.60 (3ac3319bff9f..., userDataDir: C:\Users\ADARSH~1.LOH\AppDa...}, fedcm:accounts: true, goog:chromeOptions: {debuggerAddress: localhost:53256}, javascriptEnabled: true, networkConnectionEnabled: false, pageLoadStrategy: normal, platform: WINDOWS, platformName: WINDOWS, proxy: Proxy(), setWindowRect: true, strictFileInteractability: false, timeouts: {implicit: 0, pageLoad: 300000, script: 30000}, unhandledPromptBehavior: dismiss and notify, webauthn:extension:credBlob: true, webauthn:extension:largeBlob: true, webauthn:extension:minPinLength: true, webauthn:extension:prf: true, webauthn:virtualAuthenticators: true}
Session ID: 24b00f558362a6260ae3dadb4237e508
*** Element info: {Using=xpath, value=}

24-06-2024T14:34:21 - [MESSAGE][WARNING] - [SELF-HEALING] Cannot find elements when the selector is null

24-06-2024T14:34:21 - [MESSAGE][WARNING] - Web element with id: 'Object Repository/BackOffice/ibpsLogin/yesLogin' located by '//input[@id="oaloginform:contloginbtn"]' not found

24-06-2024T14:34:21 - [MESSAGE][PASSED] - encoder.LoginForibpsEncoder.login is PASSED

24-06-2024T14:34:23 - [TEST_STEP][PASSED] - Video: Video recording for test case 'Test Cases/Paper_STPWithAndWithoutAPI/Encoder/LoginPage' .

24-06-2024T14:34:23 - [MESSAGE][INFO] - Video recording for test case 'Test Cases/Paper_STPWithAndWithoutAPI/Encoder/LoginPage' .]]></system-out>
         <system-err><![CDATA[]]></system-err>
      </testcase>
      <testcase name="Test Cases/Paper_STPWithAndWithoutAPI/Encoder/HomePage" time="27.556" classname="Test Cases/Paper_STPWithAndWithoutAPI/Encoder/HomePage" status="PASSED">
         <system-out><![CDATA[24-06-2024T14:34:23 - [TEST_CASE][PASSED] - Test Cases/Paper_STPWithAndWithoutAPI/Encoder/HomePage: Test Cases/Paper_STPWithAndWithoutAPI/Encoder/HomePage

24-06-2024T14:34:23 - [TEST_STEP][PASSED] - encoder.HomePageForibpsEncoder.selectResistration(): encoder.HomePageForibpsEncoder.selectResistration is PASSED

24-06-2024T14:34:23 - [MESSAGE][PASSED] - Wait for page load successfully

24-06-2024T14:34:25 - [MESSAGE][PASSED] - Delayed 2 second(s)

24-06-2024T14:34:28 - [MESSAGE][PASSED] - Delayed 3 second(s)

24-06-2024T14:34:28 - [MESSAGE][INFO] -  ******** LOS-3380

24-06-2024T14:34:30 - [MESSAGE][PASSED] - Delayed 2 second(s)

24-06-2024T14:34:32 - [MESSAGE][PASSED] - Delayed 1 second(s)

24-06-2024T14:34:33 - [MESSAGE][PASSED] - Delayed 1 second(s)

24-06-2024T14:34:34 - [MESSAGE][PASSED] - Delayed 1 second(s)

24-06-2024T14:34:34 - [MESSAGE][PASSED] - Taking screenshot successfully
[[ATTACHMENT|D:\\newRCBCProject\\RCBCLOS_Automation\\Reports\\20240624_143107\\PaperbaseFlows\\PaperbaseWithAndWithout\\EncoderForWith\\20240624_143111\\Screenshots/Encoder24_06_2402_34_11/Regression24_06_24_02_34_33.jpg]]

24-06-2024T14:34:35 - [MESSAGE][PASSED] - Object: 'Object Repository/BackOffice/EncoderNSTP/ibpsHomePage/encoder' is clicked on

24-06-2024T14:34:36 - [MESSAGE][PASSED] - Delayed 1 second(s)

24-06-2024T14:34:37 - [MESSAGE][PASSED] - Delayed 1 second(s)

24-06-2024T14:34:38 - [MESSAGE][PASSED] - Delayed 1 second(s)

24-06-2024T14:34:39 - [MESSAGE][PASSED] - Taking screenshot successfully
[[ATTACHMENT|D:\\newRCBCProject\\RCBCLOS_Automation\\Reports\\20240624_143107\\PaperbaseFlows\\PaperbaseWithAndWithout\\EncoderForWith\\20240624_143111\\Screenshots/Encoder24_06_2402_34_11/Regression24_06_24_02_34_37.jpg]]

24-06-2024T14:34:39 - [MESSAGE][PASSED] - Object: 'Object Repository/BackOffice/COMaker/ibpsHomePage/resistrationNo' is clicked on

24-06-2024T14:34:40 - [MESSAGE][PASSED] - Delayed 1 second(s)

24-06-2024T14:34:41 - [MESSAGE][PASSED] - Delayed 1 second(s)

24-06-2024T14:34:42 - [MESSAGE][PASSED] - Delayed 1 second(s)

24-06-2024T14:34:43 - [MESSAGE][PASSED] - Delayed 1 second(s)

24-06-2024T14:34:43 - [MESSAGE][PASSED] - Taking screenshot successfully
[[ATTACHMENT|D:\\newRCBCProject\\RCBCLOS_Automation\\Reports\\20240624_143107\\PaperbaseFlows\\PaperbaseWithAndWithout\\EncoderForWith\\20240624_143111\\Screenshots/Encoder24_06_2402_34_11/Regression24_06_24_02_34_42.jpg]]

24-06-2024T14:34:46 - [MESSAGE][PASSED] - Delayed 2 second(s)

24-06-2024T14:34:48 - [MESSAGE][PASSED] - Delayed 2 second(s)

24-06-2024T14:34:48 - [MESSAGE][PASSED] - encoder.HomePageForibpsEncoder.selectResistration is PASSED

24-06-2024T14:34:51 - [TEST_STEP][PASSED] - Video: Video recording for test case 'Test Cases/Paper_STPWithAndWithoutAPI/Encoder/HomePage' .

24-06-2024T14:34:51 - [MESSAGE][INFO] - Video recording for test case 'Test Cases/Paper_STPWithAndWithoutAPI/Encoder/HomePage' .]]></system-out>
         <system-err><![CDATA[]]></system-err>
      </testcase>
      <testcase name="Test Cases/Paper_STPWithAndWithoutAPI/Encoder/ClientInformationWithAPI" time="70.337" classname="Test Cases/Paper_STPWithAndWithoutAPI/Encoder/ClientInformationWithAPI" status="PASSED">
         <system-out><![CDATA[24-06-2024T14:34:51 - [TEST_CASE][PASSED] - Test Cases/Paper_STPWithAndWithoutAPI/Encoder/ClientInformationWithAPI: Test Cases/Paper_STPWithAndWithoutAPI/Encoder/ClientInformationWithAPI

24-06-2024T14:34:51 - [TEST_STEP][PASSED] - tabSection.CustomerDetail.clientInformationForEncoderPaperBasedWith(): tabSection.CustomerDetail.clientInformationForEncoderPaperBasedWith is PASSED

24-06-2024T14:34:52 - [MESSAGE][PASSED] - Delayed 1 second(s)

24-06-2024T14:34:55 - [MESSAGE][PASSED] - Current window's index is: 0

24-06-2024T14:34:56 - [MESSAGE][PASSED] - Switched to window with index: '1'

24-06-2024T14:34:56 - [MESSAGE][PASSED] - Attribute 'title' of object 'Object Repository/ClientInformationPreRelease/creditProgram' is: ''

24-06-2024T14:34:56 - [MESSAGE][PASSED] - Text of object 'Object Repository/Action/referenceNumber' is: 'Encoder : LOS-3380'

24-06-2024T14:34:56 - [MESSAGE][INFO] - Encoder : LOS-3380 Contains LOS-3380

24-06-2024T14:34:56 - [MESSAGE][INFO] - Ready to go....

24-06-2024T14:34:57 - [MESSAGE][PASSED] - Delayed 1 second(s)

24-06-2024T14:34:58 - [MESSAGE][PASSED] - Delayed 1 second(s)

24-06-2024T14:34:58 - [MESSAGE][PASSED] - Taking screenshot successfully
[[ATTACHMENT|D:\\newRCBCProject\\RCBCLOS_Automation\\Reports\\20240624_143107\\PaperbaseFlows\\PaperbaseWithAndWithout\\EncoderForWith\\20240624_143111\\Screenshots/Encoder24_06_2402_34_11/Regression24_06_24_02_34_57.jpg]]

24-06-2024T14:35:00 - [MESSAGE][PASSED] - Object: 'Object Repository/BackOffice/EncoderNSTP/ClientInformation/PrincipalInformation/principal' is clicked on

24-06-2024T14:35:02 - [MESSAGE][PASSED] - Delayed 2 second(s)

24-06-2024T14:35:02 - [MESSAGE][PASSED] - All options with index in [1] are selected on object 'Object Repository/BackOffice/EncoderNSTP/ClientInformation/PrincipalInformation/borrowerType'

24-06-2024T14:35:03 - [MESSAGE][PASSED] - All options with index in [1] are selected on object 'Object Repository/BackOffice/EncoderNSTP/ClientInformation/PrincipalInformation/applicationType'

24-06-2024T14:35:03 - [MESSAGE][PASSED] - All options with index in [1] are selected on object 'Object Repository/BackOffice/EncoderNSTP/ClientInformation/PrincipalInformation/custemerType'

24-06-2024T14:35:04 - [MESSAGE][PASSED] - Object 'Object Repository/BackOffice/EncoderWithWithout/sex' is clickable

24-06-2024T14:35:04 - [MESSAGE][PASSED] - All options with index in [2] are selected on object 'Object Repository/BackOffice/EncoderWithWithout/sex'

24-06-2024T14:35:04 - [MESSAGE][PASSED] - Object 'Object Repository/BackOffice/EncoderNSTP/ClientInformation/PrincipalInformation/dateOfBirth' is clickable

24-06-2024T14:35:05 - [MESSAGE][PASSED] - Text '15/05/1991' is set on object 'Object Repository/BackOffice/EncoderNSTP/ClientInformation/PrincipalInformation/dateOfBirth'

24-06-2024T14:35:06 - [MESSAGE][PASSED] - Delayed 1 second(s)

24-06-2024T14:35:07 - [MESSAGE][PASSED] - Delayed 1 second(s)

24-06-2024T14:35:07 - [MESSAGE][PASSED] - Taking screenshot successfully
[[ATTACHMENT|D:\\newRCBCProject\\RCBCLOS_Automation\\Reports\\20240624_143107\\PaperbaseFlows\\PaperbaseWithAndWithout\\EncoderForWith\\20240624_143111\\Screenshots/Encoder24_06_2402_34_11/Regression24_06_24_02_35_06.jpg]]

24-06-2024T14:35:08 - [MESSAGE][PASSED] - All options with index in [1] are selected on object 'Object Repository/BackOffice/EncoderNSTP/ClientInformation/PrincipalInformation/placeOfBirth'

24-06-2024T14:35:09 - [MESSAGE][PASSED] - Object 'Object Repository/BackOffice/EncoderNSTP/ClientInformation/PrincipalInformation/maritalStatus' is clickable

24-06-2024T14:35:09 - [MESSAGE][PASSED] - All options with index in [4] are selected on object 'Object Repository/BackOffice/EncoderNSTP/ClientInformation/PrincipalInformation/maritalStatus'

24-06-2024T14:35:09 - [MESSAGE][PASSED] - Object 'Object Repository/BackOffice/EncoderWithWithout/nationality' is clickable

24-06-2024T14:35:10 - [MESSAGE][PASSED] - All options with index in [1] are selected on object 'Object Repository/BackOffice/EncoderWithWithout/nationality'

24-06-2024T14:35:11 - [MESSAGE][PASSED] - Delayed 1 second(s)

24-06-2024T14:35:12 - [MESSAGE][PASSED] - Delayed 1 second(s)

24-06-2024T14:35:12 - [MESSAGE][PASSED] - Taking screenshot successfully
[[ATTACHMENT|D:\\newRCBCProject\\RCBCLOS_Automation\\Reports\\20240624_143107\\PaperbaseFlows\\PaperbaseWithAndWithout\\EncoderForWith\\20240624_143111\\Screenshots/Encoder24_06_2402_34_11/Regression24_06_24_02_35_11.jpg]]

24-06-2024T14:35:12 - [MESSAGE][PASSED] - Text '5' is set on object 'Object Repository/BackOffice/EncoderNSTP/ClientInformation/PrincipalInformation/numberOfYearsMarried'

24-06-2024T14:35:13 - [MESSAGE][PASSED] - Text '3' is set on object 'Object Repository/BackOffice/EncoderNSTP/ClientInformation/PrincipalInformation/numberOfDependents'

24-06-2024T14:35:14 - [MESSAGE][PASSED] - Delayed 1 second(s)

24-06-2024T14:35:15 - [MESSAGE][PASSED] - Delayed 1 second(s)

24-06-2024T14:35:15 - [MESSAGE][PASSED] - Taking screenshot successfully
[[ATTACHMENT|D:\\newRCBCProject\\RCBCLOS_Automation\\Reports\\20240624_143107\\PaperbaseFlows\\PaperbaseWithAndWithout\\EncoderForWith\\20240624_143111\\Screenshots/Encoder24_06_2402_34_11/Regression24_06_24_02_35_14.jpg]]

24-06-2024T14:35:17 - [MESSAGE][WARNING] - Object 'Object Repository/BackOffice/EncoderNSTP/ClientInformation/PrincipalInformation/cifNumber' is not clickable after 2 second(s)

24-06-2024T14:35:17 - [MESSAGE][PASSED] - Object 'Object Repository/BackOffice/EncoderWithWithout/idType' is clickable

24-06-2024T14:35:19 - [MESSAGE][PASSED] - All options with index in [1] are selected on object 'Object Repository/BackOffice/EncoderWithWithout/idType'

24-06-2024T14:35:19 - [MESSAGE][PASSED] - Object 'Object Repository/BackOffice/EncoderWithWithout/idNumber' is clickable

24-06-2024T14:35:19 - [MESSAGE][PASSED] - Text '98357487654' is set on object 'Object Repository/BackOffice/EncoderWithWithout/idNumber'

24-06-2024T14:35:19 - [MESSAGE][PASSED] - Object 'Object Repository/BackOffice/EncoderNSTP/ClientInformation/PrincipalInformation/RCBCCurrentOrSavingAccountNumber' is clickable

24-06-2024T14:35:20 - [MESSAGE][PASSED] - Text '0000000017517519' is set on object 'Object Repository/BackOffice/EncoderNSTP/ClientInformation/PrincipalInformation/RCBCCurrentOrSavingAccountNumber'

24-06-2024T14:35:21 - [MESSAGE][PASSED] - Delayed 1 second(s)

24-06-2024T14:35:22 - [MESSAGE][PASSED] - Delayed 1 second(s)

24-06-2024T14:35:22 - [MESSAGE][PASSED] - Taking screenshot successfully
[[ATTACHMENT|D:\\newRCBCProject\\RCBCLOS_Automation\\Reports\\20240624_143107\\PaperbaseFlows\\PaperbaseWithAndWithout\\EncoderForWith\\20240624_143111\\Screenshots/Encoder24_06_2402_34_11/Regression24_06_24_02_35_21.jpg]]

24-06-2024T14:35:23 - [MESSAGE][PASSED] - Object: 'Object Repository/BackOffice/EncoderNSTP/ClientInformation/PrincipalInformation/plusButtonForAddressDetail' is clicked on

24-06-2024T14:35:24 - [MESSAGE][PASSED] - Delayed 1 second(s)

24-06-2024T14:35:25 - [MESSAGE][PASSED] - All options with index in [2] are selected on object 'Object Repository/BackOffice/EncoderNSTP/ClientInformation/PrincipalInformation/typeOfAddress'

24-06-2024T14:35:25 - [MESSAGE][PASSED] - All options with index in [2] are selected on object 'Object Repository/BackOffice/EncoderNSTP/ClientInformation/PrincipalInformation/residenceOwnershipType'

24-06-2024T14:35:26 - [MESSAGE][PASSED] - Text '4' is set on object 'Object Repository/BackOffice/EncoderNSTP/ClientInformation/PrincipalInformation/lengthOfStayAtCurrentResidance'

24-06-2024T14:35:28 - [MESSAGE][PASSED] - All options with index in [1] are selected on object 'Object Repository/BackOffice/EncoderNSTP/ClientInformation/PrincipalInformation/country'

24-06-2024T14:35:29 - [MESSAGE][PASSED] - All options with index in [1] are selected on object 'Object Repository/BackOffice/EncoderNSTP/ClientInformation/PrincipalInformation/region'

24-06-2024T14:35:30 - [MESSAGE][PASSED] - All options with index in [1] are selected on object 'Object Repository/BackOffice/EncoderNSTP/ClientInformation/PrincipalInformation/provience'

24-06-2024T14:35:31 - [MESSAGE][PASSED] - All options with index in [1] are selected on object 'Object Repository/BackOffice/EncoderNSTP/ClientInformation/PrincipalInformation/townCityMuncipalities'

24-06-2024T14:35:32 - [MESSAGE][PASSED] - All options with index in [1] are selected on object 'Object Repository/BackOffice/EncoderNSTP/ClientInformation/PrincipalInformation/barangay'

24-06-2024T14:35:33 - [MESSAGE][PASSED] - Text 'Mahape Road' is set on object 'Object Repository/BackOffice/EncoderNSTP/ClientInformation/PrincipalInformation/StreetName'

24-06-2024T14:35:33 - [MESSAGE][PASSED] - Text 'Rupa Solitaire' is set on object 'Object Repository/BackOffice/EncoderNSTP/ClientInformation/PrincipalInformation/unitNumberBuildingName'

24-06-2024T14:35:34 - [MESSAGE][PASSED] - Delayed 1 second(s)

24-06-2024T14:35:35 - [MESSAGE][PASSED] - Delayed 1 second(s)

24-06-2024T14:35:36 - [MESSAGE][PASSED] - Taking screenshot successfully
[[ATTACHMENT|D:\\newRCBCProject\\RCBCLOS_Automation\\Reports\\20240624_143107\\PaperbaseFlows\\PaperbaseWithAndWithout\\EncoderForWith\\20240624_143111\\Screenshots/Encoder24_06_2402_34_11/Regression24_06_24_02_35_34.jpg]]

24-06-2024T14:35:38 - [MESSAGE][PASSED] - Object: 'Object Repository/BackOffice/EncoderNSTP/ClientInformation/PrincipalInformation/saveAndClose' is clicked on

24-06-2024T14:35:38 - [MESSAGE][PASSED] - All options with index in [1] are selected on object 'Object Repository/BackOffice/EncoderNSTP/ClientInformation/PrincipalInformation/sourceOfWealth'

24-06-2024T14:35:39 - [MESSAGE][PASSED] - All options with index in [1] are selected on object 'Object Repository/BackOffice/EncoderNSTP/ClientInformation/PrincipalInformation/occupation'

24-06-2024T14:35:39 - [MESSAGE][PASSED] - Text 'Mahesh' is set on object 'Object Repository/BackOffice/EncoderNSTP/ClientInformation/PrincipalInformation/companyEmployerName'

24-06-2024T14:35:40 - [MESSAGE][PASSED] - Text 'Test Engineer' is set on object 'Object Repository/BackOffice/EncoderNSTP/ClientInformation/PrincipalInformation/jobTitle'

24-06-2024T14:35:40 - [MESSAGE][PASSED] - Text '3' is set on object 'Object Repository/BackOffice/EncoderNSTP/ClientInformation/PrincipalInformation/numberOfYearsInCurrentCompany'

24-06-2024T14:35:41 - [MESSAGE][PASSED] - Delayed 1 second(s)

24-06-2024T14:35:42 - [MESSAGE][PASSED] - Delayed 1 second(s)

24-06-2024T14:35:42 - [MESSAGE][PASSED] - Taking screenshot successfully
[[ATTACHMENT|D:\\newRCBCProject\\RCBCLOS_Automation\\Reports\\20240624_143107\\PaperbaseFlows\\PaperbaseWithAndWithout\\EncoderForWith\\20240624_143111\\Screenshots/Encoder24_06_2402_34_11/Regression24_06_24_02_35_41.jpg]]

24-06-2024T14:35:43 - [MESSAGE][PASSED] - Text '6' is set on object 'Object Repository/BackOffice/EncoderNSTP/ClientInformation/PrincipalInformation/totalYearsOfExperince'

24-06-2024T14:35:43 - [MESSAGE][PASSED] - Text '60000' is set on object 'Object Repository/BackOffice/EncoderNSTP/ClientInformation/PrincipalInformation/declareMonthlyIncome'

24-06-2024T14:35:44 - [MESSAGE][PASSED] - Text '(63) 9356986567' is set on object 'Object Repository/BackOffice/EncoderNSTP/ClientInformation/PrincipalInformation/employerContactNumber'

24-06-2024T14:35:45 - [MESSAGE][PASSED] - Delayed 1 second(s)

24-06-2024T14:35:46 - [MESSAGE][PASSED] - Delayed 1 second(s)

24-06-2024T14:35:46 - [MESSAGE][PASSED] - Taking screenshot successfully
[[ATTACHMENT|D:\\newRCBCProject\\RCBCLOS_Automation\\Reports\\20240624_143107\\PaperbaseFlows\\PaperbaseWithAndWithout\\EncoderForWith\\20240624_143111\\Screenshots/Encoder24_06_2402_34_11/Regression24_06_24_02_35_45.jpg]]

24-06-2024T14:35:47 - [MESSAGE][PASSED] - All options with index in [1] are selected on object 'Object Repository/BackOffice/EncoderNSTP/ClientInformation/PrincipalInformation/Industry'

24-06-2024T14:35:48 - [MESSAGE][PASSED] - All options with index in [1] are selected on object 'Object Repository/BackOffice/EncoderNSTP/ClientInformation/PrincipalInformation/subIndustry'

24-06-2024T14:35:49 - [MESSAGE][PASSED] - All options with index in [1] are selected on object 'Object Repository/BackOffice/EncoderNSTP/ClientInformation/PrincipalInformation/natureOfBusiness'

24-06-2024T14:35:50 - [MESSAGE][PASSED] - Delayed 1 second(s)

24-06-2024T14:35:51 - [MESSAGE][PASSED] - Delayed 1 second(s)

24-06-2024T14:35:51 - [MESSAGE][PASSED] - Taking screenshot successfully
[[ATTACHMENT|D:\\newRCBCProject\\RCBCLOS_Automation\\Reports\\20240624_143107\\PaperbaseFlows\\PaperbaseWithAndWithout\\EncoderForWith\\20240624_143111\\Screenshots/Encoder24_06_2402_34_11/Regression24_06_24_02_35_50.jpg]]

24-06-2024T14:35:56 - [MESSAGE][PASSED] - Object: 'Object Repository/BackOffice/EncoderNSTP/ClientInformation/PrincipalInformation/saveChanges' is clicked on

24-06-2024T14:35:59 - [MESSAGE][PASSED] - Delayed 2 second(s)

24-06-2024T14:35:59 - [MESSAGE][PASSED] - tabSection.CustomerDetail.clientInformationForEncoderPaperBasedWith is PASSED

24-06-2024T14:36:01 - [TEST_STEP][PASSED] - Video: Video recording for test case 'Test Cases/Paper_STPWithAndWithoutAPI/Encoder/ClientInformationWithAPI' .

24-06-2024T14:36:01 - [MESSAGE][INFO] - Video recording for test case 'Test Cases/Paper_STPWithAndWithoutAPI/Encoder/ClientInformationWithAPI' .]]></system-out>
         <system-err><![CDATA[]]></system-err>
      </testcase>
      <testcase name="Test Cases/Paper_STPWithAndWithoutAPI/Encoder/CollateralInformationWith" time="13.534" classname="Test Cases/Paper_STPWithAndWithoutAPI/Encoder/CollateralInformationWith" status="PASSED">
         <system-out><![CDATA[24-06-2024T14:36:01 - [TEST_CASE][PASSED] - Test Cases/Paper_STPWithAndWithoutAPI/Encoder/CollateralInformationWith: Test Cases/Paper_STPWithAndWithoutAPI/Encoder/CollateralInformationWith

24-06-2024T14:36:01 - [TEST_STEP][PASSED] - tabSection.CollateralInformation.collateralInformationForEncoderPaperBasedWith(): tabSection.CollateralInformation.collateralInformationForEncoderPaperBasedWith is PASSED

24-06-2024T14:36:01 - [MESSAGE][PASSED] - Object: 'Object Repository/TabSection/CollateralInformation' is clicked on

24-06-2024T14:36:03 - [MESSAGE][PASSED] - All options with value 'HNHR20' are selected in object 'Object Repository/BackOfficePaperBase/EncoderCollateralInfoPaperbase/vehicleCodeType' 

24-06-2024T14:36:04 - [MESSAGE][PASSED] - All options with index in [1] are selected on object 'Object Repository/BackOfficePaperBase/EncoderCollateralInfoPaperbase/CarCondition'

24-06-2024T14:36:05 - [MESSAGE][PASSED] - All options with index in [1] are selected on object 'Object Repository/BackOfficePaperBase/EncoderCollateralInfoPaperbase/carBrand'

24-06-2024T14:36:07 - [MESSAGE][PASSED] - All options with index in [1] are selected on object 'Object Repository/BackOfficePaperBase/EncoderCollateralInfoPaperbase/carModel'

24-06-2024T14:36:08 - [MESSAGE][PASSED] - All options with index in [1] are selected on object 'Object Repository/BackOfficePaperBase/EncoderCollateralInfoPaperbase/subModel'

24-06-2024T14:36:08 - [MESSAGE][PASSED] - All options with index in [1] are selected on object 'Object Repository/BackOfficePaperBase/EncoderCollateralInfoPaperbase/yearModel'

24-06-2024T14:36:09 - [MESSAGE][PASSED] - All options with index in [1] are selected on object 'Object Repository/BackOfficePaperBase/EncoderCollateralInfoPaperbase/makeType'

24-06-2024T14:36:10 - [MESSAGE][PASSED] - Delayed 1 second(s)

24-06-2024T14:36:11 - [MESSAGE][PASSED] - Delayed 1 second(s)

24-06-2024T14:36:12 - [MESSAGE][PASSED] - Delayed 1 second(s)

24-06-2024T14:36:12 - [MESSAGE][PASSED] - Taking screenshot successfully
[[ATTACHMENT|D:\\newRCBCProject\\RCBCLOS_Automation\\Reports\\20240624_143107\\PaperbaseFlows\\PaperbaseWithAndWithout\\EncoderForWith\\20240624_143111\\Screenshots/Encoder24_06_2402_34_11/Regression24_06_24_02_36_11.jpg]]

24-06-2024T14:36:12 - [MESSAGE][PASSED] - tabSection.CollateralInformation.collateralInformationForEncoderPaperBasedWith is PASSED

24-06-2024T14:36:14 - [TEST_STEP][PASSED] - Video: Video recording for test case 'Test Cases/Paper_STPWithAndWithoutAPI/Encoder/CollateralInformationWith' .

24-06-2024T14:36:14 - [MESSAGE][INFO] - Video recording for test case 'Test Cases/Paper_STPWithAndWithoutAPI/Encoder/CollateralInformationWith' .]]></system-out>
         <system-err><![CDATA[]]></system-err>
      </testcase>
      <testcase name="Test Cases/Paper_STPWithAndWithoutAPI/Encoder/LoanInformationWithAPI" time="55.323" classname="Test Cases/Paper_STPWithAndWithoutAPI/Encoder/LoanInformationWithAPI" status="PASSED">
         <system-out><![CDATA[24-06-2024T14:36:15 - [TEST_CASE][PASSED] - Test Cases/Paper_STPWithAndWithoutAPI/Encoder/LoanInformationWithAPI: Test Cases/Paper_STPWithAndWithoutAPI/Encoder/LoanInformationWithAPI

24-06-2024T14:36:15 - [TEST_STEP][PASSED] - tabSection.LoanInformation.loanInfoForEncoderPaperBased(marketingPromoCode, Downpayment_Amt, Actual_Cashout, loanTerm, insuranceType, loanPurpose, modeOfRelease, Scheduled_Unit_Release_Date, Actual_Unit_Release_Date, Total_CMFCollectedby_Dealer, Payment_Type, PaymentFrequency, Mode_Of_Payment): tabSection.LoanInformation.loanInfoForEncoderPaperBased is PASSED

24-06-2024T14:36:17 - [MESSAGE][PASSED] - Delayed 2 second(s)

24-06-2024T14:36:19 - [MESSAGE][PASSED] - Object: 'Object Repository/TabSection/LoanInformation' is clicked on

24-06-2024T14:36:20 - [MESSAGE][PASSED] - All options with index in [1] are selected on object 'Object Repository/BackOfficePaperBase/EncoderPaperbaseLoanInformation/marketingPromoCode'

24-06-2024T14:36:21 - [MESSAGE][PASSED] - Delayed 1 second(s)

24-06-2024T14:36:22 - [MESSAGE][PASSED] - Delayed 1 second(s)

24-06-2024T14:36:23 - [MESSAGE][PASSED] - Delayed 1 second(s)

24-06-2024T14:36:23 - [MESSAGE][PASSED] - Taking screenshot successfully
[[ATTACHMENT|D:\\newRCBCProject\\RCBCLOS_Automation\\Reports\\20240624_143107\\PaperbaseFlows\\PaperbaseWithAndWithout\\EncoderForWith\\20240624_143111\\Screenshots/Encoder24_06_2402_34_11/Regression24_06_24_02_36_22.jpg]]

24-06-2024T14:36:23 - [MESSAGE][PASSED] - Text '500000' is set on object 'Object Repository/BackOfficePaperBase/EncoderPaperbaseLoanInformation/Downpayment_Amt'

24-06-2024T14:36:26 - [MESSAGE][PASSED] - Text '40000' is set on object 'Object Repository/BackOfficePaperBase/EncoderPaperbaseLoanInformation/Actual_Cashout'

24-06-2024T14:36:31 - [MESSAGE][PASSED] - All options with index in [5] are selected on object 'Object Repository/BackOfficePaperBase/EncoderPaperbaseLoanInformation/loanTerm'

24-06-2024T14:36:38 - [MESSAGE][PASSED] - All options with index in [5] are selected on object 'Object Repository/BackOfficePaperBase/EncoderPaperbaseLoanInformation/insuranceType'

24-06-2024T14:36:39 - [MESSAGE][PASSED] - Delayed 1 second(s)

24-06-2024T14:36:40 - [MESSAGE][PASSED] - Delayed 1 second(s)

24-06-2024T14:36:41 - [MESSAGE][PASSED] - Delayed 1 second(s)

24-06-2024T14:36:42 - [MESSAGE][PASSED] - Taking screenshot successfully
[[ATTACHMENT|D:\\newRCBCProject\\RCBCLOS_Automation\\Reports\\20240624_143107\\PaperbaseFlows\\PaperbaseWithAndWithout\\EncoderForWith\\20240624_143111\\Screenshots/Encoder24_06_2402_34_11/Regression24_06_24_02_36_40.jpg]]

24-06-2024T14:36:42 - [MESSAGE][PASSED] - All options with value 'AB' are selected in object 'Object Repository/BackOfficePaperBase/EncoderPaperbaseLoanInformation/loanPurpose' 

24-06-2024T14:36:43 - [MESSAGE][PASSED] - All options with index in [1] are selected on object 'Object Repository/BackOfficePaperBase/EncoderPaperbaseLoanInformation/modeOfRelease'

24-06-2024T14:36:43 - [MESSAGE][PASSED] - Text '19/07/24' is set on object 'Object Repository/BackOfficePaperBase/EncoderPaperbaseLoanInformation/Scheduled_Unit_Release_Date'

24-06-2024T14:36:44 - [MESSAGE][PASSED] - Text '25/07/24' is set on object 'Object Repository/BackOfficePaperBase/EncoderPaperbaseLoanInformation/Actual_Unit_Release_Date'

24-06-2024T14:36:45 - [MESSAGE][PASSED] - Delayed 1 second(s)

24-06-2024T14:36:46 - [MESSAGE][PASSED] - Delayed 1 second(s)

24-06-2024T14:36:47 - [MESSAGE][PASSED] - Delayed 1 second(s)

24-06-2024T14:36:47 - [MESSAGE][PASSED] - Taking screenshot successfully
[[ATTACHMENT|D:\\newRCBCProject\\RCBCLOS_Automation\\Reports\\20240624_143107\\PaperbaseFlows\\PaperbaseWithAndWithout\\EncoderForWith\\20240624_143111\\Screenshots/Encoder24_06_2402_34_11/Regression24_06_24_02_36_46.jpg]]

24-06-2024T14:36:47 - [MESSAGE][PASSED] - Current window's index is: 1

24-06-2024T14:36:49 - [MESSAGE][PASSED] - Object: 'Object Repository/LoanInformationPreRelease/calculateBtn' is clicked on

24-06-2024T14:36:49 - [MESSAGE][PASSED] - Switched to window with index: '2'

24-06-2024T14:36:54 - [MESSAGE][PASSED] - Delayed 5 second(s)

24-06-2024T14:36:55 - [MESSAGE][PASSED] - Delayed 1 second(s)

24-06-2024T14:36:56 - [MESSAGE][PASSED] - Delayed 1 second(s)

24-06-2024T14:36:57 - [MESSAGE][PASSED] - Taking screenshot successfully
[[ATTACHMENT|D:\\newRCBCProject\\RCBCLOS_Automation\\Reports\\20240624_143107\\PaperbaseFlows\\PaperbaseWithAndWithout\\EncoderForWith\\20240624_143111\\Screenshots/Encoder24_06_2402_34_11/Regression24_06_24_02_36_55.jpg]]

24-06-2024T14:36:57 - [MESSAGE][PASSED] - Object: 'Object Repository/LoanInformationPreRelease/WebSpredingSaveBtn' is clicked on

24-06-2024T14:36:59 - [MESSAGE][PASSED] - Delayed 2 second(s)

24-06-2024T14:36:59 - [MESSAGE][PASSED] - Window with index 2 is closed

24-06-2024T14:36:59 - [MESSAGE][PASSED] - Switched to window with index: '1'

24-06-2024T14:36:59 - [MESSAGE][PASSED] - Text '4000' is set on object 'Object Repository/BackOfficePaperBase/EncoderPaperbaseLoanInformation/Total_CMFCollectedby_Dealer'

24-06-2024T14:37:00 - [MESSAGE][PASSED] - Delayed 1 second(s)

24-06-2024T14:37:01 - [MESSAGE][PASSED] - Delayed 1 second(s)

24-06-2024T14:37:02 - [MESSAGE][PASSED] - Delayed 1 second(s)

24-06-2024T14:37:02 - [MESSAGE][PASSED] - Taking screenshot successfully
[[ATTACHMENT|D:\\newRCBCProject\\RCBCLOS_Automation\\Reports\\20240624_143107\\PaperbaseFlows\\PaperbaseWithAndWithout\\EncoderForWith\\20240624_143111\\Screenshots/Encoder24_06_2402_34_11/Regression24_06_24_02_37_01.jpg]]

24-06-2024T14:37:03 - [MESSAGE][PASSED] - All options with index in [1] are selected on object 'Object Repository/BackOfficePaperBase/EncoderPaperbaseLoanInformation/Payment_Type'

24-06-2024T14:37:04 - [MESSAGE][PASSED] - All options with index in [2] are selected on object 'Object Repository/BackOfficePaperBase/EncoderPaperbaseLoanInformation/PaymentFrequency'

24-06-2024T14:37:05 - [MESSAGE][PASSED] - All options with index in [2] are selected on object 'Object Repository/BackOfficePaperBase/EncoderPaperbaseLoanInformation/Mode_Of_Payment'

24-06-2024T14:37:06 - [MESSAGE][PASSED] - Delayed 1 second(s)

24-06-2024T14:37:07 - [MESSAGE][PASSED] - Delayed 1 second(s)

24-06-2024T14:37:08 - [MESSAGE][PASSED] - Delayed 1 second(s)

24-06-2024T14:37:08 - [MESSAGE][PASSED] - Taking screenshot successfully
[[ATTACHMENT|D:\\newRCBCProject\\RCBCLOS_Automation\\Reports\\20240624_143107\\PaperbaseFlows\\PaperbaseWithAndWithout\\EncoderForWith\\20240624_143111\\Screenshots/Encoder24_06_2402_34_11/Regression24_06_24_02_37_07.jpg]]

24-06-2024T14:37:08 - [MESSAGE][PASSED] - tabSection.LoanInformation.loanInfoForEncoderPaperBased is PASSED

24-06-2024T14:37:10 - [TEST_STEP][PASSED] - Video: Video recording for test case 'Test Cases/Paper_STPWithAndWithoutAPI/Encoder/LoanInformationWithAPI' .

24-06-2024T14:37:10 - [MESSAGE][INFO] - Video recording for test case 'Test Cases/Paper_STPWithAndWithoutAPI/Encoder/LoanInformationWithAPI' .]]></system-out>
         <system-err><![CDATA[]]></system-err>
      </testcase>
      <testcase name="Test Cases/Paper_STPWithAndWithoutAPI/Encoder/DocumentChecklist" time="7.67" classname="Test Cases/Paper_STPWithAndWithoutAPI/Encoder/DocumentChecklist" status="PASSED">
         <system-out><![CDATA[24-06-2024T14:37:10 - [TEST_CASE][PASSED] - Test Cases/Paper_STPWithAndWithoutAPI/Encoder/DocumentChecklist: Test Cases/Paper_STPWithAndWithoutAPI/Encoder/DocumentChecklist

24-06-2024T14:37:10 - [TEST_STEP][PASSED] - tabSection.DocumentCheckList.documentCheckListForEncoderPaperBased(): tabSection.DocumentCheckList.documentCheckListForEncoderPaperBased is PASSED

24-06-2024T14:37:12 - [MESSAGE][PASSED] - Object: 'Object Repository/TabSection/DocumentCheclist' is clicked on

24-06-2024T14:37:13 - [MESSAGE][PASSED] - Delayed 1 second(s)

24-06-2024T14:37:14 - [MESSAGE][PASSED] - Delayed 1 second(s)

24-06-2024T14:37:15 - [MESSAGE][PASSED] - Delayed 1 second(s)

24-06-2024T14:37:16 - [MESSAGE][PASSED] - Taking screenshot successfully
[[ATTACHMENT|D:\\newRCBCProject\\RCBCLOS_Automation\\Reports\\20240624_143107\\PaperbaseFlows\\PaperbaseWithAndWithout\\EncoderForWith\\20240624_143111\\Screenshots/Encoder24_06_2402_34_11/Regression24_06_24_02_37_14.jpg]]

24-06-2024T14:37:16 - [MESSAGE][PASSED] - tabSection.DocumentCheckList.documentCheckListForEncoderPaperBased is PASSED

24-06-2024T14:37:18 - [TEST_STEP][PASSED] - Video: Video recording for test case 'Test Cases/Paper_STPWithAndWithoutAPI/Encoder/DocumentChecklist' .

24-06-2024T14:37:18 - [MESSAGE][INFO] - Video recording for test case 'Test Cases/Paper_STPWithAndWithoutAPI/Encoder/DocumentChecklist' .]]></system-out>
         <system-err><![CDATA[]]></system-err>
      </testcase>
      <testcase name="Test Cases/Paper_STPWithAndWithoutAPI/Encoder/CheckEligibility" time="183.619" classname="Test Cases/Paper_STPWithAndWithoutAPI/Encoder/CheckEligibility" status="FAILED">
         <failure type="FAILED" message="Test Cases/Paper_STPWithAndWithoutAPI/Encoder/CheckEligibility FAILED.&#xa;Reason:&#xa;com.kms.katalon.core.exception.StepFailedException: Unable to click on object 'Object Repository/BackOfficePaperBase/EncoderPaperbaseCheckEligibility/crossButtonTemp' (Root cause: com.kms.katalon.core.exception.StepFailedException: Unable to click on object 'Object Repository/BackOfficePaperBase/EncoderPaperbaseCheckEligibility/crossButtonTemp'&#xa;	at com.kms.katalon.core.webui.keyword.internal.WebUIKeywordMain.stepFailed(WebUIKeywordMain.groovy:64)&#xa;	at com.kms.katalon.core.webui.keyword.internal.WebUIKeywordMain.runKeyword(WebUIKeywordMain.groovy:26)&#xa;	at com.kms.katalon.core.webui.keyword.builtin.ClickKeyword.click(ClickKeyword.groovy:74)&#xa;	at com.kms.katalon.core.webui.keyword.builtin.ClickKeyword.execute(ClickKeyword.groovy:40)&#xa;	at com.kms.katalon.core.keyword.internal.KeywordExecutor.executeKeywordForPlatform(KeywordExecutor.groovy:74)&#xa;	at com.kms.katalon.core.webui.keyword.WebUiBuiltInKeywords.click(WebUiBuiltInKeywords.groovy:659)&#xa;	at tabSection.CheckEligibility.checkEligibilityForPaperBased(CheckEligibility.groovy:277)&#xa;	at java.base/jdk.internal.reflect.NativeMethodAccessorImpl.invoke0(Native Method)&#xa;	at java.base/jdk.internal.reflect.NativeMethodAccessorImpl.invoke(NativeMethodAccessorImpl.java:77)&#xa;	at java.base/jdk.internal.reflect.DelegatingMethodAccessorImpl.invoke(DelegatingMethodAccessorImpl.java:43)&#xa;	at tabSection.CheckEligibility.checkEligibilityForEncoderPaperBased(CheckEligibility.groovy:426)&#xa;	at java.base/jdk.internal.reflect.NativeMethodAccessorImpl.invoke0(Native Method)&#xa;	at java.base/jdk.internal.reflect.NativeMethodAccessorImpl.invoke(NativeMethodAccessorImpl.java:77)&#xa;	at java.base/jdk.internal.reflect.DelegatingMethodAccessorImpl.invoke(DelegatingMethodAccessorImpl.java:43)&#xa;	at com.kms.katalon.core.main.CustomKeywordDelegatingMetaClass.invokeStaticMethod(CustomKeywordDelegatingMetaClass.java:55)&#xa;	at CheckEligibility.run(CheckEligibility:20)&#xa;	at com.kms.katalon.core.main.ScriptEngine.run(ScriptEngine.java:194)&#xa;	at com.kms.katalon.core.main.ScriptEngine.runScriptAsRawText(ScriptEngine.java:119)&#xa;	at com.kms.katalon.core.main.TestCaseExecutor.runScript(TestCaseExecutor.java:448)&#xa;	at com.kms.katalon.core.main.TestCaseExecutor.doExecute(TestCaseExecutor.java:439)&#xa;	at com.kms.katalon.core.main.TestCaseExecutor.processExecutionPhase(TestCaseExecutor.java:418)&#xa;	at com.kms.katalon.core.main.TestCaseExecutor.accessMainPhase(TestCaseExecutor.java:410)&#xa;	at com.kms.katalon.core.main.TestCaseExecutor.execute(TestCaseExecutor.java:285)&#xa;	at com.kms.katalon.core.common.CommonExecutor.accessTestCaseMainPhase(CommonExecutor.java:65)&#xa;	at com.kms.katalon.core.main.TestSuiteExecutor.accessTestSuiteMainPhase(TestSuiteExecutor.java:150)&#xa;	at com.kms.katalon.core.main.TestSuiteExecutor.execute(TestSuiteExecutor.java:106)&#xa;	at com.kms.katalon.core.main.TestCaseMain.startTestSuite(TestCaseMain.java:180)&#xa;	at TempTestSuite1719219671757.run(TempTestSuite1719219671757.groovy:35)&#xa;	at java.base/jdk.internal.reflect.NativeMethodAccessorImpl.invoke0(Native Method)&#xa;	at java.base/jdk.internal.reflect.NativeMethodAccessorImpl.invoke(NativeMethodAccessorImpl.java:77)&#xa;	at java.base/jdk.internal.reflect.DelegatingMethodAccessorImpl.invoke(DelegatingMethodAccessorImpl.java:43)&#xa;Caused by: com.kms.katalon.core.webui.exception.WebElementNotFoundException: Web element with id: 'Object Repository/BackOfficePaperBase/EncoderPaperbaseCheckEligibility/crossButtonTemp' located by '//button[text()=&quot;Ã—&quot;]' not found&#xa;	at com.kms.katalon.core.webui.common.WebUiCommonHelper.findWebElement(WebUiCommonHelper.java:1426)&#xa;	at com.kms.katalon.core.webui.keyword.internal.WebUIAbstractKeyword.findWebElement(WebUIAbstractKeyword.groovy:27)&#xa;	at com.kms.katalon.core.webui.keyword.builtin.ClickKeyword$_click_closure1.doCall(ClickKeyword.groovy:65)&#xa;	at com.kms.katalon.core.webui.keyword.builtin.ClickKeyword$_click_closure1.call(ClickKeyword.groovy)&#xa;	at com.kms.katalon.core.webui.keyword.internal.WebUIKeywordMain.runKeyword(WebUIKeywordMain.groovy:20)&#xa;	at com.kms.katalon.core.webui.keyword.builtin.ClickKeyword.click(ClickKeyword.groovy:74)&#xa;	at com.kms.katalon.core.webui.keyword.builtin.ClickKeyword.execute(ClickKeyword.groovy:40)&#xa;	at com.kms.katalon.core.keyword.internal.KeywordExecutor.executeKeywordForPlatform(KeywordExecutor.groovy:74)&#xa;	at com.kms.katalon.core.webui.keyword.WebUiBuiltInKeywords.click(WebUiBuiltInKeywords.groovy:659)&#xa;	at tabSection.CheckEligibility.checkEligibilityForPaperBased(CheckEligibility.groovy:277)&#xa;	at java.base/jdk.internal.reflect.NativeMethodAccessorImpl.invoke0(Native Method)&#xa;	at java.base/jdk.internal.reflect.NativeMethodAccessorImpl.invoke(NativeMethodAccessorImpl.java:77)&#xa;	at java.base/jdk.internal.reflect.DelegatingMethodAccessorImpl.invoke(DelegatingMethodAccessorImpl.java:43)&#xa;	at tabSection.CheckEligibility.checkEligibilityForEncoderPaperBased(CheckEligibility.groovy:426)&#xa;	at java.base/jdk.internal.reflect.NativeMethodAccessorImpl.invoke0(Native Method)&#xa;	at java.base/jdk.internal.reflect.NativeMethodAccessorImpl.invoke(NativeMethodAccessorImpl.java:77)&#xa;	at java.base/jdk.internal.reflect.DelegatingMethodAccessorImpl.invoke(DelegatingMethodAccessorImpl.java:43)&#xa;	at com.kms.katalon.core.main.CustomKeywordDelegatingMetaClass.invokeStaticMethod(CustomKeywordDelegatingMetaClass.java:55)&#xa;	at Script1716354281890.run(Script1716354281890.groovy:20)&#xa;	... 15 more&#xa;)&#xa;	at com.kms.katalon.core.keyword.internal.KeywordMain.stepFailed(KeywordMain.groovy:39)&#xa;	at com.kms.katalon.core.webui.keyword.internal.WebUIKeywordMain.stepFailed(WebUIKeywordMain.groovy:64)&#xa;	at com.kms.katalon.core.webui.keyword.internal.WebUIKeywordMain.runKeyword(WebUIKeywordMain.groovy:26)&#xa;	at com.kms.katalon.core.webui.keyword.builtin.ClickKeyword.click(ClickKeyword.groovy:74)&#xa;	at com.kms.katalon.core.webui.keyword.builtin.ClickKeyword.execute(ClickKeyword.groovy:40)&#xa;	at com.kms.katalon.core.keyword.internal.KeywordExecutor.executeKeywordForPlatform(KeywordExecutor.groovy:74)&#xa;	at com.kms.katalon.core.webui.keyword.WebUiBuiltInKeywords.click(WebUiBuiltInKeywords.groovy:659)&#xa;	at tabSection.CheckEligibility.checkEligibilityForPaperBased(CheckEligibility.groovy:277)&#xa;	at java.base/jdk.internal.reflect.NativeMethodAccessorImpl.invoke0(Native Method)&#xa;	at java.base/jdk.internal.reflect.NativeMethodAccessorImpl.invoke(NativeMethodAccessorImpl.java:77)&#xa;	at java.base/jdk.internal.reflect.DelegatingMethodAccessorImpl.invoke(DelegatingMethodAccessorImpl.java:43)&#xa;	at tabSection.CheckEligibility.checkEligibilityForEncoderPaperBased(CheckEligibility.groovy:426)&#xa;	at java.base/jdk.internal.reflect.NativeMethodAccessorImpl.invoke0(Native Method)&#xa;	at java.base/jdk.internal.reflect.NativeMethodAccessorImpl.invoke(NativeMethodAccessorImpl.java:77)&#xa;	at java.base/jdk.internal.reflect.DelegatingMethodAccessorImpl.invoke(DelegatingMethodAccessorImpl.java:43)&#xa;	at com.kms.katalon.core.main.CustomKeywordDelegatingMetaClass.invokeStaticMethod(CustomKeywordDelegatingMetaClass.java:55)&#xa;	at CheckEligibility.run(CheckEligibility:20)&#xa;	at com.kms.katalon.core.main.ScriptEngine.run(ScriptEngine.java:194)&#xa;	at com.kms.katalon.core.main.ScriptEngine.runScriptAsRawText(ScriptEngine.java:119)&#xa;	at com.kms.katalon.core.main.TestCaseExecutor.runScript(TestCaseExecutor.java:448)&#xa;	at com.kms.katalon.core.main.TestCaseExecutor.doExecute(TestCaseExecutor.java:439)&#xa;	at com.kms.katalon.core.main.TestCaseExecutor.processExecutionPhase(TestCaseExecutor.java:418)&#xa;	at com.kms.katalon.core.main.TestCaseExecutor.accessMainPhase(TestCaseExecutor.java:410)&#xa;	at com.kms.katalon.core.main.TestCaseExecutor.execute(TestCaseExecutor.java:285)&#xa;	at com.kms.katalon.core.common.CommonExecutor.accessTestCaseMainPhase(CommonExecutor.java:65)&#xa;	at com.kms.katalon.core.main.TestSuiteExecutor.accessTestSuiteMainPhase(TestSuiteExecutor.java:150)&#xa;	at com.kms.katalon.core.main.TestSuiteExecutor.execute(TestSuiteExecutor.java:106)&#xa;	at com.kms.katalon.core.main.TestCaseMain.startTestSuite(TestCaseMain.java:180)&#xa;	at TempTestSuite1719219671757.run(TempTestSuite1719219671757.groovy:35)&#xa;	at java.base/jdk.internal.reflect.NativeMethodAccessorImpl.invoke0(Native Method)&#xa;	at java.base/jdk.internal.reflect.NativeMethodAccessorImpl.invoke(NativeMethodAccessorImpl.java:77)&#xa;	at java.base/jdk.internal.reflect.DelegatingMethodAccessorImpl.invoke(DelegatingMethodAccessorImpl.java:43)&#xa;Caused by: com.kms.katalon.core.exception.StepFailedException: Unable to click on object 'Object Repository/BackOfficePaperBase/EncoderPaperbaseCheckEligibility/crossButtonTemp'&#xa;	... 31 more&#xa;Caused by: com.kms.katalon.core.webui.exception.WebElementNotFoundException: Web element with id: 'Object Repository/BackOfficePaperBase/EncoderPaperbaseCheckEligibility/crossButtonTemp' located by '//button[text()=&quot;Ã—&quot;]' not found&#xa;	at com.kms.katalon.core.webui.common.WebUiCommonHelper.findWebElement(WebUiCommonHelper.java:1426)&#xa;	at com.kms.katalon.core.webui.keyword.internal.WebUIAbstractKeyword.findWebElement(WebUIAbstractKeyword.groovy:27)&#xa;	at com.kms.katalon.core.webui.keyword.builtin.ClickKeyword$_click_closure1.doCall(ClickKeyword.groovy:65)&#xa;	at com.kms.katalon.core.webui.keyword.builtin.ClickKeyword$_click_closure1.call(ClickKeyword.groovy)&#xa;	at com.kms.katalon.core.webui.keyword.internal.WebUIKeywordMain.runKeyword(WebUIKeywordMain.groovy:20)&#xa;	... 29 more&#xa;"/>
         <system-out><![CDATA[24-06-2024T14:37:18 - [TEST_CASE][FAILED] - Test Cases/Paper_STPWithAndWithoutAPI/Encoder/CheckEligibility: Test Cases/Paper_STPWithAndWithoutAPI/Encoder/CheckEligibility FAILED.
Reason:
com.kms.katalon.core.exception.StepFailedException: Unable to click on object 'Object Repository/BackOfficePaperBase/EncoderPaperbaseCheckEligibility/crossButtonTemp' (Root cause: com.kms.katalon.core.exception.StepFailedException: Unable to click on object 'Object Repository/BackOfficePaperBase/EncoderPaperbaseCheckEligibility/crossButtonTemp'
	at com.kms.katalon.core.webui.keyword.internal.WebUIKeywordMain.stepFailed(WebUIKeywordMain.groovy:64)
	at com.kms.katalon.core.webui.keyword.internal.WebUIKeywordMain.runKeyword(WebUIKeywordMain.groovy:26)
	at com.kms.katalon.core.webui.keyword.builtin.ClickKeyword.click(ClickKeyword.groovy:74)
	at com.kms.katalon.core.webui.keyword.builtin.ClickKeyword.execute(ClickKeyword.groovy:40)
	at com.kms.katalon.core.keyword.internal.KeywordExecutor.executeKeywordForPlatform(KeywordExecutor.groovy:74)
	at com.kms.katalon.core.webui.keyword.WebUiBuiltInKeywords.click(WebUiBuiltInKeywords.groovy:659)
	at tabSection.CheckEligibility.checkEligibilityForPaperBased(CheckEligibility.groovy:277)
	at java.base/jdk.internal.reflect.NativeMethodAccessorImpl.invoke0(Native Method)
	at java.base/jdk.internal.reflect.NativeMethodAccessorImpl.invoke(NativeMethodAccessorImpl.java:77)
	at java.base/jdk.internal.reflect.DelegatingMethodAccessorImpl.invoke(DelegatingMethodAccessorImpl.java:43)
	at tabSection.CheckEligibility.checkEligibilityForEncoderPaperBased(CheckEligibility.groovy:426)
	at java.base/jdk.internal.reflect.NativeMethodAccessorImpl.invoke0(Native Method)
	at java.base/jdk.internal.reflect.NativeMethodAccessorImpl.invoke(NativeMethodAccessorImpl.java:77)
	at java.base/jdk.internal.reflect.DelegatingMethodAccessorImpl.invoke(DelegatingMethodAccessorImpl.java:43)
	at com.kms.katalon.core.main.CustomKeywordDelegatingMetaClass.invokeStaticMethod(CustomKeywordDelegatingMetaClass.java:55)
	at CheckEligibility.run(CheckEligibility:20)
	at com.kms.katalon.core.main.ScriptEngine.run(ScriptEngine.java:194)
	at com.kms.katalon.core.main.ScriptEngine.runScriptAsRawText(ScriptEngine.java:119)
	at com.kms.katalon.core.main.TestCaseExecutor.runScript(TestCaseExecutor.java:448)
	at com.kms.katalon.core.main.TestCaseExecutor.doExecute(TestCaseExecutor.java:439)
	at com.kms.katalon.core.main.TestCaseExecutor.processExecutionPhase(TestCaseExecutor.java:418)
	at com.kms.katalon.core.main.TestCaseExecutor.accessMainPhase(TestCaseExecutor.java:410)
	at com.kms.katalon.core.main.TestCaseExecutor.execute(TestCaseExecutor.java:285)
	at com.kms.katalon.core.common.CommonExecutor.accessTestCaseMainPhase(CommonExecutor.java:65)
	at com.kms.katalon.core.main.TestSuiteExecutor.accessTestSuiteMainPhase(TestSuiteExecutor.java:150)
	at com.kms.katalon.core.main.TestSuiteExecutor.execute(TestSuiteExecutor.java:106)
	at com.kms.katalon.core.main.TestCaseMain.startTestSuite(TestCaseMain.java:180)
	at TempTestSuite1719219671757.run(TempTestSuite1719219671757.groovy:35)
	at java.base/jdk.internal.reflect.NativeMethodAccessorImpl.invoke0(Native Method)
	at java.base/jdk.internal.reflect.NativeMethodAccessorImpl.invoke(NativeMethodAccessorImpl.java:77)
	at java.base/jdk.internal.reflect.DelegatingMethodAccessorImpl.invoke(DelegatingMethodAccessorImpl.java:43)
Caused by: com.kms.katalon.core.webui.exception.WebElementNotFoundException: Web element with id: 'Object Repository/BackOfficePaperBase/EncoderPaperbaseCheckEligibility/crossButtonTemp' located by '//button[text()="Ã—"]' not found
	at com.kms.katalon.core.webui.common.WebUiCommonHelper.findWebElement(WebUiCommonHelper.java:1426)
	at com.kms.katalon.core.webui.keyword.internal.WebUIAbstractKeyword.findWebElement(WebUIAbstractKeyword.groovy:27)
	at com.kms.katalon.core.webui.keyword.builtin.ClickKeyword$_click_closure1.doCall(ClickKeyword.groovy:65)
	at com.kms.katalon.core.webui.keyword.builtin.ClickKeyword$_click_closure1.call(ClickKeyword.groovy)
	at com.kms.katalon.core.webui.keyword.internal.WebUIKeywordMain.runKeyword(WebUIKeywordMain.groovy:20)
	at com.kms.katalon.core.webui.keyword.builtin.ClickKeyword.click(ClickKeyword.groovy:74)
	at com.kms.katalon.core.webui.keyword.builtin.ClickKeyword.execute(ClickKeyword.groovy:40)
	at com.kms.katalon.core.keyword.internal.KeywordExecutor.executeKeywordForPlatform(KeywordExecutor.groovy:74)
	at com.kms.katalon.core.webui.keyword.WebUiBuiltInKeywords.click(WebUiBuiltInKeywords.groovy:659)
	at tabSection.CheckEligibility.checkEligibilityForPaperBased(CheckEligibility.groovy:277)
	at java.base/jdk.internal.reflect.NativeMethodAccessorImpl.invoke0(Native Method)
	at java.base/jdk.internal.reflect.NativeMethodAccessorImpl.invoke(NativeMethodAccessorImpl.java:77)
	at java.base/jdk.internal.reflect.DelegatingMethodAccessorImpl.invoke(DelegatingMethodAccessorImpl.java:43)
	at tabSection.CheckEligibility.checkEligibilityForEncoderPaperBased(CheckEligibility.groovy:426)
	at java.base/jdk.internal.reflect.NativeMethodAccessorImpl.invoke0(Native Method)
	at java.base/jdk.internal.reflect.NativeMethodAccessorImpl.invoke(NativeMethodAccessorImpl.java:77)
	at java.base/jdk.internal.reflect.DelegatingMethodAccessorImpl.invoke(DelegatingMethodAccessorImpl.java:43)
	at com.kms.katalon.core.main.CustomKeywordDelegatingMetaClass.invokeStaticMethod(CustomKeywordDelegatingMetaClass.java:55)
	at Script1716354281890.run(Script1716354281890.groovy:20)
	... 15 more
)
	at com.kms.katalon.core.keyword.internal.KeywordMain.stepFailed(KeywordMain.groovy:39)
	at com.kms.katalon.core.webui.keyword.internal.WebUIKeywordMain.stepFailed(WebUIKeywordMain.groovy:64)
	at com.kms.katalon.core.webui.keyword.internal.WebUIKeywordMain.runKeyword(WebUIKeywordMain.groovy:26)
	at com.kms.katalon.core.webui.keyword.builtin.ClickKeyword.click(ClickKeyword.groovy:74)
	at com.kms.katalon.core.webui.keyword.builtin.ClickKeyword.execute(ClickKeyword.groovy:40)
	at com.kms.katalon.core.keyword.internal.KeywordExecutor.executeKeywordForPlatform(KeywordExecutor.groovy:74)
	at com.kms.katalon.core.webui.keyword.WebUiBuiltInKeywords.click(WebUiBuiltInKeywords.groovy:659)
	at tabSection.CheckEligibility.checkEligibilityForPaperBased(CheckEligibility.groovy:277)
	at java.base/jdk.internal.reflect.NativeMethodAccessorImpl.invoke0(Native Method)
	at java.base/jdk.internal.reflect.NativeMethodAccessorImpl.invoke(NativeMethodAccessorImpl.java:77)
	at java.base/jdk.internal.reflect.DelegatingMethodAccessorImpl.invoke(DelegatingMethodAccessorImpl.java:43)
	at tabSection.CheckEligibility.checkEligibilityForEncoderPaperBased(CheckEligibility.groovy:426)
	at java.base/jdk.internal.reflect.NativeMethodAccessorImpl.invoke0(Native Method)
	at java.base/jdk.internal.reflect.NativeMethodAccessorImpl.invoke(NativeMethodAccessorImpl.java:77)
	at java.base/jdk.internal.reflect.DelegatingMethodAccessorImpl.invoke(DelegatingMethodAccessorImpl.java:43)
	at com.kms.katalon.core.main.CustomKeywordDelegatingMetaClass.invokeStaticMethod(CustomKeywordDelegatingMetaClass.java:55)
	at CheckEligibility.run(CheckEligibility:20)
	at com.kms.katalon.core.main.ScriptEngine.run(ScriptEngine.java:194)
	at com.kms.katalon.core.main.ScriptEngine.runScriptAsRawText(ScriptEngine.java:119)
	at com.kms.katalon.core.main.TestCaseExecutor.runScript(TestCaseExecutor.java:448)
	at com.kms.katalon.core.main.TestCaseExecutor.doExecute(TestCaseExecutor.java:439)
	at com.kms.katalon.core.main.TestCaseExecutor.processExecutionPhase(TestCaseExecutor.java:418)
	at com.kms.katalon.core.main.TestCaseExecutor.accessMainPhase(TestCaseExecutor.java:410)
	at com.kms.katalon.core.main.TestCaseExecutor.execute(TestCaseExecutor.java:285)
	at com.kms.katalon.core.common.CommonExecutor.accessTestCaseMainPhase(CommonExecutor.java:65)
	at com.kms.katalon.core.main.TestSuiteExecutor.accessTestSuiteMainPhase(TestSuiteExecutor.java:150)
	at com.kms.katalon.core.main.TestSuiteExecutor.execute(TestSuiteExecutor.java:106)
	at com.kms.katalon.core.main.TestCaseMain.startTestSuite(TestCaseMain.java:180)
	at TempTestSuite1719219671757.run(TempTestSuite1719219671757.groovy:35)
	at java.base/jdk.internal.reflect.NativeMethodAccessorImpl.invoke0(Native Method)
	at java.base/jdk.internal.reflect.NativeMethodAccessorImpl.invoke(NativeMethodAccessorImpl.java:77)
	at java.base/jdk.internal.reflect.DelegatingMethodAccessorImpl.invoke(DelegatingMethodAccessorImpl.java:43)
Caused by: com.kms.katalon.core.exception.StepFailedException: Unable to click on object 'Object Repository/BackOfficePaperBase/EncoderPaperbaseCheckEligibility/crossButtonTemp'
	... 31 more
Caused by: com.kms.katalon.core.webui.exception.WebElementNotFoundException: Web element with id: 'Object Repository/BackOfficePaperBase/EncoderPaperbaseCheckEligibility/crossButtonTemp' located by '//button[text()="Ã—"]' not found
	at com.kms.katalon.core.webui.common.WebUiCommonHelper.findWebElement(WebUiCommonHelper.java:1426)
	at com.kms.katalon.core.webui.keyword.internal.WebUIAbstractKeyword.findWebElement(WebUIAbstractKeyword.groovy:27)
	at com.kms.katalon.core.webui.keyword.builtin.ClickKeyword$_click_closure1.doCall(ClickKeyword.groovy:65)
	at com.kms.katalon.core.webui.keyword.builtin.ClickKeyword$_click_closure1.call(ClickKeyword.groovy)
	at com.kms.katalon.core.webui.keyword.internal.WebUIKeywordMain.runKeyword(WebUIKeywordMain.groovy:20)
	... 29 more


24-06-2024T14:37:18 - [TEST_STEP][FAILED] - tabSection.CheckEligibility.checkEligibilityForEncoderPaperBased(): com.kms.katalon.core.exception.StepFailedException: Unable to click on object 'Object Repository/BackOfficePaperBase/EncoderPaperbaseCheckEligibility/crossButtonTemp' (Root cause: com.kms.katalon.core.exception.StepFailedException: Unable to click on object 'Object Repository/BackOfficePaperBase/EncoderPaperbaseCheckEligibility/crossButtonTemp'
	at com.kms.katalon.core.webui.keyword.internal.WebUIKeywordMain.stepFailed(WebUIKeywordMain.groovy:64)
	at com.kms.katalon.core.webui.keyword.internal.WebUIKeywordMain.runKeyword(WebUIKeywordMain.groovy:26)
	at com.kms.katalon.core.webui.keyword.builtin.ClickKeyword.click(ClickKeyword.groovy:74)
	at com.kms.katalon.core.webui.keyword.builtin.ClickKeyword.execute(ClickKeyword.groovy:40)
	at com.kms.katalon.core.keyword.internal.KeywordExecutor.executeKeywordForPlatform(KeywordExecutor.groovy:74)
	at com.kms.katalon.core.webui.keyword.WebUiBuiltInKeywords.click(WebUiBuiltInKeywords.groovy:659)
	at tabSection.CheckEligibility.checkEligibilityForPaperBased(CheckEligibility.groovy:277)
	at java.base/jdk.internal.reflect.NativeMethodAccessorImpl.invoke0(Native Method)
	at java.base/jdk.internal.reflect.NativeMethodAccessorImpl.invoke(NativeMethodAccessorImpl.java:77)
	at java.base/jdk.internal.reflect.DelegatingMethodAccessorImpl.invoke(DelegatingMethodAccessorImpl.java:43)
	at tabSection.CheckEligibility.checkEligibilityForEncoderPaperBased(CheckEligibility.groovy:426)
	at java.base/jdk.internal.reflect.NativeMethodAccessorImpl.invoke0(Native Method)
	at java.base/jdk.internal.reflect.NativeMethodAccessorImpl.invoke(NativeMethodAccessorImpl.java:77)
	at java.base/jdk.internal.reflect.DelegatingMethodAccessorImpl.invoke(DelegatingMethodAccessorImpl.java:43)
	at com.kms.katalon.core.main.CustomKeywordDelegatingMetaClass.invokeStaticMethod(CustomKeywordDelegatingMetaClass.java:55)
	at CheckEligibility.run(CheckEligibility:20)
	at com.kms.katalon.core.main.ScriptEngine.run(ScriptEngine.java:194)
	at com.kms.katalon.core.main.ScriptEngine.runScriptAsRawText(ScriptEngine.java:119)
	at com.kms.katalon.core.main.TestCaseExecutor.runScript(TestCaseExecutor.java:448)
	at com.kms.katalon.core.main.TestCaseExecutor.doExecute(TestCaseExecutor.java:439)
	at com.kms.katalon.core.main.TestCaseExecutor.processExecutionPhase(TestCaseExecutor.java:418)
	at com.kms.katalon.core.main.TestCaseExecutor.accessMainPhase(TestCaseExecutor.java:410)
	at com.kms.katalon.core.main.TestCaseExecutor.execute(TestCaseExecutor.java:285)
	at com.kms.katalon.core.common.CommonExecutor.accessTestCaseMainPhase(CommonExecutor.java:65)
	at com.kms.katalon.core.main.TestSuiteExecutor.accessTestSuiteMainPhase(TestSuiteExecutor.java:150)
	at com.kms.katalon.core.main.TestSuiteExecutor.execute(TestSuiteExecutor.java:106)
	at com.kms.katalon.core.main.TestCaseMain.startTestSuite(TestCaseMain.java:180)
	at TempTestSuite1719219671757.run(TempTestSuite1719219671757.groovy:35)
	at java.base/jdk.internal.reflect.NativeMethodAccessorImpl.invoke0(Native Method)
	at java.base/jdk.internal.reflect.NativeMethodAccessorImpl.invoke(NativeMethodAccessorImpl.java:77)
	at java.base/jdk.internal.reflect.DelegatingMethodAccessorImpl.invoke(DelegatingMethodAccessorImpl.java:43)
Caused by: com.kms.katalon.core.webui.exception.WebElementNotFoundException: Web element with id: 'Object Repository/BackOfficePaperBase/EncoderPaperbaseCheckEligibility/crossButtonTemp' located by '//button[text()="Ã—"]' not found
	at com.kms.katalon.core.webui.common.WebUiCommonHelper.findWebElement(WebUiCommonHelper.java:1426)
	at com.kms.katalon.core.webui.keyword.internal.WebUIAbstractKeyword.findWebElement(WebUIAbstractKeyword.groovy:27)
	at com.kms.katalon.core.webui.keyword.builtin.ClickKeyword$_click_closure1.doCall(ClickKeyword.groovy:65)
	at com.kms.katalon.core.webui.keyword.builtin.ClickKeyword$_click_closure1.call(ClickKeyword.groovy)
	at com.kms.katalon.core.webui.keyword.internal.WebUIKeywordMain.runKeyword(WebUIKeywordMain.groovy:20)
	at com.kms.katalon.core.webui.keyword.builtin.ClickKeyword.click(ClickKeyword.groovy:74)
	at com.kms.katalon.core.webui.keyword.builtin.ClickKeyword.execute(ClickKeyword.groovy:40)
	at com.kms.katalon.core.keyword.internal.KeywordExecutor.executeKeywordForPlatform(KeywordExecutor.groovy:74)
	at com.kms.katalon.core.webui.keyword.WebUiBuiltInKeywords.click(WebUiBuiltInKeywords.groovy:659)
	at tabSection.CheckEligibility.checkEligibilityForPaperBased(CheckEligibility.groovy:277)
	at java.base/jdk.internal.reflect.NativeMethodAccessorImpl.invoke0(Native Method)
	at java.base/jdk.internal.reflect.NativeMethodAccessorImpl.invoke(NativeMethodAccessorImpl.java:77)
	at java.base/jdk.internal.reflect.DelegatingMethodAccessorImpl.invoke(DelegatingMethodAccessorImpl.java:43)
	at tabSection.CheckEligibility.checkEligibilityForEncoderPaperBased(CheckEligibility.groovy:426)
	at java.base/jdk.internal.reflect.NativeMethodAccessorImpl.invoke0(Native Method)
	at java.base/jdk.internal.reflect.NativeMethodAccessorImpl.invoke(NativeMethodAccessorImpl.java:77)
	at java.base/jdk.internal.reflect.DelegatingMethodAccessorImpl.invoke(DelegatingMethodAccessorImpl.java:43)
	at com.kms.katalon.core.main.CustomKeywordDelegatingMetaClass.invokeStaticMethod(CustomKeywordDelegatingMetaClass.java:55)
	at Script1716354281890.run(Script1716354281890.groovy:20)
	... 15 more
)

24-06-2024T14:37:18 - [MESSAGE][PASSED] - Object: 'Object Repository/TabSection/checkEligibility' is clicked on

24-06-2024T14:37:19 - [MESSAGE][PASSED] - Object: 'Object Repository/BackOfficePaperBase/EncoderPaperbaseCheckEligibility/DuplicateApplicationPrincipal' is clicked on

24-06-2024T14:37:20 - [MESSAGE][PASSED] - Delayed 1 second(s)

24-06-2024T14:37:21 - [MESSAGE][PASSED] - Object: 'Object Repository/BackOfficePaperBase/EncoderPaperbaseCheckEligibility/DuplicateApplicationCheckEligibility' is clicked on

24-06-2024T14:37:22 - [MESSAGE][PASSED] - Delayed 1 second(s)

24-06-2024T14:37:23 - [MESSAGE][PASSED] - Delayed 1 second(s)

24-06-2024T14:37:24 - [MESSAGE][PASSED] - Delayed 1 second(s)

24-06-2024T14:37:25 - [MESSAGE][PASSED] - Taking screenshot successfully
[[ATTACHMENT|D:\\newRCBCProject\\RCBCLOS_Automation\\Reports\\20240624_143107\\PaperbaseFlows\\PaperbaseWithAndWithout\\EncoderForWith\\20240624_143111\\Screenshots/Encoder24_06_2402_34_11/Regression24_06_24_02_37_23.jpg]]

24-06-2024T14:37:26 - [MESSAGE][PASSED] - Delayed 1 second(s)

24-06-2024T14:37:26 - [MESSAGE][PASSED] - Object: 'Object Repository/BackOfficePaperBase/EncoderPaperbaseCheckEligibility/DuplicateApplicationOK' is clicked on

24-06-2024T14:37:27 - [MESSAGE][PASSED] - Delayed 1 second(s)

24-06-2024T14:37:28 - [MESSAGE][PASSED] - Object: 'Object Repository/BackOfficePaperBase/EncoderPaperbaseCheckEligibility/DuplicateApplicationSaveChanges' is clicked on

24-06-2024T14:37:29 - [MESSAGE][PASSED] - Delayed 1 second(s)

24-06-2024T14:37:30 - [MESSAGE][PASSED] - Delayed 1 second(s)

24-06-2024T14:37:31 - [MESSAGE][PASSED] - Delayed 1 second(s)

24-06-2024T14:37:32 - [MESSAGE][PASSED] - Taking screenshot successfully
[[ATTACHMENT|D:\\newRCBCProject\\RCBCLOS_Automation\\Reports\\20240624_143107\\PaperbaseFlows\\PaperbaseWithAndWithout\\EncoderForWith\\20240624_143111\\Screenshots/Encoder24_06_2402_34_11/Regression24_06_24_02_37_30.jpg]]

24-06-2024T14:37:32 - [MESSAGE][PASSED] - Object: 'Object Repository/BackOfficePaperBase/EncoderPaperbaseCheckEligibility/RPTCheckPrincipal' is clicked on

24-06-2024T14:37:33 - [MESSAGE][PASSED] - Delayed 1 second(s)

24-06-2024T14:37:34 - [MESSAGE][PASSED] - Object: 'Object Repository/BackOfficePaperBase/EncoderPaperbaseCheckEligibility/RPTCheckCheckEligibility' is clicked on

24-06-2024T14:37:35 - [MESSAGE][PASSED] - Delayed 1 second(s)

24-06-2024T14:37:36 - [MESSAGE][PASSED] - Delayed 1 second(s)

24-06-2024T14:37:37 - [MESSAGE][PASSED] - Delayed 1 second(s)

24-06-2024T14:37:38 - [MESSAGE][PASSED] - Taking screenshot successfully
[[ATTACHMENT|D:\\newRCBCProject\\RCBCLOS_Automation\\Reports\\20240624_143107\\PaperbaseFlows\\PaperbaseWithAndWithout\\EncoderForWith\\20240624_143111\\Screenshots/Encoder24_06_2402_34_11/Regression24_06_24_02_37_36.jpg]]

24-06-2024T14:37:39 - [MESSAGE][PASSED] - Delayed 1 second(s)

24-06-2024T14:37:39 - [MESSAGE][PASSED] - Object: 'Object Repository/BackOfficePaperBase/EncoderPaperbaseCheckEligibility/RPTCheckOK' is clicked on

24-06-2024T14:37:40 - [MESSAGE][PASSED] - Delayed 1 second(s)

24-06-2024T14:37:42 - [MESSAGE][PASSED] - Object: 'Object Repository/BackOfficePaperBase/EncoderPaperbaseCheckEligibility/RPTSaveChanges' is clicked on

24-06-2024T14:37:43 - [MESSAGE][PASSED] - Delayed 1 second(s)

24-06-2024T14:37:44 - [MESSAGE][PASSED] - Delayed 1 second(s)

24-06-2024T14:37:45 - [MESSAGE][PASSED] - Delayed 1 second(s)

24-06-2024T14:37:45 - [MESSAGE][PASSED] - Taking screenshot successfully
[[ATTACHMENT|D:\\newRCBCProject\\RCBCLOS_Automation\\Reports\\20240624_143107\\PaperbaseFlows\\PaperbaseWithAndWithout\\EncoderForWith\\20240624_143111\\Screenshots/Encoder24_06_2402_34_11/Regression24_06_24_02_37_44.jpg]]

24-06-2024T14:37:45 - [MESSAGE][PASSED] - Object: 'Object Repository/BackOfficePaperBase/EncoderPaperbaseCheckEligibility/DOSRICheckPrincipal' is clicked on

24-06-2024T14:37:46 - [MESSAGE][PASSED] - Delayed 1 second(s)

24-06-2024T14:37:48 - [MESSAGE][PASSED] - Object: 'Object Repository/BackOfficePaperBase/EncoderPaperbaseCheckEligibility/DOSRICheckCheckEligibility' is clicked on

24-06-2024T14:37:49 - [MESSAGE][PASSED] - Delayed 1 second(s)

24-06-2024T14:37:50 - [MESSAGE][PASSED] - Delayed 1 second(s)

24-06-2024T14:37:51 - [MESSAGE][PASSED] - Delayed 1 second(s)

24-06-2024T14:37:51 - [MESSAGE][PASSED] - Taking screenshot successfully
[[ATTACHMENT|D:\\newRCBCProject\\RCBCLOS_Automation\\Reports\\20240624_143107\\PaperbaseFlows\\PaperbaseWithAndWithout\\EncoderForWith\\20240624_143111\\Screenshots/Encoder24_06_2402_34_11/Regression24_06_24_02_37_50.jpg]]

24-06-2024T14:37:52 - [MESSAGE][PASSED] - Delayed 1 second(s)

24-06-2024T14:37:52 - [MESSAGE][PASSED] - Object: 'Object Repository/BackOfficePaperBase/EncoderPaperbaseCheckEligibility/DOSRICheckOK' is clicked on

24-06-2024T14:37:54 - [MESSAGE][PASSED] - Delayed 1 second(s)

24-06-2024T14:37:55 - [MESSAGE][PASSED] - Object: 'Object Repository/BackOfficePaperBase/EncoderPaperbaseCheckEligibility/DOSRICheckSaveChanges' is clicked on

24-06-2024T14:37:56 - [MESSAGE][PASSED] - Delayed 1 second(s)

24-06-2024T14:37:57 - [MESSAGE][PASSED] - Delayed 1 second(s)

24-06-2024T14:37:58 - [MESSAGE][PASSED] - Delayed 1 second(s)

24-06-2024T14:37:58 - [MESSAGE][PASSED] - Taking screenshot successfully
[[ATTACHMENT|D:\\newRCBCProject\\RCBCLOS_Automation\\Reports\\20240624_143107\\PaperbaseFlows\\PaperbaseWithAndWithout\\EncoderForWith\\20240624_143111\\Screenshots/Encoder24_06_2402_34_11/Regression24_06_24_02_37_57.jpg]]

24-06-2024T14:37:59 - [MESSAGE][PASSED] - Object: 'Object Repository/BackOfficePaperBase/EncoderPaperbaseCheckEligibility/NegativeFileCheckPrincipal' is clicked on

24-06-2024T14:38:00 - [MESSAGE][PASSED] - Delayed 1 second(s)

24-06-2024T14:38:01 - [MESSAGE][PASSED] - Object: 'Object Repository/BackOfficePaperBase/EncoderPaperbaseCheckEligibility/NegativeFileCheckCheckEligibility' is clicked on

24-06-2024T14:38:02 - [MESSAGE][PASSED] - Delayed 1 second(s)

24-06-2024T14:38:03 - [MESSAGE][PASSED] - Delayed 1 second(s)

24-06-2024T14:38:04 - [MESSAGE][PASSED] - Delayed 1 second(s)

24-06-2024T14:38:05 - [MESSAGE][PASSED] - Taking screenshot successfully
[[ATTACHMENT|D:\\newRCBCProject\\RCBCLOS_Automation\\Reports\\20240624_143107\\PaperbaseFlows\\PaperbaseWithAndWithout\\EncoderForWith\\20240624_143111\\Screenshots/Encoder24_06_2402_34_11/Regression24_06_24_02_38_03.jpg]]

24-06-2024T14:38:06 - [MESSAGE][PASSED] - Delayed 1 second(s)

24-06-2024T14:38:06 - [MESSAGE][PASSED] - Object: 'Object Repository/BackOfficePaperBase/EncoderPaperbaseCheckEligibility/NegativeFileCheckOK' is clicked on

24-06-2024T14:38:07 - [MESSAGE][PASSED] - Delayed 1 second(s)

24-06-2024T14:38:09 - [MESSAGE][PASSED] - Object: 'Object Repository/BackOfficePaperBase/EncoderPaperbaseCheckEligibility/NegativeFileCheckSaveChanges' is clicked on

24-06-2024T14:38:10 - [MESSAGE][PASSED] - Delayed 1 second(s)

24-06-2024T14:38:11 - [MESSAGE][PASSED] - Delayed 1 second(s)

24-06-2024T14:38:12 - [MESSAGE][PASSED] - Delayed 1 second(s)

24-06-2024T14:38:12 - [MESSAGE][PASSED] - Taking screenshot successfully
[[ATTACHMENT|D:\\newRCBCProject\\RCBCLOS_Automation\\Reports\\20240624_143107\\PaperbaseFlows\\PaperbaseWithAndWithout\\EncoderForWith\\20240624_143111\\Screenshots/Encoder24_06_2402_34_11/Regression24_06_24_02_38_11.jpg]]

24-06-2024T14:38:13 - [MESSAGE][PASSED] - Delayed 1 second(s)

24-06-2024T14:38:13 - [MESSAGE][PASSED] - Object: 'Object Repository/BackOfficePaperBase/EncoderPaperbaseCheckEligibility/NTBOrETBCheckPrincipal' is clicked on

24-06-2024T14:38:14 - [MESSAGE][PASSED] - Delayed 1 second(s)

24-06-2024T14:38:18 - [MESSAGE][PASSED] - Object: 'Object Repository/BackOfficePaperBase/EncoderPaperbaseCheckEligibility/NTBOrETBCheckCheckEligibility' is clicked on

24-06-2024T14:38:19 - [MESSAGE][PASSED] - Delayed 1 second(s)

24-06-2024T14:38:20 - [MESSAGE][PASSED] - Delayed 1 second(s)

24-06-2024T14:38:21 - [MESSAGE][PASSED] - Delayed 1 second(s)

24-06-2024T14:38:22 - [MESSAGE][PASSED] - Taking screenshot successfully
[[ATTACHMENT|D:\\newRCBCProject\\RCBCLOS_Automation\\Reports\\20240624_143107\\PaperbaseFlows\\PaperbaseWithAndWithout\\EncoderForWith\\20240624_143111\\Screenshots/Encoder24_06_2402_34_11/Regression24_06_24_02_38_20.jpg]]

24-06-2024T14:38:23 - [MESSAGE][PASSED] - Delayed 1 second(s)

24-06-2024T14:38:23 - [MESSAGE][PASSED] - Object: 'Object Repository/BackOfficePaperBase/EncoderPaperbaseCheckEligibility/NTBOrETBCheckOK' is clicked on

24-06-2024T14:38:24 - [MESSAGE][PASSED] - Delayed 1 second(s)

24-06-2024T14:38:25 - [MESSAGE][PASSED] - Object: 'Object Repository/BackOfficePaperBase/EncoderPaperbaseCheckEligibility/NTBOrETBCheckSaveChanges' is clicked on

24-06-2024T14:38:26 - [MESSAGE][PASSED] - Delayed 1 second(s)

24-06-2024T14:38:27 - [MESSAGE][PASSED] - Delayed 1 second(s)

24-06-2024T14:38:28 - [MESSAGE][PASSED] - Delayed 1 second(s)

24-06-2024T14:38:29 - [MESSAGE][PASSED] - Taking screenshot successfully
[[ATTACHMENT|D:\\newRCBCProject\\RCBCLOS_Automation\\Reports\\20240624_143107\\PaperbaseFlows\\PaperbaseWithAndWithout\\EncoderForWith\\20240624_143111\\Screenshots/Encoder24_06_2402_34_11/Regression24_06_24_02_38_27.jpg]]

24-06-2024T14:38:30 - [MESSAGE][PASSED] - Delayed 1 second(s)

24-06-2024T14:38:31 - [MESSAGE][PASSED] - Object: 'Object Repository/BackOfficePaperBase/EncoderPaperbaseCheckEligibility/TransunionPrincipal' is clicked on

24-06-2024T14:38:32 - [MESSAGE][PASSED] - Delayed 1 second(s)

24-06-2024T14:38:32 - [MESSAGE][PASSED] - Text 'Ok' is set on object 'Object Repository/BackOfficePaperBase/EncoderPaperbaseCheckEligibility/transunionRemark'

24-06-2024T14:38:33 - [MESSAGE][PASSED] - Delayed 1 second(s)

24-06-2024T14:38:45 - [MESSAGE][PASSED] - Object: 'Object Repository/BackOfficePaperBase/EncoderPaperbaseCheckEligibility/TransunionCheckEligibility' is clicked on

24-06-2024T14:38:47 - [MESSAGE][PASSED] - Delayed 1 second(s)

24-06-2024T14:38:48 - [MESSAGE][PASSED] - Delayed 1 second(s)

24-06-2024T14:38:49 - [MESSAGE][PASSED] - Delayed 1 second(s)

24-06-2024T14:38:49 - [MESSAGE][PASSED] - Taking screenshot successfully
[[ATTACHMENT|D:\\newRCBCProject\\RCBCLOS_Automation\\Reports\\20240624_143107\\PaperbaseFlows\\PaperbaseWithAndWithout\\EncoderForWith\\20240624_143111\\Screenshots/Encoder24_06_2402_34_11/Regression24_06_24_02_38_48.jpg]]

24-06-2024T14:38:52 - [MESSAGE][PASSED] - Delayed 3 second(s)

24-06-2024T14:38:52 - [MESSAGE][PASSED] - Object: 'Object Repository/BackOfficePaperBase/EncoderPaperbaseCheckEligibility/transUnionOkButton' is clicked on

24-06-2024T14:38:54 - [MESSAGE][PASSED] - Delayed 2 second(s)

24-06-2024T14:38:55 - [MESSAGE][PASSED] - Delayed 1 second(s)

24-06-2024T14:38:57 - [MESSAGE][PASSED] - Object: 'Object Repository/BackOfficePaperBase/EncoderPaperbaseCheckEligibility/TransunionSaveChanges' is clicked on

24-06-2024T14:38:58 - [MESSAGE][PASSED] - Delayed 1 second(s)

24-06-2024T14:38:59 - [MESSAGE][PASSED] - Delayed 1 second(s)

24-06-2024T14:39:00 - [MESSAGE][PASSED] - Delayed 1 second(s)

24-06-2024T14:39:00 - [MESSAGE][PASSED] - Taking screenshot successfully
[[ATTACHMENT|D:\\newRCBCProject\\RCBCLOS_Automation\\Reports\\20240624_143107\\PaperbaseFlows\\PaperbaseWithAndWithout\\EncoderForWith\\20240624_143111\\Screenshots/Encoder24_06_2402_34_11/Regression24_06_24_02_38_59.jpg]]

24-06-2024T14:39:01 - [MESSAGE][PASSED] - Delayed 1 second(s)

24-06-2024T14:39:01 - [MESSAGE][PASSED] - Object: 'Object Repository/BackOfficePaperBase/EncoderPaperbaseCheckEligibility/AccutyPrincipal' is clicked on

24-06-2024T14:39:02 - [MESSAGE][PASSED] - Delayed 1 second(s)

24-06-2024T14:39:23 - [MESSAGE][PASSED] - Object: 'Object Repository/BackOfficePaperBase/EncoderPaperbaseCheckEligibility/AccutyCheckEligibility' is clicked on

24-06-2024T14:39:24 - [MESSAGE][PASSED] - Delayed 1 second(s)

24-06-2024T14:39:25 - [MESSAGE][PASSED] - Delayed 1 second(s)

24-06-2024T14:39:26 - [MESSAGE][PASSED] - Delayed 1 second(s)

24-06-2024T14:39:26 - [MESSAGE][PASSED] - Taking screenshot successfully
[[ATTACHMENT|D:\\newRCBCProject\\RCBCLOS_Automation\\Reports\\20240624_143107\\PaperbaseFlows\\PaperbaseWithAndWithout\\EncoderForWith\\20240624_143111\\Screenshots/Encoder24_06_2402_34_11/Regression24_06_24_02_39_25.jpg]]

24-06-2024T14:39:27 - [MESSAGE][PASSED] - Delayed 1 second(s)

24-06-2024T14:39:28 - [MESSAGE][PASSED] - Object: 'Object Repository/BackOfficePaperBase/EncoderPaperbaseCheckEligibility/DOSRICheckOK' is clicked on

24-06-2024T14:39:28 - [MESSAGE][PASSED] - Object 'Object Repository/BackOfficePaperBase/EncoderPaperbaseCheckEligibility/crossButtonTemp' is clickable

24-06-2024T14:39:59 - [MESSAGE][INFO] - Unable to find the element located by 'By.xpath: //button[text()="Ã—"]'. Please recheck the objects properties to make sure the desired element is located. 

24-06-2024T14:39:59 - [MESSAGE][WARNING] - [SELF-HEALING] Failed to find element with id 'Object Repository/BackOfficePaperBase/EncoderPaperbaseCheckEligibility/crossButtonTemp'. Try using Self-healing.

24-06-2024T14:40:00 - [MESSAGE][INFO] - [SELF-HEALING] No working XPath is found.

24-06-2024T14:40:01 - [MESSAGE][WARNING] - [SELF-HEALING] javascript error: {"status":32,"value":"Unable to locate an element with the xpath expression  because of the following error:\nSyntaxError: Failed to execute 'evaluate' on 'Document': The string '' is not a valid XPath expression."}
  (Session info: chrome=126.0.6478.114)
Build info: version: '3.141.59', revision: 'unknown', time: 'unknown'
System info: host: 'QKNBK2037', ip: '10.0.6.210', os.name: 'Windows 10', os.arch: 'amd64', os.version: '10.0', java.version: '17.0.7'
Driver info: com.kms.katalon.selenium.driver.CChromeDriver
Capabilities {acceptInsecureCerts: false, browserName: chrome, browserVersion: 126.0.6478.114, chrome: {chromedriverVersion: 125.0.6422.60 (3ac3319bff9f..., userDataDir: C:\Users\ADARSH~1.LOH\AppDa...}, fedcm:accounts: true, goog:chromeOptions: {debuggerAddress: localhost:53256}, javascriptEnabled: true, networkConnectionEnabled: false, pageLoadStrategy: normal, platform: WINDOWS, platformName: WINDOWS, proxy: Proxy(), setWindowRect: true, strictFileInteractability: false, timeouts: {implicit: 0, pageLoad: 300000, script: 30000}, unhandledPromptBehavior: dismiss and notify, webauthn:extension:credBlob: true, webauthn:extension:largeBlob: true, webauthn:extension:minPinLength: true, webauthn:extension:prf: true, webauthn:virtualAuthenticators: true}
Session ID: 24b00f558362a6260ae3dadb4237e508
*** Element info: {Using=xpath, value=}

24-06-2024T14:40:01 - [MESSAGE][WARNING] - [SELF-HEALING] Cannot find elements when the selector is null

24-06-2024T14:40:01 - [MESSAGE][FAILED] - Unable to click on object 'Object Repository/BackOfficePaperBase/EncoderPaperbaseCheckEligibility/crossButtonTemp' (Root cause: com.kms.katalon.core.exception.StepFailedException: Unable to click on object 'Object Repository/BackOfficePaperBase/EncoderPaperbaseCheckEligibility/crossButtonTemp'
	at com.kms.katalon.core.webui.keyword.internal.WebUIKeywordMain.stepFailed(WebUIKeywordMain.groovy:64)
	at com.kms.katalon.core.webui.keyword.internal.WebUIKeywordMain.runKeyword(WebUIKeywordMain.groovy:26)
	at com.kms.katalon.core.webui.keyword.builtin.ClickKeyword.click(ClickKeyword.groovy:74)
	at com.kms.katalon.core.webui.keyword.builtin.ClickKeyword.execute(ClickKeyword.groovy:40)
	at com.kms.katalon.core.keyword.internal.KeywordExecutor.executeKeywordForPlatform(KeywordExecutor.groovy:74)
	at com.kms.katalon.core.webui.keyword.WebUiBuiltInKeywords.click(WebUiBuiltInKeywords.groovy:659)
	at tabSection.CheckEligibility.checkEligibilityForPaperBased(CheckEligibility.groovy:277)
	at java.base/jdk.internal.reflect.NativeMethodAccessorImpl.invoke0(Native Method)
	at java.base/jdk.internal.reflect.NativeMethodAccessorImpl.invoke(NativeMethodAccessorImpl.java:77)
	at java.base/jdk.internal.reflect.DelegatingMethodAccessorImpl.invoke(DelegatingMethodAccessorImpl.java:43)
	at tabSection.CheckEligibility.checkEligibilityForEncoderPaperBased(CheckEligibility.groovy:426)
	at java.base/jdk.internal.reflect.NativeMethodAccessorImpl.invoke0(Native Method)
	at java.base/jdk.internal.reflect.NativeMethodAccessorImpl.invoke(NativeMethodAccessorImpl.java:77)
	at java.base/jdk.internal.reflect.DelegatingMethodAccessorImpl.invoke(DelegatingMethodAccessorImpl.java:43)
	at com.kms.katalon.core.main.CustomKeywordDelegatingMetaClass.invokeStaticMethod(CustomKeywordDelegatingMetaClass.java:55)
	at CheckEligibility.run(CheckEligibility:20)
	at com.kms.katalon.core.main.ScriptEngine.run(ScriptEngine.java:194)
	at com.kms.katalon.core.main.ScriptEngine.runScriptAsRawText(ScriptEngine.java:119)
	at com.kms.katalon.core.main.TestCaseExecutor.runScript(TestCaseExecutor.java:448)
	at com.kms.katalon.core.main.TestCaseExecutor.doExecute(TestCaseExecutor.java:439)
	at com.kms.katalon.core.main.TestCaseExecutor.processExecutionPhase(TestCaseExecutor.java:418)
	at com.kms.katalon.core.main.TestCaseExecutor.accessMainPhase(TestCaseExecutor.java:410)
	at com.kms.katalon.core.main.TestCaseExecutor.execute(TestCaseExecutor.java:285)
	at com.kms.katalon.core.common.CommonExecutor.accessTestCaseMainPhase(CommonExecutor.java:65)
	at com.kms.katalon.core.main.TestSuiteExecutor.accessTestSuiteMainPhase(TestSuiteExecutor.java:150)
	at com.kms.katalon.core.main.TestSuiteExecutor.execute(TestSuiteExecutor.java:106)
	at com.kms.katalon.core.main.TestCaseMain.startTestSuite(TestCaseMain.java:180)
	at TempTestSuite1719219671757.run(TempTestSuite1719219671757.groovy:35)
	at java.base/jdk.internal.reflect.NativeMethodAccessorImpl.invoke0(Native Method)
	at java.base/jdk.internal.reflect.NativeMethodAccessorImpl.invoke(NativeMethodAccessorImpl.java:77)
	at java.base/jdk.internal.reflect.DelegatingMethodAccessorImpl.invoke(DelegatingMethodAccessorImpl.java:43)
Caused by: com.kms.katalon.core.webui.exception.WebElementNotFoundException: Web element with id: 'Object Repository/BackOfficePaperBase/EncoderPaperbaseCheckEligibility/crossButtonTemp' located by '//button[text()="Ã—"]' not found
	at com.kms.katalon.core.webui.common.WebUiCommonHelper.findWebElement(WebUiCommonHelper.java:1426)
	at com.kms.katalon.core.webui.keyword.internal.WebUIAbstractKeyword.findWebElement(WebUIAbstractKeyword.groovy:27)
	at com.kms.katalon.core.webui.keyword.builtin.ClickKeyword$_click_closure1.doCall(ClickKeyword.groovy:65)
	at com.kms.katalon.core.webui.keyword.builtin.ClickKeyword$_click_closure1.call(ClickKeyword.groovy)
	at com.kms.katalon.core.webui.keyword.internal.WebUIKeywordMain.runKeyword(WebUIKeywordMain.groovy:20)
	at com.kms.katalon.core.webui.keyword.builtin.ClickKeyword.click(ClickKeyword.groovy:74)
	at com.kms.katalon.core.webui.keyword.builtin.ClickKeyword.execute(ClickKeyword.groovy:40)
	at com.kms.katalon.core.keyword.internal.KeywordExecutor.executeKeywordForPlatform(KeywordExecutor.groovy:74)
	at com.kms.katalon.core.webui.keyword.WebUiBuiltInKeywords.click(WebUiBuiltInKeywords.groovy:659)
	at tabSection.CheckEligibility.checkEligibilityForPaperBased(CheckEligibility.groovy:277)
	at java.base/jdk.internal.reflect.NativeMethodAccessorImpl.invoke0(Native Method)
	at java.base/jdk.internal.reflect.NativeMethodAccessorImpl.invoke(NativeMethodAccessorImpl.java:77)
	at java.base/jdk.internal.reflect.DelegatingMethodAccessorImpl.invoke(DelegatingMethodAccessorImpl.java:43)
	at tabSection.CheckEligibility.checkEligibilityForEncoderPaperBased(CheckEligibility.groovy:426)
	at java.base/jdk.internal.reflect.NativeMethodAccessorImpl.invoke0(Native Method)
	at java.base/jdk.internal.reflect.NativeMethodAccessorImpl.invoke(NativeMethodAccessorImpl.java:77)
	at java.base/jdk.internal.reflect.DelegatingMethodAccessorImpl.invoke(DelegatingMethodAccessorImpl.java:43)
	at com.kms.katalon.core.main.CustomKeywordDelegatingMetaClass.invokeStaticMethod(CustomKeywordDelegatingMetaClass.java:55)
	at Script1716354281890.run(Script1716354281890.groovy:20)
	... 15 more
)
[[ATTACHMENT|D:\\newRCBCProject\\RCBCLOS_Automation\\Reports\\20240624_143107\\PaperbaseFlows\\PaperbaseWithAndWithout\\EncoderForWith\\20240624_143111\\1719220201476.png]]

24-06-2024T14:40:02 - [MESSAGE][PASSED] - Delayed 1 second(s)

24-06-2024T14:40:03 - [MESSAGE][PASSED] - All options with index in [1] are selected on object 'Object Repository/BackOfficePaperBase/EncoderPaperbaseCheckEligibility/AccutyResult'

24-06-2024T14:40:04 - [MESSAGE][PASSED] - Delayed 1 second(s)

24-06-2024T14:40:05 - [MESSAGE][PASSED] - Delayed 1 second(s)

24-06-2024T14:40:06 - [MESSAGE][PASSED] - Delayed 1 second(s)

24-06-2024T14:40:06 - [MESSAGE][PASSED] - Taking screenshot successfully
[[ATTACHMENT|D:\\newRCBCProject\\RCBCLOS_Automation\\Reports\\20240624_143107\\PaperbaseFlows\\PaperbaseWithAndWithout\\EncoderForWith\\20240624_143111\\Screenshots/Encoder24_06_2402_34_11/Regression24_06_24_02_40_05.jpg]]

24-06-2024T14:40:07 - [MESSAGE][PASSED] - Delayed 1 second(s)

24-06-2024T14:40:09 - [MESSAGE][PASSED] - Object: 'Object Repository/BackOfficePaperBase/EncoderPaperbaseCheckEligibility/AccutySaveChanges' is clicked on

24-06-2024T14:40:10 - [MESSAGE][PASSED] - Delayed 1 second(s)

24-06-2024T14:40:11 - [MESSAGE][PASSED] - Delayed 1 second(s)

24-06-2024T14:40:12 - [MESSAGE][PASSED] - Delayed 1 second(s)

24-06-2024T14:40:12 - [MESSAGE][PASSED] - Taking screenshot successfully
[[ATTACHMENT|D:\\newRCBCProject\\RCBCLOS_Automation\\Reports\\20240624_143107\\PaperbaseFlows\\PaperbaseWithAndWithout\\EncoderForWith\\20240624_143111\\Screenshots/Encoder24_06_2402_34_11/Regression24_06_24_02_40_11.jpg]]

24-06-2024T14:40:13 - [MESSAGE][PASSED] - Delayed 1 second(s)

24-06-2024T14:40:14 - [MESSAGE][PASSED] - Text '2000' is set on object 'Object Repository/BackOffice/EncoderNSTP/checkEligibility/quickCheckNumericalScore'

24-06-2024T14:40:15 - [MESSAGE][PASSED] - All options with index in [6] are selected on object 'Object Repository/BackOffice/EncoderNSTP/checkEligibility/quickCheckRiskLevel'

24-06-2024T14:40:15 - [MESSAGE][PASSED] - Text '3000' is set on object 'Object Repository/BackOffice/EncoderNSTP/checkEligibility/compreCheckNumricalScore'

24-06-2024T14:40:16 - [MESSAGE][PASSED] - All options with index in [6] are selected on object 'Object Repository/BackOffice/EncoderNSTP/checkEligibility/compreCheckRiskLevel'

24-06-2024T14:40:17 - [MESSAGE][PASSED] - Delayed 1 second(s)

24-06-2024T14:40:18 - [MESSAGE][PASSED] - Delayed 1 second(s)

24-06-2024T14:40:19 - [MESSAGE][PASSED] - Delayed 1 second(s)

24-06-2024T14:40:19 - [MESSAGE][PASSED] - Taking screenshot successfully
[[ATTACHMENT|D:\\newRCBCProject\\RCBCLOS_Automation\\Reports\\20240624_143107\\PaperbaseFlows\\PaperbaseWithAndWithout\\EncoderForWith\\20240624_143111\\Screenshots/Encoder24_06_2402_34_11/Regression24_06_24_02_40_18.jpg]]

24-06-2024T14:40:19 - [MESSAGE][FAILED] - com.kms.katalon.core.exception.StepFailedException: Unable to click on object 'Object Repository/BackOfficePaperBase/EncoderPaperbaseCheckEligibility/crossButtonTemp' (Root cause: com.kms.katalon.core.exception.StepFailedException: Unable to click on object 'Object Repository/BackOfficePaperBase/EncoderPaperbaseCheckEligibility/crossButtonTemp'
	at com.kms.katalon.core.webui.keyword.internal.WebUIKeywordMain.stepFailed(WebUIKeywordMain.groovy:64)
	at com.kms.katalon.core.webui.keyword.internal.WebUIKeywordMain.runKeyword(WebUIKeywordMain.groovy:26)
	at com.kms.katalon.core.webui.keyword.builtin.ClickKeyword.click(ClickKeyword.groovy:74)
	at com.kms.katalon.core.webui.keyword.builtin.ClickKeyword.execute(ClickKeyword.groovy:40)
	at com.kms.katalon.core.keyword.internal.KeywordExecutor.executeKeywordForPlatform(KeywordExecutor.groovy:74)
	at com.kms.katalon.core.webui.keyword.WebUiBuiltInKeywords.click(WebUiBuiltInKeywords.groovy:659)
	at tabSection.CheckEligibility.checkEligibilityForPaperBased(CheckEligibility.groovy:277)
	at java.base/jdk.internal.reflect.NativeMethodAccessorImpl.invoke0(Native Method)
	at java.base/jdk.internal.reflect.NativeMethodAccessorImpl.invoke(NativeMethodAccessorImpl.java:77)
	at java.base/jdk.internal.reflect.DelegatingMethodAccessorImpl.invoke(DelegatingMethodAccessorImpl.java:43)
	at tabSection.CheckEligibility.checkEligibilityForEncoderPaperBased(CheckEligibility.groovy:426)
	at java.base/jdk.internal.reflect.NativeMethodAccessorImpl.invoke0(Native Method)
	at java.base/jdk.internal.reflect.NativeMethodAccessorImpl.invoke(NativeMethodAccessorImpl.java:77)
	at java.base/jdk.internal.reflect.DelegatingMethodAccessorImpl.invoke(DelegatingMethodAccessorImpl.java:43)
	at com.kms.katalon.core.main.CustomKeywordDelegatingMetaClass.invokeStaticMethod(CustomKeywordDelegatingMetaClass.java:55)
	at CheckEligibility.run(CheckEligibility:20)
	at com.kms.katalon.core.main.ScriptEngine.run(ScriptEngine.java:194)
	at com.kms.katalon.core.main.ScriptEngine.runScriptAsRawText(ScriptEngine.java:119)
	at com.kms.katalon.core.main.TestCaseExecutor.runScript(TestCaseExecutor.java:448)
	at com.kms.katalon.core.main.TestCaseExecutor.doExecute(TestCaseExecutor.java:439)
	at com.kms.katalon.core.main.TestCaseExecutor.processExecutionPhase(TestCaseExecutor.java:418)
	at com.kms.katalon.core.main.TestCaseExecutor.accessMainPhase(TestCaseExecutor.java:410)
	at com.kms.katalon.core.main.TestCaseExecutor.execute(TestCaseExecutor.java:285)
	at com.kms.katalon.core.common.CommonExecutor.accessTestCaseMainPhase(CommonExecutor.java:65)
	at com.kms.katalon.core.main.TestSuiteExecutor.accessTestSuiteMainPhase(TestSuiteExecutor.java:150)
	at com.kms.katalon.core.main.TestSuiteExecutor.execute(TestSuiteExecutor.java:106)
	at com.kms.katalon.core.main.TestCaseMain.startTestSuite(TestCaseMain.java:180)
	at TempTestSuite1719219671757.run(TempTestSuite1719219671757.groovy:35)
	at java.base/jdk.internal.reflect.NativeMethodAccessorImpl.invoke0(Native Method)
	at java.base/jdk.internal.reflect.NativeMethodAccessorImpl.invoke(NativeMethodAccessorImpl.java:77)
	at java.base/jdk.internal.reflect.DelegatingMethodAccessorImpl.invoke(DelegatingMethodAccessorImpl.java:43)
Caused by: com.kms.katalon.core.webui.exception.WebElementNotFoundException: Web element with id: 'Object Repository/BackOfficePaperBase/EncoderPaperbaseCheckEligibility/crossButtonTemp' located by '//button[text()="Ã—"]' not found
	at com.kms.katalon.core.webui.common.WebUiCommonHelper.findWebElement(WebUiCommonHelper.java:1426)
	at com.kms.katalon.core.webui.keyword.internal.WebUIAbstractKeyword.findWebElement(WebUIAbstractKeyword.groovy:27)
	at com.kms.katalon.core.webui.keyword.builtin.ClickKeyword$_click_closure1.doCall(ClickKeyword.groovy:65)
	at com.kms.katalon.core.webui.keyword.builtin.ClickKeyword$_click_closure1.call(ClickKeyword.groovy)
	at com.kms.katalon.core.webui.keyword.internal.WebUIKeywordMain.runKeyword(WebUIKeywordMain.groovy:20)
	at com.kms.katalon.core.webui.keyword.builtin.ClickKeyword.click(ClickKeyword.groovy:74)
	at com.kms.katalon.core.webui.keyword.builtin.ClickKeyword.execute(ClickKeyword.groovy:40)
	at com.kms.katalon.core.keyword.internal.KeywordExecutor.executeKeywordForPlatform(KeywordExecutor.groovy:74)
	at com.kms.katalon.core.webui.keyword.WebUiBuiltInKeywords.click(WebUiBuiltInKeywords.groovy:659)
	at tabSection.CheckEligibility.checkEligibilityForPaperBased(CheckEligibility.groovy:277)
	at java.base/jdk.internal.reflect.NativeMethodAccessorImpl.invoke0(Native Method)
	at java.base/jdk.internal.reflect.NativeMethodAccessorImpl.invoke(NativeMethodAccessorImpl.java:77)
	at java.base/jdk.internal.reflect.DelegatingMethodAccessorImpl.invoke(DelegatingMethodAccessorImpl.java:43)
	at tabSection.CheckEligibility.checkEligibilityForEncoderPaperBased(CheckEligibility.groovy:426)
	at java.base/jdk.internal.reflect.NativeMethodAccessorImpl.invoke0(Native Method)
	at java.base/jdk.internal.reflect.NativeMethodAccessorImpl.invoke(NativeMethodAccessorImpl.java:77)
	at java.base/jdk.internal.reflect.DelegatingMethodAccessorImpl.invoke(DelegatingMethodAccessorImpl.java:43)
	at com.kms.katalon.core.main.CustomKeywordDelegatingMetaClass.invokeStaticMethod(CustomKeywordDelegatingMetaClass.java:55)
	at Script1716354281890.run(Script1716354281890.groovy:20)
	... 15 more
)

24-06-2024T14:40:21 - [TEST_STEP][PASSED] - Video: Video recording for test case 'Test Cases/Paper_STPWithAndWithoutAPI/Encoder/CheckEligibility' .

24-06-2024T14:40:21 - [MESSAGE][INFO] - Video recording for test case 'Test Cases/Paper_STPWithAndWithoutAPI/Encoder/CheckEligibility' .]]></system-out>
         <system-err><![CDATA[24-06-2024T14:37:18 - [TEST_CASE][FAILED] - Test Cases/Paper_STPWithAndWithoutAPI/Encoder/CheckEligibility: Test Cases/Paper_STPWithAndWithoutAPI/Encoder/CheckEligibility FAILED.
Reason:
com.kms.katalon.core.exception.StepFailedException: Unable to click on object 'Object Repository/BackOfficePaperBase/EncoderPaperbaseCheckEligibility/crossButtonTemp' (Root cause: com.kms.katalon.core.exception.StepFailedException: Unable to click on object 'Object Repository/BackOfficePaperBase/EncoderPaperbaseCheckEligibility/crossButtonTemp'
	at com.kms.katalon.core.webui.keyword.internal.WebUIKeywordMain.stepFailed(WebUIKeywordMain.groovy:64)
	at com.kms.katalon.core.webui.keyword.internal.WebUIKeywordMain.runKeyword(WebUIKeywordMain.groovy:26)
	at com.kms.katalon.core.webui.keyword.builtin.ClickKeyword.click(ClickKeyword.groovy:74)
	at com.kms.katalon.core.webui.keyword.builtin.ClickKeyword.execute(ClickKeyword.groovy:40)
	at com.kms.katalon.core.keyword.internal.KeywordExecutor.executeKeywordForPlatform(KeywordExecutor.groovy:74)
	at com.kms.katalon.core.webui.keyword.WebUiBuiltInKeywords.click(WebUiBuiltInKeywords.groovy:659)
	at tabSection.CheckEligibility.checkEligibilityForPaperBased(CheckEligibility.groovy:277)
	at java.base/jdk.internal.reflect.NativeMethodAccessorImpl.invoke0(Native Method)
	at java.base/jdk.internal.reflect.NativeMethodAccessorImpl.invoke(NativeMethodAccessorImpl.java:77)
	at java.base/jdk.internal.reflect.DelegatingMethodAccessorImpl.invoke(DelegatingMethodAccessorImpl.java:43)
	at tabSection.CheckEligibility.checkEligibilityForEncoderPaperBased(CheckEligibility.groovy:426)
	at java.base/jdk.internal.reflect.NativeMethodAccessorImpl.invoke0(Native Method)
	at java.base/jdk.internal.reflect.NativeMethodAccessorImpl.invoke(NativeMethodAccessorImpl.java:77)
	at java.base/jdk.internal.reflect.DelegatingMethodAccessorImpl.invoke(DelegatingMethodAccessorImpl.java:43)
	at com.kms.katalon.core.main.CustomKeywordDelegatingMetaClass.invokeStaticMethod(CustomKeywordDelegatingMetaClass.java:55)
	at CheckEligibility.run(CheckEligibility:20)
	at com.kms.katalon.core.main.ScriptEngine.run(ScriptEngine.java:194)
	at com.kms.katalon.core.main.ScriptEngine.runScriptAsRawText(ScriptEngine.java:119)
	at com.kms.katalon.core.main.TestCaseExecutor.runScript(TestCaseExecutor.java:448)
	at com.kms.katalon.core.main.TestCaseExecutor.doExecute(TestCaseExecutor.java:439)
	at com.kms.katalon.core.main.TestCaseExecutor.processExecutionPhase(TestCaseExecutor.java:418)
	at com.kms.katalon.core.main.TestCaseExecutor.accessMainPhase(TestCaseExecutor.java:410)
	at com.kms.katalon.core.main.TestCaseExecutor.execute(TestCaseExecutor.java:285)
	at com.kms.katalon.core.common.CommonExecutor.accessTestCaseMainPhase(CommonExecutor.java:65)
	at com.kms.katalon.core.main.TestSuiteExecutor.accessTestSuiteMainPhase(TestSuiteExecutor.java:150)
	at com.kms.katalon.core.main.TestSuiteExecutor.execute(TestSuiteExecutor.java:106)
	at com.kms.katalon.core.main.TestCaseMain.startTestSuite(TestCaseMain.java:180)
	at TempTestSuite1719219671757.run(TempTestSuite1719219671757.groovy:35)
	at java.base/jdk.internal.reflect.NativeMethodAccessorImpl.invoke0(Native Method)
	at java.base/jdk.internal.reflect.NativeMethodAccessorImpl.invoke(NativeMethodAccessorImpl.java:77)
	at java.base/jdk.internal.reflect.DelegatingMethodAccessorImpl.invoke(DelegatingMethodAccessorImpl.java:43)
Caused by: com.kms.katalon.core.webui.exception.WebElementNotFoundException: Web element with id: 'Object Repository/BackOfficePaperBase/EncoderPaperbaseCheckEligibility/crossButtonTemp' located by '//button[text()="Ã—"]' not found
	at com.kms.katalon.core.webui.common.WebUiCommonHelper.findWebElement(WebUiCommonHelper.java:1426)
	at com.kms.katalon.core.webui.keyword.internal.WebUIAbstractKeyword.findWebElement(WebUIAbstractKeyword.groovy:27)
	at com.kms.katalon.core.webui.keyword.builtin.ClickKeyword$_click_closure1.doCall(ClickKeyword.groovy:65)
	at com.kms.katalon.core.webui.keyword.builtin.ClickKeyword$_click_closure1.call(ClickKeyword.groovy)
	at com.kms.katalon.core.webui.keyword.internal.WebUIKeywordMain.runKeyword(WebUIKeywordMain.groovy:20)
	at com.kms.katalon.core.webui.keyword.builtin.ClickKeyword.click(ClickKeyword.groovy:74)
	at com.kms.katalon.core.webui.keyword.builtin.ClickKeyword.execute(ClickKeyword.groovy:40)
	at com.kms.katalon.core.keyword.internal.KeywordExecutor.executeKeywordForPlatform(KeywordExecutor.groovy:74)
	at com.kms.katalon.core.webui.keyword.WebUiBuiltInKeywords.click(WebUiBuiltInKeywords.groovy:659)
	at tabSection.CheckEligibility.checkEligibilityForPaperBased(CheckEligibility.groovy:277)
	at java.base/jdk.internal.reflect.NativeMethodAccessorImpl.invoke0(Native Method)
	at java.base/jdk.internal.reflect.NativeMethodAccessorImpl.invoke(NativeMethodAccessorImpl.java:77)
	at java.base/jdk.internal.reflect.DelegatingMethodAccessorImpl.invoke(DelegatingMethodAccessorImpl.java:43)
	at tabSection.CheckEligibility.checkEligibilityForEncoderPaperBased(CheckEligibility.groovy:426)
	at java.base/jdk.internal.reflect.NativeMethodAccessorImpl.invoke0(Native Method)
	at java.base/jdk.internal.reflect.NativeMethodAccessorImpl.invoke(NativeMethodAccessorImpl.java:77)
	at java.base/jdk.internal.reflect.DelegatingMethodAccessorImpl.invoke(DelegatingMethodAccessorImpl.java:43)
	at com.kms.katalon.core.main.CustomKeywordDelegatingMetaClass.invokeStaticMethod(CustomKeywordDelegatingMetaClass.java:55)
	at Script1716354281890.run(Script1716354281890.groovy:20)
	... 15 more
)
	at com.kms.katalon.core.keyword.internal.KeywordMain.stepFailed(KeywordMain.groovy:39)
	at com.kms.katalon.core.webui.keyword.internal.WebUIKeywordMain.stepFailed(WebUIKeywordMain.groovy:64)
	at com.kms.katalon.core.webui.keyword.internal.WebUIKeywordMain.runKeyword(WebUIKeywordMain.groovy:26)
	at com.kms.katalon.core.webui.keyword.builtin.ClickKeyword.click(ClickKeyword.groovy:74)
	at com.kms.katalon.core.webui.keyword.builtin.ClickKeyword.execute(ClickKeyword.groovy:40)
	at com.kms.katalon.core.keyword.internal.KeywordExecutor.executeKeywordForPlatform(KeywordExecutor.groovy:74)
	at com.kms.katalon.core.webui.keyword.WebUiBuiltInKeywords.click(WebUiBuiltInKeywords.groovy:659)
	at tabSection.CheckEligibility.checkEligibilityForPaperBased(CheckEligibility.groovy:277)
	at java.base/jdk.internal.reflect.NativeMethodAccessorImpl.invoke0(Native Method)
	at java.base/jdk.internal.reflect.NativeMethodAccessorImpl.invoke(NativeMethodAccessorImpl.java:77)
	at java.base/jdk.internal.reflect.DelegatingMethodAccessorImpl.invoke(DelegatingMethodAccessorImpl.java:43)
	at tabSection.CheckEligibility.checkEligibilityForEncoderPaperBased(CheckEligibility.groovy:426)
	at java.base/jdk.internal.reflect.NativeMethodAccessorImpl.invoke0(Native Method)
	at java.base/jdk.internal.reflect.NativeMethodAccessorImpl.invoke(NativeMethodAccessorImpl.java:77)
	at java.base/jdk.internal.reflect.DelegatingMethodAccessorImpl.invoke(DelegatingMethodAccessorImpl.java:43)
	at com.kms.katalon.core.main.CustomKeywordDelegatingMetaClass.invokeStaticMethod(CustomKeywordDelegatingMetaClass.java:55)
	at CheckEligibility.run(CheckEligibility:20)
	at com.kms.katalon.core.main.ScriptEngine.run(ScriptEngine.java:194)
	at com.kms.katalon.core.main.ScriptEngine.runScriptAsRawText(ScriptEngine.java:119)
	at com.kms.katalon.core.main.TestCaseExecutor.runScript(TestCaseExecutor.java:448)
	at com.kms.katalon.core.main.TestCaseExecutor.doExecute(TestCaseExecutor.java:439)
	at com.kms.katalon.core.main.TestCaseExecutor.processExecutionPhase(TestCaseExecutor.java:418)
	at com.kms.katalon.core.main.TestCaseExecutor.accessMainPhase(TestCaseExecutor.java:410)
	at com.kms.katalon.core.main.TestCaseExecutor.execute(TestCaseExecutor.java:285)
	at com.kms.katalon.core.common.CommonExecutor.accessTestCaseMainPhase(CommonExecutor.java:65)
	at com.kms.katalon.core.main.TestSuiteExecutor.accessTestSuiteMainPhase(TestSuiteExecutor.java:150)
	at com.kms.katalon.core.main.TestSuiteExecutor.execute(TestSuiteExecutor.java:106)
	at com.kms.katalon.core.main.TestCaseMain.startTestSuite(TestCaseMain.java:180)
	at TempTestSuite1719219671757.run(TempTestSuite1719219671757.groovy:35)
	at java.base/jdk.internal.reflect.NativeMethodAccessorImpl.invoke0(Native Method)
	at java.base/jdk.internal.reflect.NativeMethodAccessorImpl.invoke(NativeMethodAccessorImpl.java:77)
	at java.base/jdk.internal.reflect.DelegatingMethodAccessorImpl.invoke(DelegatingMethodAccessorImpl.java:43)
Caused by: com.kms.katalon.core.exception.StepFailedException: Unable to click on object 'Object Repository/BackOfficePaperBase/EncoderPaperbaseCheckEligibility/crossButtonTemp'
	... 31 more
Caused by: com.kms.katalon.core.webui.exception.WebElementNotFoundException: Web element with id: 'Object Repository/BackOfficePaperBase/EncoderPaperbaseCheckEligibility/crossButtonTemp' located by '//button[text()="Ã—"]' not found
	at com.kms.katalon.core.webui.common.WebUiCommonHelper.findWebElement(WebUiCommonHelper.java:1426)
	at com.kms.katalon.core.webui.keyword.internal.WebUIAbstractKeyword.findWebElement(WebUIAbstractKeyword.groovy:27)
	at com.kms.katalon.core.webui.keyword.builtin.ClickKeyword$_click_closure1.doCall(ClickKeyword.groovy:65)
	at com.kms.katalon.core.webui.keyword.builtin.ClickKeyword$_click_closure1.call(ClickKeyword.groovy)
	at com.kms.katalon.core.webui.keyword.internal.WebUIKeywordMain.runKeyword(WebUIKeywordMain.groovy:20)
	... 29 more]]></system-err>
      </testcase>
      <testcase name="Test Cases/Paper_STPWithAndWithoutAPI/Encoder/CreditEvaluation" time="2.727" classname="Test Cases/Paper_STPWithAndWithoutAPI/Encoder/CreditEvaluation" status="PASSED">
         <system-out><![CDATA[24-06-2024T14:40:21 - [TEST_CASE][PASSED] - Test Cases/Paper_STPWithAndWithoutAPI/Encoder/CreditEvaluation: Test Cases/Paper_STPWithAndWithoutAPI/Encoder/CreditEvaluation

24-06-2024T14:40:21 - [TEST_STEP][PASSED] - tabSection.CreditEvaluation.creditEvaluationForEncoderPaperBased(): tabSection.CreditEvaluation.creditEvaluationForEncoderPaperBased is PASSED

24-06-2024T14:40:22 - [MESSAGE][PASSED] - Object: 'Object Repository/TabSection/creditEvaluation' is clicked on

24-06-2024T14:40:22 - [MESSAGE][PASSED] - tabSection.CreditEvaluation.creditEvaluationForEncoderPaperBased is PASSED

24-06-2024T14:40:24 - [TEST_STEP][PASSED] - Video: Video recording for test case 'Test Cases/Paper_STPWithAndWithoutAPI/Encoder/CreditEvaluation' .

24-06-2024T14:40:24 - [MESSAGE][INFO] - Video recording for test case 'Test Cases/Paper_STPWithAndWithoutAPI/Encoder/CreditEvaluation' .]]></system-out>
         <system-err><![CDATA[]]></system-err>
      </testcase>
      <testcase name="Test Cases/Paper_STPWithAndWithoutAPI/Encoder/CreditInvestigation" time="6.138" classname="Test Cases/Paper_STPWithAndWithoutAPI/Encoder/CreditInvestigation" status="PASSED">
         <system-out><![CDATA[24-06-2024T14:40:24 - [TEST_CASE][PASSED] - Test Cases/Paper_STPWithAndWithoutAPI/Encoder/CreditInvestigation: Test Cases/Paper_STPWithAndWithoutAPI/Encoder/CreditInvestigation

24-06-2024T14:40:24 - [TEST_STEP][PASSED] - tabSection.CreditInvestigation.creditInvestigationForEncoderPaperbased(): tabSection.CreditInvestigation.creditInvestigationForEncoderPaperbased is PASSED

24-06-2024T14:40:25 - [MESSAGE][PASSED] - Object: 'Object Repository/TabSection/creditInvestigation' is clicked on

24-06-2024T14:40:26 - [MESSAGE][PASSED] - Delayed 1 second(s)

24-06-2024T14:40:27 - [MESSAGE][PASSED] - Delayed 1 second(s)

24-06-2024T14:40:28 - [MESSAGE][PASSED] - Delayed 1 second(s)

24-06-2024T14:40:28 - [MESSAGE][PASSED] - Taking screenshot successfully
[[ATTACHMENT|D:\\newRCBCProject\\RCBCLOS_Automation\\Reports\\20240624_143107\\PaperbaseFlows\\PaperbaseWithAndWithout\\EncoderForWith\\20240624_143111\\Screenshots/Encoder24_06_2402_34_11/Regression24_06_24_02_40_27.jpg]]

24-06-2024T14:40:28 - [MESSAGE][PASSED] - Object: 'Object Repository/TabSection/nextArrowButton' is clicked on

24-06-2024T14:40:28 - [MESSAGE][PASSED] - tabSection.CreditInvestigation.creditInvestigationForEncoderPaperbased is PASSED

24-06-2024T14:40:30 - [TEST_STEP][PASSED] - Video: Video recording for test case 'Test Cases/Paper_STPWithAndWithoutAPI/Encoder/CreditInvestigation' .

24-06-2024T14:40:30 - [MESSAGE][INFO] - Video recording for test case 'Test Cases/Paper_STPWithAndWithoutAPI/Encoder/CreditInvestigation' .]]></system-out>
         <system-err><![CDATA[]]></system-err>
      </testcase>
      <testcase name="Test Cases/Paper_STPWithAndWithoutAPI/Encoder/InsuranceInformation" time="6.141" classname="Test Cases/Paper_STPWithAndWithoutAPI/Encoder/InsuranceInformation" status="PASSED">
         <system-out><![CDATA[24-06-2024T14:40:30 - [TEST_CASE][PASSED] - Test Cases/Paper_STPWithAndWithoutAPI/Encoder/InsuranceInformation: Test Cases/Paper_STPWithAndWithoutAPI/Encoder/InsuranceInformation

24-06-2024T14:40:30 - [TEST_STEP][PASSED] - tabSection.InsuranceInformation.insuranceInformationForEncoderPaperBased(): tabSection.InsuranceInformation.insuranceInformationForEncoderPaperBased is PASSED

24-06-2024T14:40:31 - [MESSAGE][PASSED] - Object: 'Object Repository/TabSection/InsuranceInformation' is clicked on

24-06-2024T14:40:32 - [MESSAGE][PASSED] - Delayed 1 second(s)

24-06-2024T14:40:33 - [MESSAGE][PASSED] - Delayed 1 second(s)

24-06-2024T14:40:34 - [MESSAGE][PASSED] - Delayed 1 second(s)

24-06-2024T14:40:34 - [MESSAGE][PASSED] - Taking screenshot successfully
[[ATTACHMENT|D:\\newRCBCProject\\RCBCLOS_Automation\\Reports\\20240624_143107\\PaperbaseFlows\\PaperbaseWithAndWithout\\EncoderForWith\\20240624_143111\\Screenshots/Encoder24_06_2402_34_11/Regression24_06_24_02_40_33.jpg]]

24-06-2024T14:40:34 - [MESSAGE][PASSED] - Object: 'Object Repository/TabSection/nextArrowButton' is clicked on

24-06-2024T14:40:34 - [MESSAGE][PASSED] - tabSection.InsuranceInformation.insuranceInformationForEncoderPaperBased is PASSED

24-06-2024T14:40:36 - [TEST_STEP][PASSED] - Video: Video recording for test case 'Test Cases/Paper_STPWithAndWithoutAPI/Encoder/InsuranceInformation' .

24-06-2024T14:40:36 - [MESSAGE][INFO] - Video recording for test case 'Test Cases/Paper_STPWithAndWithoutAPI/Encoder/InsuranceInformation' .]]></system-out>
         <system-err><![CDATA[]]></system-err>
      </testcase>
      <testcase name="Test Cases/Paper_STPWithAndWithoutAPI/Encoder/DisbursementInformation" time="6.034" classname="Test Cases/Paper_STPWithAndWithoutAPI/Encoder/DisbursementInformation" status="PASSED">
         <system-out><![CDATA[24-06-2024T14:40:36 - [TEST_CASE][PASSED] - Test Cases/Paper_STPWithAndWithoutAPI/Encoder/DisbursementInformation: Test Cases/Paper_STPWithAndWithoutAPI/Encoder/DisbursementInformation

24-06-2024T14:40:36 - [TEST_STEP][PASSED] - tabSection.DisbursementInfo.disbursementInformationForEncoderPaperbased(): tabSection.DisbursementInfo.disbursementInformationForEncoderPaperbased is PASSED

24-06-2024T14:40:37 - [MESSAGE][PASSED] - Object: 'Object Repository/TabSection/DisbursementInformation' is clicked on

24-06-2024T14:40:38 - [MESSAGE][PASSED] - Delayed 1 second(s)

24-06-2024T14:40:39 - [MESSAGE][PASSED] - Delayed 1 second(s)

24-06-2024T14:40:40 - [MESSAGE][PASSED] - Delayed 1 second(s)

24-06-2024T14:40:40 - [MESSAGE][PASSED] - Taking screenshot successfully
[[ATTACHMENT|D:\\newRCBCProject\\RCBCLOS_Automation\\Reports\\20240624_143107\\PaperbaseFlows\\PaperbaseWithAndWithout\\EncoderForWith\\20240624_143111\\Screenshots/Encoder24_06_2402_34_11/Regression24_06_24_02_40_39.jpg]]

24-06-2024T14:40:40 - [MESSAGE][PASSED] - Object: 'Object Repository/TabSection/nextArrowButton' is clicked on

24-06-2024T14:40:40 - [MESSAGE][PASSED] - tabSection.DisbursementInfo.disbursementInformationForEncoderPaperbased is PASSED

24-06-2024T14:40:42 - [TEST_STEP][PASSED] - Video: Video recording for test case 'Test Cases/Paper_STPWithAndWithoutAPI/Encoder/DisbursementInformation' .

24-06-2024T14:40:42 - [MESSAGE][INFO] - Video recording for test case 'Test Cases/Paper_STPWithAndWithoutAPI/Encoder/DisbursementInformation' .]]></system-out>
         <system-err><![CDATA[]]></system-err>
      </testcase>
      <testcase name="Test Cases/Paper_STPWithAndWithoutAPI/Encoder/Action" time="64.218" classname="Test Cases/Paper_STPWithAndWithoutAPI/Encoder/Action" status="PASSED">
         <system-out><![CDATA[24-06-2024T14:40:42 - [TEST_CASE][PASSED] - Test Cases/Paper_STPWithAndWithoutAPI/Encoder/Action: Test Cases/Paper_STPWithAndWithoutAPI/Encoder/Action

24-06-2024T14:40:42 - [TEST_STEP][PASSED] - tabSection.Action.submitForAO(): tabSection.Action.submitForAO is PASSED

24-06-2024T14:40:45 - [MESSAGE][PASSED] - Object: 'Object Repository/TabSection/Action' is clicked on

24-06-2024T14:40:45 - [MESSAGE][PASSED] - Object 'Object Repository/Action/Decision' is visible

24-06-2024T14:40:46 - [MESSAGE][PASSED] - All options with index in [1] are selected on object 'Object Repository/Action/Decision'

24-06-2024T14:40:46 - [MESSAGE][PASSED] - Text 'OK' is set on object 'Object Repository/Action/Remarks'

24-06-2024T14:40:46 - [MESSAGE][PASSED] - Current window's title is: 'Encoder : LOS-3380'

24-06-2024T14:40:46 - [MESSAGE][PASSED] - Text of object 'Object Repository/Action/referenceNumber' is: 'Encoder : LOS-3380'

24-06-2024T14:40:46 - [MESSAGE][INFO] - LOS-3380

24-06-2024T14:40:52 - [MESSAGE][PASSED] - Object: 'Object Repository/Action/SubmitButton' is clicked on

24-06-2024T14:40:53 - [MESSAGE][PASSED] - Taking screenshot successfully
[[ATTACHMENT|D:\\newRCBCProject\\RCBCLOS_Automation\\Reports\\20240624_143107\\PaperbaseFlows\\PaperbaseWithAndWithout\\EncoderForWith\\20240624_143111\\1719220252912.png]]

24-06-2024T14:40:54 - [MESSAGE][PASSED] - Delayed 1 second(s)

24-06-2024T14:40:55 - [MESSAGE][PASSED] - Delayed 1 second(s)

24-06-2024T14:40:56 - [MESSAGE][PASSED] - Delayed 1 second(s)

24-06-2024T14:40:56 - [MESSAGE][PASSED] - Taking screenshot successfully
[[ATTACHMENT|D:\\newRCBCProject\\RCBCLOS_Automation\\Reports\\20240624_143107\\PaperbaseFlows\\PaperbaseWithAndWithout\\EncoderForWith\\20240624_143111\\Screenshots/Encoder24_06_2402_34_11/Regression24_06_24_02_40_55.jpg]]

24-06-2024T14:41:00 - [MESSAGE][PASSED] - Object: 'Object Repository/Action/confirmYes' is clicked on

24-06-2024T14:41:42 - [MESSAGE][WARNING] - Cannot find window with title: 'LoanPortal' (Root cause: com.kms.katalon.core.exception.StepFailedException: Cannot find window with title: 'LoanPortal'
	at com.kms.katalon.core.webui.keyword.internal.WebUIKeywordMain.stepFailed(WebUIKeywordMain.groovy:64)
	at com.kms.katalon.core.webui.keyword.builtin.SwitchToWindowTitleKeyword$_switchToWindowTitle_closure1.doCall(SwitchToWindowTitleKeyword.groovy:82)
	at com.kms.katalon.core.webui.keyword.builtin.SwitchToWindowTitleKeyword$_switchToWindowTitle_closure1.call(SwitchToWindowTitleKeyword.groovy)
	at com.kms.katalon.core.webui.keyword.internal.WebUIKeywordMain.runKeyword(WebUIKeywordMain.groovy:20)
	at com.kms.katalon.core.webui.keyword.builtin.SwitchToWindowTitleKeyword.switchToWindowTitle(SwitchToWindowTitleKeyword.groovy:84)
	at com.kms.katalon.core.webui.keyword.builtin.SwitchToWindowTitleKeyword.execute(SwitchToWindowTitleKeyword.groovy:67)
	at com.kms.katalon.core.keyword.internal.KeywordExecutor.executeKeywordForPlatform(KeywordExecutor.groovy:74)
	at com.kms.katalon.core.webui.keyword.WebUiBuiltInKeywords.switchToWindowTitle(WebUiBuiltInKeywords.groovy:1809)
	at tabSection.Action.submitForAO(Action.groovy:64)
	at java.base/jdk.internal.reflect.NativeMethodAccessorImpl.invoke0(Native Method)
	at java.base/jdk.internal.reflect.NativeMethodAccessorImpl.invoke(NativeMethodAccessorImpl.java:77)
	at java.base/jdk.internal.reflect.DelegatingMethodAccessorImpl.invoke(DelegatingMethodAccessorImpl.java:43)
	at com.kms.katalon.core.main.CustomKeywordDelegatingMetaClass.invokeStaticMethod(CustomKeywordDelegatingMetaClass.java:55)
	at Action.run(Action:20)
	at com.kms.katalon.core.main.ScriptEngine.run(ScriptEngine.java:194)
	at com.kms.katalon.core.main.ScriptEngine.runScriptAsRawText(ScriptEngine.java:119)
	at com.kms.katalon.core.main.TestCaseExecutor.runScript(TestCaseExecutor.java:448)
	at com.kms.katalon.core.main.TestCaseExecutor.doExecute(TestCaseExecutor.java:439)
	at com.kms.katalon.core.main.TestCaseExecutor.processExecutionPhase(TestCaseExecutor.java:418)
	at com.kms.katalon.core.main.TestCaseExecutor.accessMainPhase(TestCaseExecutor.java:410)
	at com.kms.katalon.core.main.TestCaseExecutor.execute(TestCaseExecutor.java:285)
	at com.kms.katalon.core.common.CommonExecutor.accessTestCaseMainPhase(CommonExecutor.java:65)
	at com.kms.katalon.core.main.TestSuiteExecutor.accessTestSuiteMainPhase(TestSuiteExecutor.java:150)
	at com.kms.katalon.core.main.TestSuiteExecutor.execute(TestSuiteExecutor.java:106)
	at com.kms.katalon.core.main.TestCaseMain.startTestSuite(TestCaseMain.java:180)
	at TempTestSuite1719219671757.run(TempTestSuite1719219671757.groovy:35)
	at java.base/jdk.internal.reflect.NativeMethodAccessorImpl.invoke0(Native Method)
	at java.base/jdk.internal.reflect.NativeMethodAccessorImpl.invoke(NativeMethodAccessorImpl.java:77)
	at java.base/jdk.internal.reflect.DelegatingMethodAccessorImpl.invoke(DelegatingMethodAccessorImpl.java:43)
)
[[ATTACHMENT|D:\\newRCBCProject\\RCBCLOS_Automation\\Reports\\20240624_143107\\PaperbaseFlows\\PaperbaseWithAndWithout\\EncoderForWith\\20240624_143111\\1719220302900.png]]

24-06-2024T14:41:44 - [MESSAGE][PASSED] - Delayed 2 second(s)

24-06-2024T14:41:44 - [MESSAGE][PASSED] - tabSection.Action.submitForAO is PASSED

24-06-2024T14:41:47 - [TEST_STEP][PASSED] - Video: Video recording for test case 'Test Cases/Paper_STPWithAndWithoutAPI/Encoder/Action' .

24-06-2024T14:41:47 - [MESSAGE][INFO] - Video recording for test case 'Test Cases/Paper_STPWithAndWithoutAPI/Encoder/Action' .]]></system-out>
         <system-err><![CDATA[]]></system-err>
      </testcase>
      <testcase name="Test Cases/LogOut/logout" time="15.996" classname="Test Cases/LogOut/logout" status="PASSED">
         <system-out><![CDATA[24-06-2024T14:41:47 - [TEST_CASE][PASSED] - Test Cases/LogOut/logout: Test Cases/LogOut/logout

24-06-2024T14:41:47 - [TEST_STEP][PASSED] - signOutibps.SignOut.logout(): signOutibps.SignOut.logout is PASSED

24-06-2024T14:41:47 - [MESSAGE][PASSED] - Switched to window with index: '0'

24-06-2024T14:41:48 - [MESSAGE][PASSED] - Delayed 1 second(s)

24-06-2024T14:41:48 - [MESSAGE][PASSED] - All options with index in [2] are selected on object 'Object Repository/ibpsLogOut/selectProcess'

24-06-2024T14:41:49 - [MESSAGE][PASSED] - Delayed 1 second(s)

24-06-2024T14:41:50 - [MESSAGE][PASSED] - Object: 'Object Repository/ibpsLogOut/searchBar' is double clicked on

24-06-2024T14:41:50 - [MESSAGE][PASSED] - Keys 'LOS-3380' sent to object: 'Object Repository/ibpsLogOut/searchBar'

24-06-2024T14:41:50 - [MESSAGE][PASSED] - Keys 'ENTER + ' sent to object: 'Object Repository/ibpsLogOut/searchBar'

24-06-2024T14:41:51 - [MESSAGE][PASSED] - Delayed 1 second(s)

24-06-2024T14:41:52 - [MESSAGE][PASSED] - Delayed 1 second(s)

24-06-2024T14:41:53 - [MESSAGE][PASSED] - Delayed 1 second(s)

24-06-2024T14:41:53 - [MESSAGE][PASSED] - Taking screenshot successfully
[[ATTACHMENT|D:\\newRCBCProject\\RCBCLOS_Automation\\Reports\\20240624_143107\\PaperbaseFlows\\PaperbaseWithAndWithout\\EncoderForWith\\20240624_143111\\Screenshots/Encoder24_06_2402_34_11/Regression24_06_24_02_41_52.jpg]]

24-06-2024T14:41:55 - [MESSAGE][PASSED] - Delayed 2 second(s)

24-06-2024T14:41:55 - [MESSAGE][PASSED] - Object: 'Object Repository/ibpsLogOut/label_QK_CO7' is clicked on

24-06-2024T14:41:57 - [MESSAGE][PASSED] - Delayed 2 second(s)

24-06-2024T14:41:57 - [MESSAGE][PASSED] - Object: 'Object Repository/ibpsLogOut/Logout' is clicked on

24-06-2024T14:41:58 - [MESSAGE][PASSED] - Delayed 1 second(s)

24-06-2024T14:41:59 - [MESSAGE][PASSED] - Delayed 1 second(s)

24-06-2024T14:42:00 - [MESSAGE][PASSED] - Delayed 1 second(s)

24-06-2024T14:42:01 - [MESSAGE][PASSED] - Taking screenshot successfully
[[ATTACHMENT|D:\\newRCBCProject\\RCBCLOS_Automation\\Reports\\20240624_143107\\PaperbaseFlows\\PaperbaseWithAndWithout\\EncoderForWith\\20240624_143111\\Screenshots/Encoder24_06_2402_34_11/Regression24_06_24_02_41_59.jpg]]

24-06-2024T14:42:01 - [MESSAGE][PASSED] - signOutibps.SignOut.logout is PASSED

24-06-2024T14:42:03 - [TEST_STEP][PASSED] - Video: Video recording for test case 'Test Cases/LogOut/logout' .

24-06-2024T14:42:03 - [MESSAGE][INFO] - Video recording for test case 'Test Cases/LogOut/logout' .]]></system-out>
         <system-err><![CDATA[]]></system-err>
      </testcase>
      <system-out><![CDATA[24-06-2024T14:34:02 - [TEST_SUITE][FAILED] - EncoderForWith: Test Cases/Paper_STPWithAndWithoutAPI/Encoder/CheckEligibility FAILED.
Reason:
com.kms.katalon.core.exception.StepFailedException: Unable to click on object 'Object Repository/BackOfficePaperBase/EncoderPaperbaseCheckEligibility/crossButtonTemp' (Root cause: com.kms.katalon.core.exception.StepFailedException: Unable to click on object 'Object Repository/BackOfficePaperBase/EncoderPaperbaseCheckEligibility/crossButtonTemp'
	at com.kms.katalon.core.webui.keyword.internal.WebUIKeywordMain.stepFailed(WebUIKeywordMain.groovy:64)
	at com.kms.katalon.core.webui.keyword.internal.WebUIKeywordMain.runKeyword(WebUIKeywordMain.groovy:26)
	at com.kms.katalon.core.webui.keyword.builtin.ClickKeyword.click(ClickKeyword.groovy:74)
	at com.kms.katalon.core.webui.keyword.builtin.ClickKeyword.execute(ClickKeyword.groovy:40)
	at com.kms.katalon.core.keyword.internal.KeywordExecutor.executeKeywordForPlatform(KeywordExecutor.groovy:74)
	at com.kms.katalon.core.webui.keyword.WebUiBuiltInKeywords.click(WebUiBuiltInKeywords.groovy:659)
	at tabSection.CheckEligibility.checkEligibilityForPaperBased(CheckEligibility.groovy:277)
	at java.base/jdk.internal.reflect.NativeMethodAccessorImpl.invoke0(Native Method)
	at java.base/jdk.internal.reflect.NativeMethodAccessorImpl.invoke(NativeMethodAccessorImpl.java:77)
	at java.base/jdk.internal.reflect.DelegatingMethodAccessorImpl.invoke(DelegatingMethodAccessorImpl.java:43)
	at tabSection.CheckEligibility.checkEligibilityForEncoderPaperBased(CheckEligibility.groovy:426)
	at java.base/jdk.internal.reflect.NativeMethodAccessorImpl.invoke0(Native Method)
	at java.base/jdk.internal.reflect.NativeMethodAccessorImpl.invoke(NativeMethodAccessorImpl.java:77)
	at java.base/jdk.internal.reflect.DelegatingMethodAccessorImpl.invoke(DelegatingMethodAccessorImpl.java:43)
	at com.kms.katalon.core.main.CustomKeywordDelegatingMetaClass.invokeStaticMethod(CustomKeywordDelegatingMetaClass.java:55)
	at CheckEligibility.run(CheckEligibility:20)
	at com.kms.katalon.core.main.ScriptEngine.run(ScriptEngine.java:194)
	at com.kms.katalon.core.main.ScriptEngine.runScriptAsRawText(ScriptEngine.java:119)
	at com.kms.katalon.core.main.TestCaseExecutor.runScript(TestCaseExecutor.java:448)
	at com.kms.katalon.core.main.TestCaseExecutor.doExecute(TestCaseExecutor.java:439)
	at com.kms.katalon.core.main.TestCaseExecutor.processExecutionPhase(TestCaseExecutor.java:418)
	at com.kms.katalon.core.main.TestCaseExecutor.accessMainPhase(TestCaseExecutor.java:410)
	at com.kms.katalon.core.main.TestCaseExecutor.execute(TestCaseExecutor.java:285)
	at com.kms.katalon.core.common.CommonExecutor.accessTestCaseMainPhase(CommonExecutor.java:65)
	at com.kms.katalon.core.main.TestSuiteExecutor.accessTestSuiteMainPhase(TestSuiteExecutor.java:150)
	at com.kms.katalon.core.main.TestSuiteExecutor.execute(TestSuiteExecutor.java:106)
	at com.kms.katalon.core.main.TestCaseMain.startTestSuite(TestCaseMain.java:180)
	at TempTestSuite1719219671757.run(TempTestSuite1719219671757.groovy:35)
	at java.base/jdk.internal.reflect.NativeMethodAccessorImpl.invoke0(Native Method)
	at java.base/jdk.internal.reflect.NativeMethodAccessorImpl.invoke(NativeMethodAccessorImpl.java:77)
	at java.base/jdk.internal.reflect.DelegatingMethodAccessorImpl.invoke(DelegatingMethodAccessorImpl.java:43)
Caused by: com.kms.katalon.core.webui.exception.WebElementNotFoundException: Web element with id: 'Object Repository/BackOfficePaperBase/EncoderPaperbaseCheckEligibility/crossButtonTemp' located by '//button[text()="Ã—"]' not found
	at com.kms.katalon.core.webui.common.WebUiCommonHelper.findWebElement(WebUiCommonHelper.java:1426)
	at com.kms.katalon.core.webui.keyword.internal.WebUIAbstractKeyword.findWebElement(WebUIAbstractKeyword.groovy:27)
	at com.kms.katalon.core.webui.keyword.builtin.ClickKeyword$_click_closure1.doCall(ClickKeyword.groovy:65)
	at com.kms.katalon.core.webui.keyword.builtin.ClickKeyword$_click_closure1.call(ClickKeyword.groovy)
	at com.kms.katalon.core.webui.keyword.internal.WebUIKeywordMain.runKeyword(WebUIKeywordMain.groovy:20)
	at com.kms.katalon.core.webui.keyword.builtin.ClickKeyword.click(ClickKeyword.groovy:74)
	at com.kms.katalon.core.webui.keyword.builtin.ClickKeyword.execute(ClickKeyword.groovy:40)
	at com.kms.katalon.core.keyword.internal.KeywordExecutor.executeKeywordForPlatform(KeywordExecutor.groovy:74)
	at com.kms.katalon.core.webui.keyword.WebUiBuiltInKeywords.click(WebUiBuiltInKeywords.groovy:659)
	at tabSection.CheckEligibility.checkEligibilityForPaperBased(CheckEligibility.groovy:277)
	at java.base/jdk.internal.reflect.NativeMethodAccessorImpl.invoke0(Native Method)
	at java.base/jdk.internal.reflect.NativeMethodAccessorImpl.invoke(NativeMethodAccessorImpl.java:77)
	at java.base/jdk.internal.reflect.DelegatingMethodAccessorImpl.invoke(DelegatingMethodAccessorImpl.java:43)
	at tabSection.CheckEligibility.checkEligibilityForEncoderPaperBased(CheckEligibility.groovy:426)
	at java.base/jdk.internal.reflect.NativeMethodAccessorImpl.invoke0(Native Method)
	at java.base/jdk.internal.reflect.NativeMethodAccessorImpl.invoke(NativeMethodAccessorImpl.java:77)
	at java.base/jdk.internal.reflect.DelegatingMethodAccessorImpl.invoke(DelegatingMethodAccessorImpl.java:43)
	at com.kms.katalon.core.main.CustomKeywordDelegatingMetaClass.invokeStaticMethod(CustomKeywordDelegatingMetaClass.java:55)
	at Script1716354281890.run(Script1716354281890.groovy:20)
	... 15 more
)
	at com.kms.katalon.core.keyword.internal.KeywordMain.stepFailed(KeywordMain.groovy:39)
	at com.kms.katalon.core.webui.keyword.internal.WebUIKeywordMain.stepFailed(WebUIKeywordMain.groovy:64)
	at com.kms.katalon.core.webui.keyword.internal.WebUIKeywordMain.runKeyword(WebUIKeywordMain.groovy:26)
	at com.kms.katalon.core.webui.keyword.builtin.ClickKeyword.click(ClickKeyword.groovy:74)
	at com.kms.katalon.core.webui.keyword.builtin.ClickKeyword.execute(ClickKeyword.groovy:40)
	at com.kms.katalon.core.keyword.internal.KeywordExecutor.executeKeywordForPlatform(KeywordExecutor.groovy:74)
	at com.kms.katalon.core.webui.keyword.WebUiBuiltInKeywords.click(WebUiBuiltInKeywords.groovy:659)
	at tabSection.CheckEligibility.checkEligibilityForPaperBased(CheckEligibility.groovy:277)
	at java.base/jdk.internal.reflect.NativeMethodAccessorImpl.invoke0(Native Method)
	at java.base/jdk.internal.reflect.NativeMethodAccessorImpl.invoke(NativeMethodAccessorImpl.java:77)
	at java.base/jdk.internal.reflect.DelegatingMethodAccessorImpl.invoke(DelegatingMethodAccessorImpl.java:43)
	at tabSection.CheckEligibility.checkEligibilityForEncoderPaperBased(CheckEligibility.groovy:426)
	at java.base/jdk.internal.reflect.NativeMethodAccessorImpl.invoke0(Native Method)
	at java.base/jdk.internal.reflect.NativeMethodAccessorImpl.invoke(NativeMethodAccessorImpl.java:77)
	at java.base/jdk.internal.reflect.DelegatingMethodAccessorImpl.invoke(DelegatingMethodAccessorImpl.java:43)
	at com.kms.katalon.core.main.CustomKeywordDelegatingMetaClass.invokeStaticMethod(CustomKeywordDelegatingMetaClass.java:55)
	at CheckEligibility.run(CheckEligibility:20)
	at com.kms.katalon.core.main.ScriptEngine.run(ScriptEngine.java:194)
	at com.kms.katalon.core.main.ScriptEngine.runScriptAsRawText(ScriptEngine.java:119)
	at com.kms.katalon.core.main.TestCaseExecutor.runScript(TestCaseExecutor.java:448)
	at com.kms.katalon.core.main.TestCaseExecutor.doExecute(TestCaseExecutor.java:439)
	at com.kms.katalon.core.main.TestCaseExecutor.processExecutionPhase(TestCaseExecutor.java:418)
	at com.kms.katalon.core.main.TestCaseExecutor.accessMainPhase(TestCaseExecutor.java:410)
	at com.kms.katalon.core.main.TestCaseExecutor.execute(TestCaseExecutor.java:285)
	at com.kms.katalon.core.common.CommonExecutor.accessTestCaseMainPhase(CommonExecutor.java:65)
	at com.kms.katalon.core.main.TestSuiteExecutor.accessTestSuiteMainPhase(TestSuiteExecutor.java:150)
	at com.kms.katalon.core.main.TestSuiteExecutor.execute(TestSuiteExecutor.java:106)
	at com.kms.katalon.core.main.TestCaseMain.startTestSuite(TestCaseMain.java:180)
	at TempTestSuite1719219671757.run(TempTestSuite1719219671757.groovy:35)
	at java.base/jdk.internal.reflect.NativeMethodAccessorImpl.invoke0(Native Method)
	at java.base/jdk.internal.reflect.NativeMethodAccessorImpl.invoke(NativeMethodAccessorImpl.java:77)
	at java.base/jdk.internal.reflect.DelegatingMethodAccessorImpl.invoke(DelegatingMethodAccessorImpl.java:43)
Caused by: com.kms.katalon.core.exception.StepFailedException: Unable to click on object 'Object Repository/BackOfficePaperBase/EncoderPaperbaseCheckEligibility/crossButtonTemp'
	... 31 more
Caused by: com.kms.katalon.core.webui.exception.WebElementNotFoundException: Web element with id: 'Object Repository/BackOfficePaperBase/EncoderPaperbaseCheckEligibility/crossButtonTemp' located by '//button[text()="Ã—"]' not found
	at com.kms.katalon.core.webui.common.WebUiCommonHelper.findWebElement(WebUiCommonHelper.java:1426)
	at com.kms.katalon.core.webui.keyword.internal.WebUIAbstractKeyword.findWebElement(WebUIAbstractKeyword.groovy:27)
	at com.kms.katalon.core.webui.keyword.builtin.ClickKeyword$_click_closure1.doCall(ClickKeyword.groovy:65)
	at com.kms.katalon.core.webui.keyword.builtin.ClickKeyword$_click_closure1.call(ClickKeyword.groovy)
	at com.kms.katalon.core.webui.keyword.internal.WebUIKeywordMain.runKeyword(WebUIKeywordMain.groovy:20)
	... 29 more]]></system-out>
      <system-err><![CDATA[24-06-2024T14:34:02 - [TEST_SUITE][FAILED] - EncoderForWith: Test Cases/Paper_STPWithAndWithoutAPI/Encoder/CheckEligibility FAILED.
Reason:
com.kms.katalon.core.exception.StepFailedException: Unable to click on object 'Object Repository/BackOfficePaperBase/EncoderPaperbaseCheckEligibility/crossButtonTemp' (Root cause: com.kms.katalon.core.exception.StepFailedException: Unable to click on object 'Object Repository/BackOfficePaperBase/EncoderPaperbaseCheckEligibility/crossButtonTemp'
	at com.kms.katalon.core.webui.keyword.internal.WebUIKeywordMain.stepFailed(WebUIKeywordMain.groovy:64)
	at com.kms.katalon.core.webui.keyword.internal.WebUIKeywordMain.runKeyword(WebUIKeywordMain.groovy:26)
	at com.kms.katalon.core.webui.keyword.builtin.ClickKeyword.click(ClickKeyword.groovy:74)
	at com.kms.katalon.core.webui.keyword.builtin.ClickKeyword.execute(ClickKeyword.groovy:40)
	at com.kms.katalon.core.keyword.internal.KeywordExecutor.executeKeywordForPlatform(KeywordExecutor.groovy:74)
	at com.kms.katalon.core.webui.keyword.WebUiBuiltInKeywords.click(WebUiBuiltInKeywords.groovy:659)
	at tabSection.CheckEligibility.checkEligibilityForPaperBased(CheckEligibility.groovy:277)
	at java.base/jdk.internal.reflect.NativeMethodAccessorImpl.invoke0(Native Method)
	at java.base/jdk.internal.reflect.NativeMethodAccessorImpl.invoke(NativeMethodAccessorImpl.java:77)
	at java.base/jdk.internal.reflect.DelegatingMethodAccessorImpl.invoke(DelegatingMethodAccessorImpl.java:43)
	at tabSection.CheckEligibility.checkEligibilityForEncoderPaperBased(CheckEligibility.groovy:426)
	at java.base/jdk.internal.reflect.NativeMethodAccessorImpl.invoke0(Native Method)
	at java.base/jdk.internal.reflect.NativeMethodAccessorImpl.invoke(NativeMethodAccessorImpl.java:77)
	at java.base/jdk.internal.reflect.DelegatingMethodAccessorImpl.invoke(DelegatingMethodAccessorImpl.java:43)
	at com.kms.katalon.core.main.CustomKeywordDelegatingMetaClass.invokeStaticMethod(CustomKeywordDelegatingMetaClass.java:55)
	at CheckEligibility.run(CheckEligibility:20)
	at com.kms.katalon.core.main.ScriptEngine.run(ScriptEngine.java:194)
	at com.kms.katalon.core.main.ScriptEngine.runScriptAsRawText(ScriptEngine.java:119)
	at com.kms.katalon.core.main.TestCaseExecutor.runScript(TestCaseExecutor.java:448)
	at com.kms.katalon.core.main.TestCaseExecutor.doExecute(TestCaseExecutor.java:439)
	at com.kms.katalon.core.main.TestCaseExecutor.processExecutionPhase(TestCaseExecutor.java:418)
	at com.kms.katalon.core.main.TestCaseExecutor.accessMainPhase(TestCaseExecutor.java:410)
	at com.kms.katalon.core.main.TestCaseExecutor.execute(TestCaseExecutor.java:285)
	at com.kms.katalon.core.common.CommonExecutor.accessTestCaseMainPhase(CommonExecutor.java:65)
	at com.kms.katalon.core.main.TestSuiteExecutor.accessTestSuiteMainPhase(TestSuiteExecutor.java:150)
	at com.kms.katalon.core.main.TestSuiteExecutor.execute(TestSuiteExecutor.java:106)
	at com.kms.katalon.core.main.TestCaseMain.startTestSuite(TestCaseMain.java:180)
	at TempTestSuite1719219671757.run(TempTestSuite1719219671757.groovy:35)
	at java.base/jdk.internal.reflect.NativeMethodAccessorImpl.invoke0(Native Method)
	at java.base/jdk.internal.reflect.NativeMethodAccessorImpl.invoke(NativeMethodAccessorImpl.java:77)
	at java.base/jdk.internal.reflect.DelegatingMethodAccessorImpl.invoke(DelegatingMethodAccessorImpl.java:43)
Caused by: com.kms.katalon.core.webui.exception.WebElementNotFoundException: Web element with id: 'Object Repository/BackOfficePaperBase/EncoderPaperbaseCheckEligibility/crossButtonTemp' located by '//button[text()="Ã—"]' not found
	at com.kms.katalon.core.webui.common.WebUiCommonHelper.findWebElement(WebUiCommonHelper.java:1426)
	at com.kms.katalon.core.webui.keyword.internal.WebUIAbstractKeyword.findWebElement(WebUIAbstractKeyword.groovy:27)
	at com.kms.katalon.core.webui.keyword.builtin.ClickKeyword$_click_closure1.doCall(ClickKeyword.groovy:65)
	at com.kms.katalon.core.webui.keyword.builtin.ClickKeyword$_click_closure1.call(ClickKeyword.groovy)
	at com.kms.katalon.core.webui.keyword.internal.WebUIKeywordMain.runKeyword(WebUIKeywordMain.groovy:20)
	at com.kms.katalon.core.webui.keyword.builtin.ClickKeyword.click(ClickKeyword.groovy:74)
	at com.kms.katalon.core.webui.keyword.builtin.ClickKeyword.execute(ClickKeyword.groovy:40)
	at com.kms.katalon.core.keyword.internal.KeywordExecutor.executeKeywordForPlatform(KeywordExecutor.groovy:74)
	at com.kms.katalon.core.webui.keyword.WebUiBuiltInKeywords.click(WebUiBuiltInKeywords.groovy:659)
	at tabSection.CheckEligibility.checkEligibilityForPaperBased(CheckEligibility.groovy:277)
	at java.base/jdk.internal.reflect.NativeMethodAccessorImpl.invoke0(Native Method)
	at java.base/jdk.internal.reflect.NativeMethodAccessorImpl.invoke(NativeMethodAccessorImpl.java:77)
	at java.base/jdk.internal.reflect.DelegatingMethodAccessorImpl.invoke(DelegatingMethodAccessorImpl.java:43)
	at tabSection.CheckEligibility.checkEligibilityForEncoderPaperBased(CheckEligibility.groovy:426)
	at java.base/jdk.internal.reflect.NativeMethodAccessorImpl.invoke0(Native Method)
	at java.base/jdk.internal.reflect.NativeMethodAccessorImpl.invoke(NativeMethodAccessorImpl.java:77)
	at java.base/jdk.internal.reflect.DelegatingMethodAccessorImpl.invoke(DelegatingMethodAccessorImpl.java:43)
	at com.kms.katalon.core.main.CustomKeywordDelegatingMetaClass.invokeStaticMethod(CustomKeywordDelegatingMetaClass.java:55)
	at Script1716354281890.run(Script1716354281890.groovy:20)
	... 15 more
)
	at com.kms.katalon.core.keyword.internal.KeywordMain.stepFailed(KeywordMain.groovy:39)
	at com.kms.katalon.core.webui.keyword.internal.WebUIKeywordMain.stepFailed(WebUIKeywordMain.groovy:64)
	at com.kms.katalon.core.webui.keyword.internal.WebUIKeywordMain.runKeyword(WebUIKeywordMain.groovy:26)
	at com.kms.katalon.core.webui.keyword.builtin.ClickKeyword.click(ClickKeyword.groovy:74)
	at com.kms.katalon.core.webui.keyword.builtin.ClickKeyword.execute(ClickKeyword.groovy:40)
	at com.kms.katalon.core.keyword.internal.KeywordExecutor.executeKeywordForPlatform(KeywordExecutor.groovy:74)
	at com.kms.katalon.core.webui.keyword.WebUiBuiltInKeywords.click(WebUiBuiltInKeywords.groovy:659)
	at tabSection.CheckEligibility.checkEligibilityForPaperBased(CheckEligibility.groovy:277)
	at java.base/jdk.internal.reflect.NativeMethodAccessorImpl.invoke0(Native Method)
	at java.base/jdk.internal.reflect.NativeMethodAccessorImpl.invoke(NativeMethodAccessorImpl.java:77)
	at java.base/jdk.internal.reflect.DelegatingMethodAccessorImpl.invoke(DelegatingMethodAccessorImpl.java:43)
	at tabSection.CheckEligibility.checkEligibilityForEncoderPaperBased(CheckEligibility.groovy:426)
	at java.base/jdk.internal.reflect.NativeMethodAccessorImpl.invoke0(Native Method)
	at java.base/jdk.internal.reflect.NativeMethodAccessorImpl.invoke(NativeMethodAccessorImpl.java:77)
	at java.base/jdk.internal.reflect.DelegatingMethodAccessorImpl.invoke(DelegatingMethodAccessorImpl.java:43)
	at com.kms.katalon.core.main.CustomKeywordDelegatingMetaClass.invokeStaticMethod(CustomKeywordDelegatingMetaClass.java:55)
	at CheckEligibility.run(CheckEligibility:20)
	at com.kms.katalon.core.main.ScriptEngine.run(ScriptEngine.java:194)
	at com.kms.katalon.core.main.ScriptEngine.runScriptAsRawText(ScriptEngine.java:119)
	at com.kms.katalon.core.main.TestCaseExecutor.runScript(TestCaseExecutor.java:448)
	at com.kms.katalon.core.main.TestCaseExecutor.doExecute(TestCaseExecutor.java:439)
	at com.kms.katalon.core.main.TestCaseExecutor.processExecutionPhase(TestCaseExecutor.java:418)
	at com.kms.katalon.core.main.TestCaseExecutor.accessMainPhase(TestCaseExecutor.java:410)
	at com.kms.katalon.core.main.TestCaseExecutor.execute(TestCaseExecutor.java:285)
	at com.kms.katalon.core.common.CommonExecutor.accessTestCaseMainPhase(CommonExecutor.java:65)
	at com.kms.katalon.core.main.TestSuiteExecutor.accessTestSuiteMainPhase(TestSuiteExecutor.java:150)
	at com.kms.katalon.core.main.TestSuiteExecutor.execute(TestSuiteExecutor.java:106)
	at com.kms.katalon.core.main.TestCaseMain.startTestSuite(TestCaseMain.java:180)
	at TempTestSuite1719219671757.run(TempTestSuite1719219671757.groovy:35)
	at java.base/jdk.internal.reflect.NativeMethodAccessorImpl.invoke0(Native Method)
	at java.base/jdk.internal.reflect.NativeMethodAccessorImpl.invoke(NativeMethodAccessorImpl.java:77)
	at java.base/jdk.internal.reflect.DelegatingMethodAccessorImpl.invoke(DelegatingMethodAccessorImpl.java:43)
Caused by: com.kms.katalon.core.exception.StepFailedException: Unable to click on object 'Object Repository/BackOfficePaperBase/EncoderPaperbaseCheckEligibility/crossButtonTemp'
	... 31 more
Caused by: com.kms.katalon.core.webui.exception.WebElementNotFoundException: Web element with id: 'Object Repository/BackOfficePaperBase/EncoderPaperbaseCheckEligibility/crossButtonTemp' located by '//button[text()="Ã—"]' not found
	at com.kms.katalon.core.webui.common.WebUiCommonHelper.findWebElement(WebUiCommonHelper.java:1426)
	at com.kms.katalon.core.webui.keyword.internal.WebUIAbstractKeyword.findWebElement(WebUIAbstractKeyword.groovy:27)
	at com.kms.katalon.core.webui.keyword.builtin.ClickKeyword$_click_closure1.doCall(ClickKeyword.groovy:65)
	at com.kms.katalon.core.webui.keyword.builtin.ClickKeyword$_click_closure1.call(ClickKeyword.groovy)
	at com.kms.katalon.core.webui.keyword.internal.WebUIKeywordMain.runKeyword(WebUIKeywordMain.groovy:20)
	... 29 more]]></system-err>
   </testsuite>
</testsuites>
