<?xml version="1.0" encoding="UTF-8"?>
<testsuites name="testSuiteForAONSTP" time="393.544" tests="15" failures="0" errors="0">
   <testsuite name="testSuiteForAONSTP" tests="15" failures="0" errors="0" time="393.544" skipped="0" timestamp="29-06-2024T18:50:34" hostname="Adarsh.Lohar - QKNBK2037.qkcorp.qualitykiosk.com" id="Test Suites/DigitalFlows/NSTPDigitalLowCashout/testSuiteForAONSTP">
      <properties>
[...]
</properties>
      <testcase name="Test Cases/Digital_STPWithAndWithoutAPI/testCaseForAOWithout/LoginPageForAO" time="33.753" classname="Test Cases/Digital_STPWithAndWithoutAPI/testCaseForAOWithout/LoginPageForAO" status="PASSED">
         <system-out><![CDATA[29-06-2024T18:50:35 - [TEST_CASE][PASSED] - Test Cases/Digital_STPWithAndWithoutAPI/testCaseForAOWithout/LoginPageForAO: Test Cases/Digital_STPWithAndWithoutAPI/testCaseForAOWithout/LoginPageForAO

29-06-2024T18:50:37 - [TEST_STEP][PASSED] - accountOfficer.LoginForibpsAO.login(): accountOfficer.LoginForibpsAO.login is PASSED

29-06-2024T18:50:38 - [MESSAGE][INFO] - Starting 'Edge Chromium' driver

29-06-2024T18:50:40 - [MESSAGE][INFO] - Action delay is set to 0 milliseconds

29-06-2024T18:50:46 - [MESSAGE][PASSED] - Browser is opened with url: ''

29-06-2024T18:50:46 - [MESSAGE][PASSED] - Current window maximized

29-06-2024T18:50:50 - [MESSAGE][PASSED] - Navigate to 'https://rcbcuat.nonprodnmc.com/omniapp' successfully

29-06-2024T18:50:52 - [MESSAGE][PASSED] - Text 'QK_AO7' is set on object 'Object Repository/BackOffice/ibpsLogin/userName'

29-06-2024T18:50:53 - [MESSAGE][PASSED] - Text ****** has been set on object 'Object Repository/BackOffice/ibpsLogin/password'

29-06-2024T18:50:54 - [MESSAGE][PASSED] - Delayed 1 second(s)

29-06-2024T18:50:55 - [MESSAGE][PASSED] - Delayed 1 second(s)

29-06-2024T18:50:56 - [MESSAGE][PASSED] - Delayed 1 second(s)

29-06-2024T18:50:57 - [MESSAGE][PASSED] - Taking screenshot successfully
[[ATTACHMENT|D:\\newRCBCProject\\RCBCLOS_Automation\\Reports\\20240629_181257\\DigitalFlows\\NSTPDigitalLowCashout\\testSuiteForAONSTP\\20240629_181315\\Screenshots/AccountOfficer29_06_2406_50_54/Regression29_06_24_06_50_55.jpg]]

29-06-2024T18:50:58 - [MESSAGE][PASSED] - Object: 'Object Repository/BackOffice/ibpsLogin/loginButton' is clicked on

29-06-2024T18:51:00 - [MESSAGE][PASSED] - Delayed 2 second(s)

29-06-2024T18:51:06 - [MESSAGE][WARNING] - Object 'Object Repository/BackOffice/ibpsLogin/text' is not visible after 2 second(s)

29-06-2024T18:51:06 - [MESSAGE][PASSED] - accountOfficer.LoginForibpsAO.login is PASSED

29-06-2024T18:51:08 - [TEST_STEP][PASSED] - Video: Video recording for test case 'Test Cases/Digital_STPWithAndWithoutAPI/testCaseForAOWithout/LoginPageForAO' .

29-06-2024T18:51:08 - [MESSAGE][INFO] - Video recording for test case 'Test Cases/Digital_STPWithAndWithoutAPI/testCaseForAOWithout/LoginPageForAO' .]]></system-out>
         <system-err><![CDATA[]]></system-err>
      </testcase>
      <testcase name="Test Cases/Digital_STPWithAndWithoutAPI/testCaseForAOWithout/HomePageForAO" time="16.385" classname="Test Cases/Digital_STPWithAndWithoutAPI/testCaseForAOWithout/HomePageForAO" status="PASSED">
         <system-out><![CDATA[29-06-2024T18:51:08 - [TEST_CASE][PASSED] - Test Cases/Digital_STPWithAndWithoutAPI/testCaseForAOWithout/HomePageForAO: Test Cases/Digital_STPWithAndWithoutAPI/testCaseForAOWithout/HomePageForAO

29-06-2024T18:51:09 - [TEST_STEP][PASSED] - accountOfficer.HomePageForibpsAO.selectResistration(): accountOfficer.HomePageForibpsAO.selectResistration is PASSED

29-06-2024T18:51:09 - [MESSAGE][PASSED] - Wait for page load successfully

29-06-2024T18:51:11 - [MESSAGE][PASSED] - Delayed 2 second(s)

29-06-2024T18:51:11 - [MESSAGE][PASSED] - Object 'Object Repository/BackOffice/AO/ibpsHomePage/accountOfficer' is clickable

29-06-2024T18:51:14 - [MESSAGE][PASSED] - Delayed 3 second(s)

29-06-2024T18:51:14 - [MESSAGE][INFO] -  ******** LOS-3588

29-06-2024T18:51:16 - [MESSAGE][PASSED] - Delayed 2 second(s)

29-06-2024T18:51:18 - [MESSAGE][PASSED] - Delayed 1 second(s)

29-06-2024T18:51:19 - [MESSAGE][PASSED] - Delayed 1 second(s)

29-06-2024T18:51:19 - [MESSAGE][PASSED] - Taking screenshot successfully
[[ATTACHMENT|D:\\newRCBCProject\\RCBCLOS_Automation\\Reports\\20240629_181257\\DigitalFlows\\NSTPDigitalLowCashout\\testSuiteForAONSTP\\20240629_181315\\Screenshots/AccountOfficer29_06_2406_50_54/Regression29_06_24_06_51_18.jpg]]

29-06-2024T18:51:23 - [MESSAGE][PASSED] - Delayed 2 second(s)

29-06-2024T18:51:23 - [MESSAGE][PASSED] - accountOfficer.HomePageForibpsAO.selectResistration is PASSED

29-06-2024T18:51:25 - [TEST_STEP][PASSED] - Video: Video recording for test case 'Test Cases/Digital_STPWithAndWithoutAPI/testCaseForAOWithout/HomePageForAO' .

29-06-2024T18:51:25 - [MESSAGE][INFO] - Video recording for test case 'Test Cases/Digital_STPWithAndWithoutAPI/testCaseForAOWithout/HomePageForAO' .]]></system-out>
         <system-err><![CDATA[]]></system-err>
      </testcase>
      <testcase name="Test Cases/Digital_NSTP/testCaseForAONSTP/CustomerDetailForAO" time="39.927" classname="Test Cases/Digital_NSTP/testCaseForAONSTP/CustomerDetailForAO" status="PASSED">
         <system-out><![CDATA[29-06-2024T18:51:25 - [TEST_CASE][PASSED] - Test Cases/Digital_NSTP/testCaseForAONSTP/CustomerDetailForAO: Test Cases/Digital_NSTP/testCaseForAONSTP/CustomerDetailForAO

29-06-2024T18:51:26 - [TEST_STEP][PASSED] - tabSection.CustomerDetail.clientInformationForAONSTP(): tabSection.CustomerDetail.clientInformationForAONSTP is PASSED

29-06-2024T18:51:27 - [MESSAGE][PASSED] - Delayed 1 second(s)

29-06-2024T18:51:27 - [MESSAGE][PASSED] - Current window's index is: 0

29-06-2024T18:51:27 - [MESSAGE][PASSED] - Switched to window with index: '1'

29-06-2024T18:51:30 - [MESSAGE][PASSED] - Attribute 'title' of object 'Object Repository/ClientInformationPreRelease/creditProgram' is: ''

29-06-2024T18:51:34 - [MESSAGE][PASSED] - Text of object 'Object Repository/Action/referenceNumber' is: 'AO SI DI : LOS-3588'

29-06-2024T18:51:34 - [MESSAGE][INFO] - AO SI DI : LOS-3588 Contains LOS-3588

29-06-2024T18:51:34 - [MESSAGE][INFO] - Ready to go....

29-06-2024T18:51:35 - [MESSAGE][PASSED] - Delayed 1 second(s)

29-06-2024T18:51:36 - [MESSAGE][PASSED] - Delayed 1 second(s)

29-06-2024T18:51:37 - [MESSAGE][PASSED] - Taking screenshot successfully
[[ATTACHMENT|D:\\newRCBCProject\\RCBCLOS_Automation\\Reports\\20240629_181257\\DigitalFlows\\NSTPDigitalLowCashout\\testSuiteForAONSTP\\20240629_181315\\Screenshots/AccountOfficer29_06_2406_50_54/Regression29_06_24_06_51_35.jpg]]

29-06-2024T18:51:37 - [MESSAGE][PASSED] - Object 'Object Repository/ClientInformationPreRelease/clientInformationCollapse' is present

29-06-2024T18:51:38 - [MESSAGE][PASSED] - Scroll to object 'Object Repository/ClientInformationPreRelease/clientInformationCollapse' successfully

29-06-2024T18:51:39 - [MESSAGE][PASSED] - Delayed 1 second(s)

29-06-2024T18:51:40 - [MESSAGE][PASSED] - Delayed 1 second(s)

29-06-2024T18:51:40 - [MESSAGE][PASSED] - Taking screenshot successfully
[[ATTACHMENT|D:\\newRCBCProject\\RCBCLOS_Automation\\Reports\\20240629_181257\\DigitalFlows\\NSTPDigitalLowCashout\\testSuiteForAONSTP\\20240629_181315\\Screenshots/AccountOfficer29_06_2406_50_54/Regression29_06_24_06_51_39.jpg]]

29-06-2024T18:51:41 - [MESSAGE][PASSED] - Object 'Object Repository/ClientInformationPreRelease/borrowerDetailCollapse' is present

29-06-2024T18:51:42 - [MESSAGE][PASSED] - Scroll to object 'Object Repository/ClientInformationPreRelease/borrowerDetailCollapse' successfully

29-06-2024T18:51:43 - [MESSAGE][PASSED] - Delayed 1 second(s)

29-06-2024T18:51:44 - [MESSAGE][PASSED] - Delayed 1 second(s)

29-06-2024T18:51:44 - [MESSAGE][PASSED] - Taking screenshot successfully
[[ATTACHMENT|D:\\newRCBCProject\\RCBCLOS_Automation\\Reports\\20240629_181257\\DigitalFlows\\NSTPDigitalLowCashout\\testSuiteForAONSTP\\20240629_181315\\Screenshots/AccountOfficer29_06_2406_50_54/Regression29_06_24_06_51_43.jpg]]

29-06-2024T18:51:45 - [MESSAGE][PASSED] - Object 'Object Repository/ClientInformationPreRelease/borrowerAddressDetailsCollapse' is present

29-06-2024T18:51:45 - [MESSAGE][PASSED] - Scroll to object 'Object Repository/ClientInformationPreRelease/borrowerAddressDetailsCollapse' successfully

29-06-2024T18:51:46 - [MESSAGE][PASSED] - Delayed 1 second(s)

29-06-2024T18:51:47 - [MESSAGE][PASSED] - Delayed 1 second(s)

29-06-2024T18:51:48 - [MESSAGE][PASSED] - Taking screenshot successfully
[[ATTACHMENT|D:\\newRCBCProject\\RCBCLOS_Automation\\Reports\\20240629_181257\\DigitalFlows\\NSTPDigitalLowCashout\\testSuiteForAONSTP\\20240629_181315\\Screenshots/AccountOfficer29_06_2406_50_54/Regression29_06_24_06_51_46.jpg]]

29-06-2024T18:51:48 - [MESSAGE][PASSED] - Object 'Object Repository/ClientInformationPreRelease/borrowerSourceOfIncomeCollapse' is present

29-06-2024T18:51:49 - [MESSAGE][PASSED] - Scroll to object 'Object Repository/ClientInformationPreRelease/borrowerSourceOfIncomeCollapse' successfully

29-06-2024T18:51:50 - [MESSAGE][PASSED] - Delayed 1 second(s)

29-06-2024T18:51:51 - [MESSAGE][PASSED] - Delayed 1 second(s)

29-06-2024T18:51:51 - [MESSAGE][PASSED] - Taking screenshot successfully
[[ATTACHMENT|D:\\newRCBCProject\\RCBCLOS_Automation\\Reports\\20240629_181257\\DigitalFlows\\NSTPDigitalLowCashout\\testSuiteForAONSTP\\20240629_181315\\Screenshots/AccountOfficer29_06_2406_50_54/Regression29_06_24_06_51_50.jpg]]

29-06-2024T18:51:52 - [MESSAGE][PASSED] - Object 'Object Repository/ClientInformationPreRelease/coBorrowerDetailsCollapse' is present

29-06-2024T18:51:53 - [MESSAGE][PASSED] - Scroll to object 'Object Repository/ClientInformationPreRelease/coBorrowerDetailsCollapse' successfully

29-06-2024T18:51:54 - [MESSAGE][PASSED] - Delayed 1 second(s)

29-06-2024T18:51:55 - [MESSAGE][PASSED] - Delayed 1 second(s)

29-06-2024T18:51:55 - [MESSAGE][PASSED] - Taking screenshot successfully
[[ATTACHMENT|D:\\newRCBCProject\\RCBCLOS_Automation\\Reports\\20240629_181257\\DigitalFlows\\NSTPDigitalLowCashout\\testSuiteForAONSTP\\20240629_181315\\Screenshots/AccountOfficer29_06_2406_50_54/Regression29_06_24_06_51_54.jpg]]

29-06-2024T18:51:56 - [MESSAGE][PASSED] - Object 'Object Repository/ClientInformationPreRelease/coBorrowerSourceOfIncome' is present

29-06-2024T18:51:56 - [MESSAGE][PASSED] - Scroll to object 'Object Repository/ClientInformationPreRelease/coBorrowerSourceOfIncome' successfully

29-06-2024T18:51:57 - [MESSAGE][PASSED] - Delayed 1 second(s)

29-06-2024T18:51:58 - [MESSAGE][PASSED] - Delayed 1 second(s)

29-06-2024T18:51:59 - [MESSAGE][PASSED] - Taking screenshot successfully
[[ATTACHMENT|D:\\newRCBCProject\\RCBCLOS_Automation\\Reports\\20240629_181257\\DigitalFlows\\NSTPDigitalLowCashout\\testSuiteForAONSTP\\20240629_181315\\Screenshots/AccountOfficer29_06_2406_50_54/Regression29_06_24_06_51_57.jpg]]

29-06-2024T18:52:00 - [MESSAGE][PASSED] - Object 'Object Repository/ClientInformationPreRelease/AIFDetailsCollapse' is present

29-06-2024T18:52:00 - [MESSAGE][PASSED] - Scroll to object 'Object Repository/ClientInformationPreRelease/AIFDetailsCollapse' successfully

29-06-2024T18:52:01 - [MESSAGE][PASSED] - Delayed 1 second(s)

29-06-2024T18:52:02 - [MESSAGE][PASSED] - Delayed 1 second(s)

29-06-2024T18:52:03 - [MESSAGE][PASSED] - Taking screenshot successfully
[[ATTACHMENT|D:\\newRCBCProject\\RCBCLOS_Automation\\Reports\\20240629_181257\\DigitalFlows\\NSTPDigitalLowCashout\\testSuiteForAONSTP\\20240629_181315\\Screenshots/AccountOfficer29_06_2406_50_54/Regression29_06_24_06_52_01.jpg]]

29-06-2024T18:52:03 - [MESSAGE][PASSED] - tabSection.CustomerDetail.clientInformationForAONSTP is PASSED

29-06-2024T18:52:05 - [TEST_STEP][PASSED] - Video: Video recording for test case 'Test Cases/Digital_NSTP/testCaseForAONSTP/CustomerDetailForAO' .

29-06-2024T18:52:05 - [MESSAGE][INFO] - Video recording for test case 'Test Cases/Digital_NSTP/testCaseForAONSTP/CustomerDetailForAO' .]]></system-out>
         <system-err><![CDATA[]]></system-err>
      </testcase>
      <testcase name="Test Cases/Digital_NSTP/testCaseForAONSTP/Loan InformationForAO" time="47.857" classname="Test Cases/Digital_NSTP/testCaseForAONSTP/Loan InformationForAO" status="PASSED">
         <system-out><![CDATA[29-06-2024T18:52:05 - [TEST_CASE][PASSED] - Test Cases/Digital_NSTP/testCaseForAONSTP/Loan InformationForAO: Test Cases/Digital_NSTP/testCaseForAONSTP/Loan InformationForAO

29-06-2024T18:52:05 - [TEST_STEP][PASSED] - tabSection.LoanInformation.loanInfoForAo(): tabSection.LoanInformation.loanInfoForAo is PASSED

29-06-2024T18:52:07 - [MESSAGE][PASSED] - Delayed 2 second(s)

29-06-2024T18:52:09 - [MESSAGE][PASSED] - Object: 'Object Repository/TabSection/LoanInformation' is clicked on

29-06-2024T18:52:09 - [MESSAGE][PASSED] - Scroll to object 'Object Repository/BackOffice/AO/LoanInfo/DIRate' successfully

29-06-2024T18:52:10 - [MESSAGE][PASSED] - Delayed 1 second(s)

29-06-2024T18:52:11 - [MESSAGE][PASSED] - Attribute 'title' of object 'Object Repository/BackOffice/AO/LoanInfo/SIRate' is: '3.45'

29-06-2024T18:52:11 - [MESSAGE][PASSED] - Attribute 'title' of object 'Object Repository/BackOffice/AO/LoanInfo/DIRate' is: '16.55'

29-06-2024T18:52:13 - [MESSAGE][PASSED] - Delayed 1 second(s)

29-06-2024T18:52:14 - [MESSAGE][PASSED] - Delayed 1 second(s)

29-06-2024T18:52:14 - [MESSAGE][PASSED] - Taking screenshot successfully
[[ATTACHMENT|D:\\newRCBCProject\\RCBCLOS_Automation\\Reports\\20240629_181257\\DigitalFlows\\NSTPDigitalLowCashout\\testSuiteForAONSTP\\20240629_181315\\Screenshots/AccountOfficer29_06_2406_50_54/Regression29_06_24_06_52_13.jpg]]

29-06-2024T18:52:19 - [MESSAGE][PASSED] - Text '8' is set on object 'Object Repository/BackOffice/AO/LoanInfo/SIRate'

29-06-2024T18:52:22 - [MESSAGE][PASSED] - Text '18' is set on object 'Object Repository/BackOffice/AO/LoanInfo/DIRate'

29-06-2024T18:52:23 - [MESSAGE][PASSED] - Delayed 1 second(s)

29-06-2024T18:52:24 - [MESSAGE][PASSED] - Delayed 1 second(s)

29-06-2024T18:52:25 - [MESSAGE][PASSED] - Delayed 1 second(s)

29-06-2024T18:52:25 - [MESSAGE][PASSED] - Taking screenshot successfully
[[ATTACHMENT|D:\\newRCBCProject\\RCBCLOS_Automation\\Reports\\20240629_181257\\DigitalFlows\\NSTPDigitalLowCashout\\testSuiteForAONSTP\\20240629_181315\\Screenshots/AccountOfficer29_06_2406_50_54/Regression29_06_24_06_52_24.jpg]]

29-06-2024T18:52:27 - [MESSAGE][PASSED] - Delayed 2 second(s)

29-06-2024T18:52:28 - [MESSAGE][PASSED] - Object: 'Object Repository/LoanInformationPreRelease/updateBtn' is clicked on

29-06-2024T18:52:29 - [MESSAGE][PASSED] - Object 'Object Repository/LoanInformationPreRelease/LoanInformation' is present

29-06-2024T18:52:30 - [MESSAGE][PASSED] - Scroll to object 'Object Repository/LoanInformationPreRelease/LoanInformation' successfully

29-06-2024T18:52:31 - [MESSAGE][PASSED] - Delayed 1 second(s)

29-06-2024T18:52:32 - [MESSAGE][PASSED] - Delayed 1 second(s)

29-06-2024T18:52:32 - [MESSAGE][PASSED] - Taking screenshot successfully
[[ATTACHMENT|D:\\newRCBCProject\\RCBCLOS_Automation\\Reports\\20240629_181257\\DigitalFlows\\NSTPDigitalLowCashout\\testSuiteForAONSTP\\20240629_181315\\Screenshots/AccountOfficer29_06_2406_50_54/Regression29_06_24_06_52_31.jpg]]

29-06-2024T18:52:33 - [MESSAGE][PASSED] - Object 'Object Repository/LoanInformationPreRelease/LoanApproval' is present

29-06-2024T18:52:33 - [MESSAGE][PASSED] - Scroll to object 'Object Repository/LoanInformationPreRelease/LoanApproval' successfully

29-06-2024T18:52:34 - [MESSAGE][PASSED] - Delayed 1 second(s)

29-06-2024T18:52:35 - [MESSAGE][PASSED] - Delayed 1 second(s)

29-06-2024T18:52:36 - [MESSAGE][PASSED] - Taking screenshot successfully
[[ATTACHMENT|D:\\newRCBCProject\\RCBCLOS_Automation\\Reports\\20240629_181257\\DigitalFlows\\NSTPDigitalLowCashout\\testSuiteForAONSTP\\20240629_181315\\Screenshots/AccountOfficer29_06_2406_50_54/Regression29_06_24_06_52_34.jpg]]

29-06-2024T18:52:36 - [MESSAGE][PASSED] - Object 'Object Repository/LoanInformationPreRelease/PromisaryNoteInformation' is present

29-06-2024T18:52:37 - [MESSAGE][PASSED] - Scroll to object 'Object Repository/LoanInformationPreRelease/PromisaryNoteInformation' successfully

29-06-2024T18:52:38 - [MESSAGE][PASSED] - Delayed 1 second(s)

29-06-2024T18:52:39 - [MESSAGE][PASSED] - Delayed 1 second(s)

29-06-2024T18:52:39 - [MESSAGE][PASSED] - Taking screenshot successfully
[[ATTACHMENT|D:\\newRCBCProject\\RCBCLOS_Automation\\Reports\\20240629_181257\\DigitalFlows\\NSTPDigitalLowCashout\\testSuiteForAONSTP\\20240629_181315\\Screenshots/AccountOfficer29_06_2406_50_54/Regression29_06_24_06_52_38.jpg]]

29-06-2024T18:52:40 - [MESSAGE][PASSED] - Object 'Object Repository/LoanInformationPreRelease/RatesTab' is present

29-06-2024T18:52:41 - [MESSAGE][PASSED] - Scroll to object 'Object Repository/LoanInformationPreRelease/RatesTab' successfully

29-06-2024T18:52:42 - [MESSAGE][PASSED] - Delayed 1 second(s)

29-06-2024T18:52:43 - [MESSAGE][PASSED] - Delayed 1 second(s)

29-06-2024T18:52:43 - [MESSAGE][PASSED] - Taking screenshot successfully
[[ATTACHMENT|D:\\newRCBCProject\\RCBCLOS_Automation\\Reports\\20240629_181257\\DigitalFlows\\NSTPDigitalLowCashout\\testSuiteForAONSTP\\20240629_181315\\Screenshots/AccountOfficer29_06_2406_50_54/Regression29_06_24_06_52_42.jpg]]

29-06-2024T18:52:44 - [MESSAGE][PASSED] - Object 'Object Repository/LoanInformationPreRelease/PromisaryNoteInformation' is present

29-06-2024T18:52:44 - [MESSAGE][PASSED] - Scroll to object 'Object Repository/LoanInformationPreRelease/PromisaryNoteInformation' successfully

29-06-2024T18:52:45 - [MESSAGE][PASSED] - Delayed 1 second(s)

29-06-2024T18:52:46 - [MESSAGE][PASSED] - Delayed 1 second(s)

29-06-2024T18:52:47 - [MESSAGE][PASSED] - Taking screenshot successfully
[[ATTACHMENT|D:\\newRCBCProject\\RCBCLOS_Automation\\Reports\\20240629_181257\\DigitalFlows\\NSTPDigitalLowCashout\\testSuiteForAONSTP\\20240629_181315\\Screenshots/AccountOfficer29_06_2406_50_54/Regression29_06_24_06_52_45.jpg]]

29-06-2024T18:52:47 - [MESSAGE][PASSED] - Object 'Object Repository/LoanInformationPreRelease/modeOfPayment1' is present

29-06-2024T18:52:48 - [MESSAGE][PASSED] - Scroll to object 'Object Repository/LoanInformationPreRelease/modeOfPayment1' successfully

29-06-2024T18:52:49 - [MESSAGE][PASSED] - Delayed 1 second(s)

29-06-2024T18:52:50 - [MESSAGE][PASSED] - Delayed 1 second(s)

29-06-2024T18:52:50 - [MESSAGE][PASSED] - Taking screenshot successfully
[[ATTACHMENT|D:\\newRCBCProject\\RCBCLOS_Automation\\Reports\\20240629_181257\\DigitalFlows\\NSTPDigitalLowCashout\\testSuiteForAONSTP\\20240629_181315\\Screenshots/AccountOfficer29_06_2406_50_54/Regression29_06_24_06_52_49.jpg]]

29-06-2024T18:52:50 - [MESSAGE][PASSED] - tabSection.LoanInformation.loanInfoForAo is PASSED

29-06-2024T18:52:53 - [TEST_STEP][PASSED] - Video: Video recording for test case 'Test Cases/Digital_NSTP/testCaseForAONSTP/Loan InformationForAO' .

29-06-2024T18:52:53 - [MESSAGE][INFO] - Video recording for test case 'Test Cases/Digital_NSTP/testCaseForAONSTP/Loan InformationForAO' .]]></system-out>
         <system-err><![CDATA[]]></system-err>
      </testcase>
      <testcase name="Test Cases/Digital_NSTP/testCaseForAONSTP/DocumentChecklistForAO" time="120.313" classname="Test Cases/Digital_NSTP/testCaseForAONSTP/DocumentChecklistForAO" status="PASSED">
         <system-out><![CDATA[29-06-2024T18:52:53 - [TEST_CASE][PASSED] - Test Cases/Digital_NSTP/testCaseForAONSTP/DocumentChecklistForAO: Test Cases/Digital_NSTP/testCaseForAONSTP/DocumentChecklistForAO

29-06-2024T18:52:53 - [TEST_STEP][PASSED] - tabSection.DocumentCheckList.documentCheckListForAo(): tabSection.DocumentCheckList.documentCheckListForAo is PASSED

29-06-2024T18:52:56 - [MESSAGE][PASSED] - Object: 'Object Repository/TabSection/DocumentCheclist' is clicked on

29-06-2024T18:52:57 - [MESSAGE][PASSED] - Delayed 1 second(s)

29-06-2024T18:52:58 - [MESSAGE][PASSED] - Delayed 1 second(s)

29-06-2024T18:52:59 - [MESSAGE][PASSED] - Delayed 1 second(s)

29-06-2024T18:52:59 - [MESSAGE][PASSED] - Taking screenshot successfully
[[ATTACHMENT|D:\\newRCBCProject\\RCBCLOS_Automation\\Reports\\20240629_181257\\DigitalFlows\\NSTPDigitalLowCashout\\testSuiteForAONSTP\\20240629_181315\\Screenshots/AccountOfficer29_06_2406_50_54/Regression29_06_24_06_52_58.jpg]]

29-06-2024T18:53:00 - [MESSAGE][PASSED] - Object 'Object Repository/DocumentCheckListForPreRelease/KycDocuments/viewIdTypeDocument' is present

29-06-2024T18:53:00 - [MESSAGE][PASSED] - Current window's index is: 1

29-06-2024T18:53:02 - [MESSAGE][PASSED] - Object: 'Object Repository/DocumentCheckListForPreRelease/KycDocuments/viewIdTypeDocument' is clicked on

29-06-2024T18:53:02 - [MESSAGE][PASSED] - Switched to window with index: '2'

29-06-2024T18:53:05 - [MESSAGE][PASSED] - Delayed 3 second(s)

29-06-2024T18:53:06 - [MESSAGE][PASSED] - Delayed 1 second(s)

29-06-2024T18:53:07 - [MESSAGE][PASSED] - Delayed 1 second(s)

29-06-2024T18:53:08 - [MESSAGE][PASSED] - Taking screenshot successfully
[[ATTACHMENT|D:\\newRCBCProject\\RCBCLOS_Automation\\Reports\\20240629_181257\\DigitalFlows\\NSTPDigitalLowCashout\\testSuiteForAONSTP\\20240629_181315\\Screenshots/AccountOfficer29_06_2406_50_54/Regression29_06_24_06_53_06.jpg]]

29-06-2024T18:53:11 - [MESSAGE][PASSED] - Delayed 3 second(s)

29-06-2024T18:53:11 - [MESSAGE][PASSED] - Window with index 2 is closed

29-06-2024T18:53:11 - [MESSAGE][PASSED] - Switched to window with index: '1'

29-06-2024T18:53:11 - [MESSAGE][PASSED] - Object 'Object Repository/DocumentCheckListForPreRelease/FinancialDocument/viewIncomeDocument' is present

29-06-2024T18:53:11 - [MESSAGE][PASSED] - Current window's index is: 1

29-06-2024T18:53:13 - [MESSAGE][PASSED] - Object: 'Object Repository/DocumentCheckListForPreRelease/FinancialDocument/viewIncomeDocument' is clicked on

29-06-2024T18:53:13 - [MESSAGE][PASSED] - Switched to window with index: '2'

29-06-2024T18:53:16 - [MESSAGE][PASSED] - Delayed 3 second(s)

29-06-2024T18:53:17 - [MESSAGE][PASSED] - Delayed 1 second(s)

29-06-2024T18:53:18 - [MESSAGE][PASSED] - Delayed 1 second(s)

29-06-2024T18:53:19 - [MESSAGE][PASSED] - Taking screenshot successfully
[[ATTACHMENT|D:\\newRCBCProject\\RCBCLOS_Automation\\Reports\\20240629_181257\\DigitalFlows\\NSTPDigitalLowCashout\\testSuiteForAONSTP\\20240629_181315\\Screenshots/AccountOfficer29_06_2406_50_54/Regression29_06_24_06_53_17.jpg]]

29-06-2024T18:53:22 - [MESSAGE][PASSED] - Delayed 3 second(s)

29-06-2024T18:53:22 - [MESSAGE][PASSED] - Window with index 2 is closed

29-06-2024T18:53:22 - [MESSAGE][PASSED] - Switched to window with index: '1'

29-06-2024T18:53:23 - [MESSAGE][PASSED] - Object 'Object Repository/DocumentCheckListForPreRelease/OutwardDocument/viewBtn1' is present

29-06-2024T18:53:23 - [MESSAGE][PASSED] - Current window's index is: 1

29-06-2024T18:53:25 - [MESSAGE][PASSED] - Object: 'Object Repository/DocumentCheckListForPreRelease/OutwardDocument/viewBtn1' is clicked on

29-06-2024T18:53:25 - [MESSAGE][PASSED] - Switched to window with index: '2'

29-06-2024T18:53:28 - [MESSAGE][PASSED] - Delayed 3 second(s)

29-06-2024T18:53:29 - [MESSAGE][PASSED] - Delayed 1 second(s)

29-06-2024T18:53:30 - [MESSAGE][PASSED] - Delayed 1 second(s)

29-06-2024T18:53:30 - [MESSAGE][PASSED] - Taking screenshot successfully
[[ATTACHMENT|D:\\newRCBCProject\\RCBCLOS_Automation\\Reports\\20240629_181257\\DigitalFlows\\NSTPDigitalLowCashout\\testSuiteForAONSTP\\20240629_181315\\Screenshots/AccountOfficer29_06_2406_50_54/Regression29_06_24_06_53_29.jpg]]

29-06-2024T18:53:33 - [MESSAGE][PASSED] - Delayed 3 second(s)

29-06-2024T18:53:34 - [MESSAGE][PASSED] - Window with index 2 is closed

29-06-2024T18:53:34 - [MESSAGE][PASSED] - Switched to window with index: '1'

29-06-2024T18:53:34 - [MESSAGE][PASSED] - Object 'Object Repository/DocumentCheckListForPreRelease/OutwardDocument/viewBtn2' is present

29-06-2024T18:53:34 - [MESSAGE][PASSED] - Current window's index is: 1

29-06-2024T18:53:36 - [MESSAGE][PASSED] - Object: 'Object Repository/DocumentCheckListForPreRelease/OutwardDocument/viewBtn2' is clicked on

29-06-2024T18:53:36 - [MESSAGE][PASSED] - Switched to window with index: '2'

29-06-2024T18:53:39 - [MESSAGE][PASSED] - Delayed 3 second(s)

29-06-2024T18:53:40 - [MESSAGE][PASSED] - Delayed 1 second(s)

29-06-2024T18:53:41 - [MESSAGE][PASSED] - Delayed 1 second(s)

29-06-2024T18:53:42 - [MESSAGE][PASSED] - Taking screenshot successfully
[[ATTACHMENT|D:\\newRCBCProject\\RCBCLOS_Automation\\Reports\\20240629_181257\\DigitalFlows\\NSTPDigitalLowCashout\\testSuiteForAONSTP\\20240629_181315\\Screenshots/AccountOfficer29_06_2406_50_54/Regression29_06_24_06_53_40.jpg]]

29-06-2024T18:53:45 - [MESSAGE][PASSED] - Delayed 3 second(s)

29-06-2024T18:53:45 - [MESSAGE][PASSED] - Window with index 2 is closed

29-06-2024T18:53:45 - [MESSAGE][PASSED] - Switched to window with index: '1'

29-06-2024T18:53:46 - [MESSAGE][PASSED] - Object 'Object Repository/DocumentCheckListForPreRelease/OutwardDocument/viewBtn3' is present

29-06-2024T18:53:46 - [MESSAGE][PASSED] - Current window's index is: 1

29-06-2024T18:53:48 - [MESSAGE][PASSED] - Object: 'Object Repository/DocumentCheckListForPreRelease/OutwardDocument/viewBtn3' is clicked on

29-06-2024T18:53:48 - [MESSAGE][PASSED] - Switched to window with index: '2'

29-06-2024T18:53:51 - [MESSAGE][PASSED] - Delayed 3 second(s)

29-06-2024T18:53:52 - [MESSAGE][PASSED] - Delayed 1 second(s)

29-06-2024T18:53:53 - [MESSAGE][PASSED] - Delayed 1 second(s)

29-06-2024T18:53:53 - [MESSAGE][PASSED] - Taking screenshot successfully
[[ATTACHMENT|D:\\newRCBCProject\\RCBCLOS_Automation\\Reports\\20240629_181257\\DigitalFlows\\NSTPDigitalLowCashout\\testSuiteForAONSTP\\20240629_181315\\Screenshots/AccountOfficer29_06_2406_50_54/Regression29_06_24_06_53_52.jpg]]

29-06-2024T18:53:56 - [MESSAGE][PASSED] - Delayed 3 second(s)

29-06-2024T18:53:57 - [MESSAGE][PASSED] - Window with index 2 is closed

29-06-2024T18:53:57 - [MESSAGE][PASSED] - Switched to window with index: '1'

29-06-2024T18:53:57 - [MESSAGE][PASSED] - Object 'Object Repository/DocumentCheckListForPreRelease/OutwardDocument/viewBtn4' is present

29-06-2024T18:53:57 - [MESSAGE][PASSED] - Current window's index is: 1

29-06-2024T18:53:58 - [MESSAGE][PASSED] - Object: 'Object Repository/DocumentCheckListForPreRelease/OutwardDocument/viewBtn4' is clicked on

29-06-2024T18:53:59 - [MESSAGE][PASSED] - Switched to window with index: '2'

29-06-2024T18:54:02 - [MESSAGE][PASSED] - Delayed 3 second(s)

29-06-2024T18:54:03 - [MESSAGE][PASSED] - Delayed 1 second(s)

29-06-2024T18:54:04 - [MESSAGE][PASSED] - Delayed 1 second(s)

29-06-2024T18:54:04 - [MESSAGE][PASSED] - Taking screenshot successfully
[[ATTACHMENT|D:\\newRCBCProject\\RCBCLOS_Automation\\Reports\\20240629_181257\\DigitalFlows\\NSTPDigitalLowCashout\\testSuiteForAONSTP\\20240629_181315\\Screenshots/AccountOfficer29_06_2406_50_54/Regression29_06_24_06_54_03.jpg]]

29-06-2024T18:54:07 - [MESSAGE][PASSED] - Delayed 3 second(s)

29-06-2024T18:54:07 - [MESSAGE][PASSED] - Window with index 2 is closed

29-06-2024T18:54:07 - [MESSAGE][PASSED] - Switched to window with index: '1'

29-06-2024T18:54:08 - [MESSAGE][PASSED] - Object 'Object Repository/DocumentCheckListForPreRelease/OutwardDocument/viewBtn5' is present

29-06-2024T18:54:08 - [MESSAGE][PASSED] - Current window's index is: 1

29-06-2024T18:54:10 - [MESSAGE][PASSED] - Object: 'Object Repository/DocumentCheckListForPreRelease/OutwardDocument/viewBtn5' is clicked on

29-06-2024T18:54:11 - [MESSAGE][PASSED] - Switched to window with index: '2'

29-06-2024T18:54:14 - [MESSAGE][PASSED] - Delayed 3 second(s)

29-06-2024T18:54:15 - [MESSAGE][PASSED] - Delayed 1 second(s)

29-06-2024T18:54:16 - [MESSAGE][PASSED] - Delayed 1 second(s)

29-06-2024T18:54:16 - [MESSAGE][PASSED] - Taking screenshot successfully
[[ATTACHMENT|D:\\newRCBCProject\\RCBCLOS_Automation\\Reports\\20240629_181257\\DigitalFlows\\NSTPDigitalLowCashout\\testSuiteForAONSTP\\20240629_181315\\Screenshots/AccountOfficer29_06_2406_50_54/Regression29_06_24_06_54_15.jpg]]

29-06-2024T18:54:19 - [MESSAGE][PASSED] - Delayed 3 second(s)

29-06-2024T18:54:19 - [MESSAGE][PASSED] - Window with index 2 is closed

29-06-2024T18:54:19 - [MESSAGE][PASSED] - Switched to window with index: '1'

29-06-2024T18:54:20 - [MESSAGE][PASSED] - Object 'Object Repository/DocumentCheckListForPreRelease/OutwardDocument/viewBtn6' is present

29-06-2024T18:54:20 - [MESSAGE][PASSED] - Current window's index is: 1

29-06-2024T18:54:23 - [MESSAGE][PASSED] - Object: 'Object Repository/DocumentCheckListForPreRelease/OutwardDocument/viewBtn6' is clicked on

29-06-2024T18:54:23 - [MESSAGE][PASSED] - Switched to window with index: '2'

29-06-2024T18:54:26 - [MESSAGE][PASSED] - Delayed 3 second(s)

29-06-2024T18:54:27 - [MESSAGE][PASSED] - Delayed 1 second(s)

29-06-2024T18:54:28 - [MESSAGE][PASSED] - Delayed 1 second(s)

29-06-2024T18:54:29 - [MESSAGE][PASSED] - Taking screenshot successfully
[[ATTACHMENT|D:\\newRCBCProject\\RCBCLOS_Automation\\Reports\\20240629_181257\\DigitalFlows\\NSTPDigitalLowCashout\\testSuiteForAONSTP\\20240629_181315\\Screenshots/AccountOfficer29_06_2406_50_54/Regression29_06_24_06_54_27.jpg]]

29-06-2024T18:54:32 - [MESSAGE][PASSED] - Delayed 3 second(s)

29-06-2024T18:54:32 - [MESSAGE][PASSED] - Window with index 2 is closed

29-06-2024T18:54:32 - [MESSAGE][PASSED] - Switched to window with index: '1'

29-06-2024T18:54:33 - [MESSAGE][PASSED] - Object 'Object Repository/DocumentCheckListForPreRelease/OutwardDocument/viewBtn7' is clickable

29-06-2024T18:54:33 - [MESSAGE][PASSED] - Current window's index is: 1

29-06-2024T18:54:35 - [MESSAGE][PASSED] - Object: 'Object Repository/DocumentCheckListForPreRelease/OutwardDocument/viewBtn7' is clicked on

29-06-2024T18:54:35 - [MESSAGE][PASSED] - Switched to window with index: '2'

29-06-2024T18:54:38 - [MESSAGE][PASSED] - Delayed 3 second(s)

29-06-2024T18:54:39 - [MESSAGE][PASSED] - Delayed 1 second(s)

29-06-2024T18:54:40 - [MESSAGE][PASSED] - Delayed 1 second(s)

29-06-2024T18:54:40 - [MESSAGE][PASSED] - Taking screenshot successfully
[[ATTACHMENT|D:\\newRCBCProject\\RCBCLOS_Automation\\Reports\\20240629_181257\\DigitalFlows\\NSTPDigitalLowCashout\\testSuiteForAONSTP\\20240629_181315\\Screenshots/AccountOfficer29_06_2406_50_54/Regression29_06_24_06_54_39.jpg]]

29-06-2024T18:54:43 - [MESSAGE][PASSED] - Delayed 3 second(s)

29-06-2024T18:54:43 - [MESSAGE][PASSED] - Window with index 2 is closed

29-06-2024T18:54:43 - [MESSAGE][PASSED] - Switched to window with index: '1'

29-06-2024T18:54:44 - [MESSAGE][PASSED] - Object 'Object Repository/DocumentCheckListForPreRelease/kycDocument' is present

29-06-2024T18:54:45 - [MESSAGE][PASSED] - Scroll to object 'Object Repository/DocumentCheckListForPreRelease/kycDocument' successfully

29-06-2024T18:54:46 - [MESSAGE][PASSED] - Delayed 1 second(s)

29-06-2024T18:54:47 - [MESSAGE][PASSED] - Delayed 1 second(s)

29-06-2024T18:54:47 - [MESSAGE][PASSED] - Taking screenshot successfully
[[ATTACHMENT|D:\\newRCBCProject\\RCBCLOS_Automation\\Reports\\20240629_181257\\DigitalFlows\\NSTPDigitalLowCashout\\testSuiteForAONSTP\\20240629_181315\\Screenshots/AccountOfficer29_06_2406_50_54/Regression29_06_24_06_54_46.jpg]]

29-06-2024T18:54:48 - [MESSAGE][PASSED] - Object 'Object Repository/DocumentCheckListForPreRelease/prereleaseDocument' is present

29-06-2024T18:54:48 - [MESSAGE][PASSED] - Scroll to object 'Object Repository/DocumentCheckListForPreRelease/prereleaseDocument' successfully

29-06-2024T18:54:49 - [MESSAGE][PASSED] - Delayed 1 second(s)

29-06-2024T18:54:50 - [MESSAGE][PASSED] - Delayed 1 second(s)

29-06-2024T18:54:51 - [MESSAGE][PASSED] - Taking screenshot successfully
[[ATTACHMENT|D:\\newRCBCProject\\RCBCLOS_Automation\\Reports\\20240629_181257\\DigitalFlows\\NSTPDigitalLowCashout\\testSuiteForAONSTP\\20240629_181315\\Screenshots/AccountOfficer29_06_2406_50_54/Regression29_06_24_06_54_49.jpg]]

29-06-2024T18:54:51 - [MESSAGE][PASSED] - tabSection.DocumentCheckList.documentCheckListForAo is PASSED

29-06-2024T18:54:53 - [TEST_STEP][PASSED] - Video: Video recording for test case 'Test Cases/Digital_NSTP/testCaseForAONSTP/DocumentChecklistForAO' .

29-06-2024T18:54:53 - [MESSAGE][INFO] - Video recording for test case 'Test Cases/Digital_NSTP/testCaseForAONSTP/DocumentChecklistForAO' .]]></system-out>
         <system-err><![CDATA[]]></system-err>
      </testcase>
      <testcase name="Test Cases/Digital_NSTP/testCaseForAONSTP/CollateralInformationForAO" time="3.373" classname="Test Cases/Digital_NSTP/testCaseForAONSTP/CollateralInformationForAO" status="PASSED">
         <system-out><![CDATA[29-06-2024T18:54:53 - [TEST_CASE][PASSED] - Test Cases/Digital_NSTP/testCaseForAONSTP/CollateralInformationForAO: Test Cases/Digital_NSTP/testCaseForAONSTP/CollateralInformationForAO

29-06-2024T18:54:53 - [TEST_STEP][PASSED] - tabSection.CollateralInformation.collateralInformationForAo(): tabSection.CollateralInformation.collateralInformationForAo is PASSED

29-06-2024T18:54:54 - [MESSAGE][PASSED] - Object: 'Object Repository/TabSection/CollateralInformation' is clicked on

29-06-2024T18:54:54 - [MESSAGE][PASSED] - tabSection.CollateralInformation.collateralInformationForAo is PASSED

29-06-2024T18:54:56 - [TEST_STEP][PASSED] - Video: Video recording for test case 'Test Cases/Digital_NSTP/testCaseForAONSTP/CollateralInformationForAO' .

29-06-2024T18:54:56 - [MESSAGE][INFO] - Video recording for test case 'Test Cases/Digital_NSTP/testCaseForAONSTP/CollateralInformationForAO' .]]></system-out>
         <system-err><![CDATA[]]></system-err>
      </testcase>
      <testcase name="Test Cases/Digital_NSTP/testCaseForAONSTP/CheckEligibilityForAO" time="17.642" classname="Test Cases/Digital_NSTP/testCaseForAONSTP/CheckEligibilityForAO" status="PASSED">
         <system-out><![CDATA[29-06-2024T18:54:56 - [TEST_CASE][PASSED] - Test Cases/Digital_NSTP/testCaseForAONSTP/CheckEligibilityForAO: Test Cases/Digital_NSTP/testCaseForAONSTP/CheckEligibilityForAO

29-06-2024T18:54:57 - [TEST_STEP][PASSED] - tabSection.CheckEligibility.checkEligibilityForAo(): tabSection.CheckEligibility.checkEligibilityForAo is PASSED

29-06-2024T18:54:58 - [MESSAGE][PASSED] - Object: 'Object Repository/TabSection/checkEligibility' is clicked on

29-06-2024T18:54:59 - [MESSAGE][PASSED] - Delayed 1 second(s)

29-06-2024T18:55:00 - [MESSAGE][PASSED] - Delayed 1 second(s)

29-06-2024T18:55:01 - [MESSAGE][PASSED] - Delayed 1 second(s)

29-06-2024T18:55:01 - [MESSAGE][PASSED] - Taking screenshot successfully
[[ATTACHMENT|D:\\newRCBCProject\\RCBCLOS_Automation\\Reports\\20240629_181257\\DigitalFlows\\NSTPDigitalLowCashout\\testSuiteForAONSTP\\20240629_181315\\Screenshots/AccountOfficer29_06_2406_50_54/Regression29_06_24_06_55_00.jpg]]

29-06-2024T18:55:02 - [MESSAGE][PASSED] - Object 'Object Repository/BackOffice/CheckEligibility/creditChecking' is present

29-06-2024T18:55:02 - [MESSAGE][PASSED] - Scroll to object 'Object Repository/BackOffice/CheckEligibility/creditChecking' successfully

29-06-2024T18:55:03 - [MESSAGE][PASSED] - Delayed 1 second(s)

29-06-2024T18:55:04 - [MESSAGE][PASSED] - Delayed 1 second(s)

29-06-2024T18:55:05 - [MESSAGE][PASSED] - Taking screenshot successfully
[[ATTACHMENT|D:\\newRCBCProject\\RCBCLOS_Automation\\Reports\\20240629_181257\\DigitalFlows\\NSTPDigitalLowCashout\\testSuiteForAONSTP\\20240629_181315\\Screenshots/AccountOfficer29_06_2406_50_54/Regression29_06_24_06_55_03.jpg]]

29-06-2024T18:55:05 - [MESSAGE][PASSED] - Object 'Object Repository/BackOffice/CheckEligibility/NTBOrETBCheck' is present

29-06-2024T18:55:06 - [MESSAGE][PASSED] - Scroll to object 'Object Repository/BackOffice/CheckEligibility/NTBOrETBCheck' successfully

29-06-2024T18:55:07 - [MESSAGE][PASSED] - Delayed 1 second(s)

29-06-2024T18:55:08 - [MESSAGE][PASSED] - Delayed 1 second(s)

29-06-2024T18:55:08 - [MESSAGE][PASSED] - Taking screenshot successfully
[[ATTACHMENT|D:\\newRCBCProject\\RCBCLOS_Automation\\Reports\\20240629_181257\\DigitalFlows\\NSTPDigitalLowCashout\\testSuiteForAONSTP\\20240629_181315\\Screenshots/AccountOfficer29_06_2406_50_54/Regression29_06_24_06_55_07.jpg]]

29-06-2024T18:55:09 - [MESSAGE][PASSED] - Object 'Object Repository/BackOffice/CheckEligibility/AMLRiskRating' is present

29-06-2024T18:55:09 - [MESSAGE][PASSED] - Scroll to object 'Object Repository/BackOffice/CheckEligibility/AMLRiskRating' successfully

29-06-2024T18:55:10 - [MESSAGE][PASSED] - Delayed 1 second(s)

29-06-2024T18:55:11 - [MESSAGE][PASSED] - Delayed 1 second(s)

29-06-2024T18:55:12 - [MESSAGE][PASSED] - Taking screenshot successfully
[[ATTACHMENT|D:\\newRCBCProject\\RCBCLOS_Automation\\Reports\\20240629_181257\\DigitalFlows\\NSTPDigitalLowCashout\\testSuiteForAONSTP\\20240629_181315\\Screenshots/AccountOfficer29_06_2406_50_54/Regression29_06_24_06_55_10.jpg]]

29-06-2024T18:55:12 - [MESSAGE][PASSED] - tabSection.CheckEligibility.checkEligibilityForAo is PASSED

29-06-2024T18:55:14 - [TEST_STEP][PASSED] - Video: Video recording for test case 'Test Cases/Digital_NSTP/testCaseForAONSTP/CheckEligibilityForAO' .

29-06-2024T18:55:14 - [MESSAGE][INFO] - Video recording for test case 'Test Cases/Digital_NSTP/testCaseForAONSTP/CheckEligibilityForAO' .]]></system-out>
         <system-err><![CDATA[]]></system-err>
      </testcase>
      <testcase name="Test Cases/Digital_NSTP/testCaseForAONSTP/CreditEvaluationForAO" time="13.195" classname="Test Cases/Digital_NSTP/testCaseForAONSTP/CreditEvaluationForAO" status="PASSED">
         <system-out><![CDATA[29-06-2024T18:55:14 - [TEST_CASE][PASSED] - Test Cases/Digital_NSTP/testCaseForAONSTP/CreditEvaluationForAO: Test Cases/Digital_NSTP/testCaseForAONSTP/CreditEvaluationForAO

29-06-2024T18:55:14 - [TEST_STEP][PASSED] - tabSection.CreditEvaluation.creditEvaluationForAO(): tabSection.CreditEvaluation.creditEvaluationForAO is PASSED

29-06-2024T18:55:15 - [MESSAGE][PASSED] - Object: 'Object Repository/TabSection/creditEvaluation' is clicked on

29-06-2024T18:55:16 - [MESSAGE][PASSED] - Delayed 1 second(s)

29-06-2024T18:55:17 - [MESSAGE][PASSED] - Delayed 1 second(s)

29-06-2024T18:55:18 - [MESSAGE][PASSED] - Taking screenshot successfully
[[ATTACHMENT|D:\\newRCBCProject\\RCBCLOS_Automation\\Reports\\20240629_181257\\DigitalFlows\\NSTPDigitalLowCashout\\testSuiteForAONSTP\\20240629_181315\\Screenshots/AccountOfficer29_06_2406_50_54/Regression29_06_24_06_55_16.jpg]]

29-06-2024T18:55:18 - [MESSAGE][PASSED] - Object 'Object Repository/BackOffice/CreditEvaluation/otherCreditCheckings' is present

29-06-2024T18:55:19 - [MESSAGE][PASSED] - Scroll to object 'Object Repository/BackOffice/CreditEvaluation/otherCreditCheckings' successfully

29-06-2024T18:55:20 - [MESSAGE][PASSED] - Delayed 1 second(s)

29-06-2024T18:55:21 - [MESSAGE][PASSED] - Delayed 1 second(s)

29-06-2024T18:55:21 - [MESSAGE][PASSED] - Taking screenshot successfully
[[ATTACHMENT|D:\\newRCBCProject\\RCBCLOS_Automation\\Reports\\20240629_181257\\DigitalFlows\\NSTPDigitalLowCashout\\testSuiteForAONSTP\\20240629_181315\\Screenshots/AccountOfficer29_06_2406_50_54/Regression29_06_24_06_55_20.jpg]]

29-06-2024T18:55:22 - [MESSAGE][PASSED] - Object 'Object Repository/BackOffice/CreditEvaluation/NTBBankCheck' is present

29-06-2024T18:55:23 - [MESSAGE][PASSED] - Scroll to object 'Object Repository/BackOffice/CreditEvaluation/NTBBankCheck' successfully

29-06-2024T18:55:24 - [MESSAGE][PASSED] - Delayed 1 second(s)

29-06-2024T18:55:25 - [MESSAGE][PASSED] - Delayed 1 second(s)

29-06-2024T18:55:25 - [MESSAGE][PASSED] - Taking screenshot successfully
[[ATTACHMENT|D:\\newRCBCProject\\RCBCLOS_Automation\\Reports\\20240629_181257\\DigitalFlows\\NSTPDigitalLowCashout\\testSuiteForAONSTP\\20240629_181315\\Screenshots/AccountOfficer29_06_2406_50_54/Regression29_06_24_06_55_24.jpg]]

29-06-2024T18:55:25 - [MESSAGE][PASSED] - tabSection.CreditEvaluation.creditEvaluationForAO is PASSED

29-06-2024T18:55:27 - [TEST_STEP][PASSED] - Video: Video recording for test case 'Test Cases/Digital_NSTP/testCaseForAONSTP/CreditEvaluationForAO' .

29-06-2024T18:55:27 - [MESSAGE][INFO] - Video recording for test case 'Test Cases/Digital_NSTP/testCaseForAONSTP/CreditEvaluationForAO' .]]></system-out>
         <system-err><![CDATA[]]></system-err>
      </testcase>
      <testcase name="Test Cases/Digital_NSTP/testCaseForAONSTP/DevlationsForAO" time="7.79" classname="Test Cases/Digital_NSTP/testCaseForAONSTP/DevlationsForAO" status="PASSED">
         <system-out><![CDATA[29-06-2024T18:55:27 - [TEST_CASE][PASSED] - Test Cases/Digital_NSTP/testCaseForAONSTP/DevlationsForAO: Test Cases/Digital_NSTP/testCaseForAONSTP/DevlationsForAO

29-06-2024T18:55:27 - [TEST_STEP][PASSED] - tabSection.Devlation.deviationForAO(): tabSection.Devlation.deviationForAO is PASSED

29-06-2024T18:55:29 - [MESSAGE][PASSED] - Object: 'Object Repository/TabSection/Devlations' is clicked on

29-06-2024T18:55:30 - [MESSAGE][PASSED] - Delayed 1 second(s)

29-06-2024T18:55:31 - [MESSAGE][PASSED] - Delayed 1 second(s)

29-06-2024T18:55:32 - [MESSAGE][PASSED] - Delayed 1 second(s)

29-06-2024T18:55:33 - [MESSAGE][PASSED] - Taking screenshot successfully
[[ATTACHMENT|D:\\newRCBCProject\\RCBCLOS_Automation\\Reports\\20240629_181257\\DigitalFlows\\NSTPDigitalLowCashout\\testSuiteForAONSTP\\20240629_181315\\Screenshots/AccountOfficer29_06_2406_50_54/Regression29_06_24_06_55_31.jpg]]

29-06-2024T18:55:33 - [MESSAGE][PASSED] - tabSection.Devlation.deviationForAO is PASSED

29-06-2024T18:55:35 - [TEST_STEP][PASSED] - Video: Video recording for test case 'Test Cases/Digital_NSTP/testCaseForAONSTP/DevlationsForAO' .

29-06-2024T18:55:35 - [MESSAGE][INFO] - Video recording for test case 'Test Cases/Digital_NSTP/testCaseForAONSTP/DevlationsForAO' .]]></system-out>
         <system-err><![CDATA[]]></system-err>
      </testcase>
      <testcase name="Test Cases/Digital_NSTP/testCaseForAONSTP/CreditInvestigationForAO" time="10.225" classname="Test Cases/Digital_NSTP/testCaseForAONSTP/CreditInvestigationForAO" status="PASSED">
         <system-out><![CDATA[29-06-2024T18:55:35 - [TEST_CASE][PASSED] - Test Cases/Digital_NSTP/testCaseForAONSTP/CreditInvestigationForAO: Test Cases/Digital_NSTP/testCaseForAONSTP/CreditInvestigationForAO

29-06-2024T18:55:35 - [TEST_STEP][PASSED] - tabSection.CreditInvestigation.creditInvestigationForAO(): tabSection.CreditInvestigation.creditInvestigationForAO is PASSED

29-06-2024T18:55:36 - [MESSAGE][PASSED] - Object: 'Object Repository/TabSection/creditInvestigation' is clicked on

29-06-2024T18:55:37 - [MESSAGE][PASSED] - Object 'Object Repository/BackOffice/AO/CI/CIRequestNumber' is clickable

29-06-2024T18:55:38 - [MESSAGE][PASSED] - Text of object 'Object Repository/BackOffice/AO/CI/CIRequestNumber' is: 'CI-00000002879'

29-06-2024T18:55:38 - [MESSAGE][INFO] - CI-2879

29-06-2024T18:55:38 - [MESSAGE][INFO] - CI is got......

29-06-2024T18:55:38 - [MESSAGE][PASSED] - Object 'Object Repository/BackOffice/AO/CI/CIRequestNumber2' is clickable

29-06-2024T18:55:39 - [MESSAGE][PASSED] - Text of object 'Object Repository/BackOffice/AO/CI/CIRequestNumber2' is: 'CI-00000002880'

29-06-2024T18:55:39 - [MESSAGE][INFO] - CI-2880

29-06-2024T18:55:39 - [MESSAGE][INFO] - CI is got......

29-06-2024T18:55:40 - [MESSAGE][PASSED] - Delayed 1 second(s)

29-06-2024T18:55:41 - [MESSAGE][PASSED] - Delayed 1 second(s)

29-06-2024T18:55:42 - [MESSAGE][PASSED] - Delayed 1 second(s)

29-06-2024T18:55:42 - [MESSAGE][PASSED] - Taking screenshot successfully
[[ATTACHMENT|D:\\newRCBCProject\\RCBCLOS_Automation\\Reports\\20240629_181257\\DigitalFlows\\NSTPDigitalLowCashout\\testSuiteForAONSTP\\20240629_181315\\Screenshots/AccountOfficer29_06_2406_50_54/Regression29_06_24_06_55_41.jpg]]

29-06-2024T18:55:43 - [MESSAGE][PASSED] - Object: 'Object Repository/TabSection/nextArrowButton' is clicked on

29-06-2024T18:55:43 - [MESSAGE][PASSED] - tabSection.CreditInvestigation.creditInvestigationForAO is PASSED

29-06-2024T18:55:45 - [TEST_STEP][PASSED] - Video: Video recording for test case 'Test Cases/Digital_NSTP/testCaseForAONSTP/CreditInvestigationForAO' .

29-06-2024T18:55:45 - [MESSAGE][INFO] - Video recording for test case 'Test Cases/Digital_NSTP/testCaseForAONSTP/CreditInvestigationForAO' .]]></system-out>
         <system-err><![CDATA[]]></system-err>
      </testcase>
      <testcase name="Test Cases/Digital_NSTP/testCaseForAONSTP/InsuranceInformationForAO" time="11.405" classname="Test Cases/Digital_NSTP/testCaseForAONSTP/InsuranceInformationForAO" status="PASSED">
         <system-out><![CDATA[29-06-2024T18:55:45 - [TEST_CASE][PASSED] - Test Cases/Digital_NSTP/testCaseForAONSTP/InsuranceInformationForAO: Test Cases/Digital_NSTP/testCaseForAONSTP/InsuranceInformationForAO

29-06-2024T18:55:45 - [TEST_STEP][PASSED] - tabSection.InsuranceInformation.insuranceInformationForAO(): tabSection.InsuranceInformation.insuranceInformationForAO is PASSED

29-06-2024T18:55:46 - [MESSAGE][PASSED] - Object: 'Object Repository/TabSection/InsuranceInformation' is clicked on

29-06-2024T18:55:47 - [MESSAGE][PASSED] - Object 'Object Repository/BackOffice/InsuranceInformation/InsuranceInfo' is present

29-06-2024T18:55:47 - [MESSAGE][PASSED] - Scroll to object 'Object Repository/BackOffice/InsuranceInformation/InsuranceInfo' successfully

29-06-2024T18:55:49 - [MESSAGE][PASSED] - Delayed 1 second(s)

29-06-2024T18:55:50 - [MESSAGE][PASSED] - Delayed 1 second(s)

29-06-2024T18:55:50 - [MESSAGE][PASSED] - Taking screenshot successfully
[[ATTACHMENT|D:\\newRCBCProject\\RCBCLOS_Automation\\Reports\\20240629_181257\\DigitalFlows\\NSTPDigitalLowCashout\\testSuiteForAONSTP\\20240629_181315\\Screenshots/AccountOfficer29_06_2406_50_54/Regression29_06_24_06_55_49.jpg]]

29-06-2024T18:55:51 - [MESSAGE][PASSED] - Object 'Object Repository/BackOffice/InsuranceInformation/coveragePremium' is present

29-06-2024T18:55:51 - [MESSAGE][PASSED] - Scroll to object 'Object Repository/BackOffice/InsuranceInformation/coveragePremium' successfully

29-06-2024T18:55:52 - [MESSAGE][PASSED] - Delayed 1 second(s)

29-06-2024T18:55:53 - [MESSAGE][PASSED] - Delayed 1 second(s)

29-06-2024T18:55:54 - [MESSAGE][PASSED] - Taking screenshot successfully
[[ATTACHMENT|D:\\newRCBCProject\\RCBCLOS_Automation\\Reports\\20240629_181257\\DigitalFlows\\NSTPDigitalLowCashout\\testSuiteForAONSTP\\20240629_181315\\Screenshots/AccountOfficer29_06_2406_50_54/Regression29_06_24_06_55_52.jpg]]

29-06-2024T18:55:55 - [MESSAGE][PASSED] - Object: 'Object Repository/TabSection/nextArrowButton' is clicked on

29-06-2024T18:55:55 - [MESSAGE][PASSED] - tabSection.InsuranceInformation.insuranceInformationForAO is PASSED

29-06-2024T18:55:57 - [TEST_STEP][PASSED] - Video: Video recording for test case 'Test Cases/Digital_NSTP/testCaseForAONSTP/InsuranceInformationForAO' .

29-06-2024T18:55:57 - [MESSAGE][INFO] - Video recording for test case 'Test Cases/Digital_NSTP/testCaseForAONSTP/InsuranceInformationForAO' .]]></system-out>
         <system-err><![CDATA[]]></system-err>
      </testcase>
      <testcase name="Test Cases/Digital_NSTP/testCaseForAONSTP/DisbursmentInformationForAO" time="15.771" classname="Test Cases/Digital_NSTP/testCaseForAONSTP/DisbursmentInformationForAO" status="PASSED">
         <system-out><![CDATA[29-06-2024T18:55:57 - [TEST_CASE][PASSED] - Test Cases/Digital_NSTP/testCaseForAONSTP/DisbursmentInformationForAO: Test Cases/Digital_NSTP/testCaseForAONSTP/DisbursmentInformationForAO

29-06-2024T18:55:57 - [TEST_STEP][PASSED] - tabSection.DisbursementInfo.disbursementInformationForNSTPAO(): tabSection.DisbursementInfo.disbursementInformationForNSTPAO is PASSED

29-06-2024T18:55:58 - [MESSAGE][PASSED] - Object: 'Object Repository/TabSection/DisbursementInformation' is clicked on

29-06-2024T18:56:00 - [MESSAGE][PASSED] - Object: 'Object Repository/BackOffice/AO/DisbursmentInfoForAO/payeeName' is clicked on

29-06-2024T18:56:03 - [MESSAGE][PASSED] - Text '8' is set on object 'Object Repository/BackOffice/AO/DisbursmentInfoForAO/newSIRate'

29-06-2024T18:56:04 - [MESSAGE][PASSED] - Delayed 1 second(s)

29-06-2024T18:56:05 - [MESSAGE][PASSED] - Delayed 1 second(s)

29-06-2024T18:56:06 - [MESSAGE][PASSED] - Taking screenshot successfully
[[ATTACHMENT|D:\\newRCBCProject\\RCBCLOS_Automation\\Reports\\20240629_181257\\DigitalFlows\\NSTPDigitalLowCashout\\testSuiteForAONSTP\\20240629_181315\\Screenshots/AccountOfficer29_06_2406_50_54/Regression29_06_24_06_56_04.jpg]]

29-06-2024T18:56:08 - [MESSAGE][PASSED] - Object: 'Object Repository/BackOffice/AO/DisbursmentInfoForAO/saveChanges' is clicked on

29-06-2024T18:56:09 - [MESSAGE][PASSED] - Text 'done' is set on object 'Object Repository/BackOffice/AO/DisbursmentInfoForAO/remarks/aoRemarks'

29-06-2024T18:56:10 - [MESSAGE][PASSED] - Object: 'Object Repository/TabSection/nextArrowButton' is clicked on

29-06-2024T18:56:10 - [MESSAGE][PASSED] - tabSection.DisbursementInfo.disbursementInformationForNSTPAO is PASSED

29-06-2024T18:56:12 - [TEST_STEP][PASSED] - Video: Video recording for test case 'Test Cases/Digital_NSTP/testCaseForAONSTP/DisbursmentInformationForAO' .

29-06-2024T18:56:12 - [MESSAGE][INFO] - Video recording for test case 'Test Cases/Digital_NSTP/testCaseForAONSTP/DisbursmentInformationForAO' .]]></system-out>
         <system-err><![CDATA[]]></system-err>
      </testcase>
      <testcase name="Test Cases/Digital_NSTP/testCaseForAONSTP/AlertSummaryForAO" time="7.656" classname="Test Cases/Digital_NSTP/testCaseForAONSTP/AlertSummaryForAO" status="PASSED">
         <system-out><![CDATA[29-06-2024T18:56:12 - [TEST_CASE][PASSED] - Test Cases/Digital_NSTP/testCaseForAONSTP/AlertSummaryForAO: Test Cases/Digital_NSTP/testCaseForAONSTP/AlertSummaryForAO

29-06-2024T18:56:13 - [TEST_STEP][PASSED] - tabSection.AlertsSummary.alertsSummaryForAO(): tabSection.AlertsSummary.alertsSummaryForAO is PASSED

29-06-2024T18:56:14 - [MESSAGE][PASSED] - Object: 'Object Repository/TabSection/AlertSummary' is clicked on

29-06-2024T18:56:15 - [MESSAGE][PASSED] - Delayed 1 second(s)

29-06-2024T18:56:16 - [MESSAGE][PASSED] - Delayed 1 second(s)

29-06-2024T18:56:17 - [MESSAGE][PASSED] - Delayed 1 second(s)

29-06-2024T18:56:17 - [MESSAGE][PASSED] - Taking screenshot successfully
[[ATTACHMENT|D:\\newRCBCProject\\RCBCLOS_Automation\\Reports\\20240629_181257\\DigitalFlows\\NSTPDigitalLowCashout\\testSuiteForAONSTP\\20240629_181315\\Screenshots/AccountOfficer29_06_2406_50_54/Regression29_06_24_06_56_16.jpg]]

29-06-2024T18:56:18 - [MESSAGE][PASSED] - Object: 'Object Repository/TabSection/nextArrowButton' is clicked on

29-06-2024T18:56:18 - [MESSAGE][PASSED] - tabSection.AlertsSummary.alertsSummaryForAO is PASSED

29-06-2024T18:56:20 - [TEST_STEP][PASSED] - Video: Video recording for test case 'Test Cases/Digital_NSTP/testCaseForAONSTP/AlertSummaryForAO' .

29-06-2024T18:56:20 - [MESSAGE][INFO] - Video recording for test case 'Test Cases/Digital_NSTP/testCaseForAONSTP/AlertSummaryForAO' .]]></system-out>
         <system-err><![CDATA[]]></system-err>
      </testcase>
      <testcase name="Test Cases/Digital_NSTP/testCaseForAONSTP/Action" time="27.865" classname="Test Cases/Digital_NSTP/testCaseForAONSTP/Action" status="PASSED">
         <system-out><![CDATA[29-06-2024T18:56:20 - [TEST_CASE][PASSED] - Test Cases/Digital_NSTP/testCaseForAONSTP/Action: Test Cases/Digital_NSTP/testCaseForAONSTP/Action

29-06-2024T18:56:20 - [TEST_STEP][PASSED] - tabSection.Action.submitForAO(): tabSection.Action.submitForAO is PASSED

29-06-2024T18:56:24 - [MESSAGE][PASSED] - Object: 'Object Repository/TabSection/Action' is clicked on

29-06-2024T18:56:25 - [MESSAGE][PASSED] - Delayed 1 second(s)

29-06-2024T18:56:26 - [MESSAGE][PASSED] - Delayed 1 second(s)

29-06-2024T18:56:26 - [MESSAGE][PASSED] - Taking screenshot successfully
[[ATTACHMENT|D:\\newRCBCProject\\RCBCLOS_Automation\\Reports\\20240629_181257\\DigitalFlows\\NSTPDigitalLowCashout\\testSuiteForAONSTP\\20240629_181315\\Screenshots/AccountOfficer29_06_2406_50_54/Regression29_06_24_06_56_25.jpg]]

29-06-2024T18:56:27 - [MESSAGE][PASSED] - Object 'Object Repository/Action/otherLoanDetail' is present

29-06-2024T18:56:27 - [MESSAGE][PASSED] - Scroll to object 'Object Repository/Action/otherLoanDetail' successfully

29-06-2024T18:56:28 - [MESSAGE][PASSED] - Delayed 1 second(s)

29-06-2024T18:56:29 - [MESSAGE][PASSED] - Delayed 1 second(s)

29-06-2024T18:56:30 - [MESSAGE][PASSED] - Taking screenshot successfully
[[ATTACHMENT|D:\\newRCBCProject\\RCBCLOS_Automation\\Reports\\20240629_181257\\DigitalFlows\\NSTPDigitalLowCashout\\testSuiteForAONSTP\\20240629_181315\\Screenshots/AccountOfficer29_06_2406_50_54/Regression29_06_24_06_56_28.jpg]]

29-06-2024T18:56:30 - [MESSAGE][PASSED] - Object 'Object Repository/Action/Decision' is visible

29-06-2024T18:56:32 - [MESSAGE][PASSED] - All options with index in [1] are selected on object 'Object Repository/Action/Decision'

29-06-2024T18:56:33 - [MESSAGE][PASSED] - Text 'OK' is set on object 'Object Repository/Action/Remarks'

29-06-2024T18:56:33 - [MESSAGE][PASSED] - Current window's title is: 'AO SI DI : LOS-3588'

29-06-2024T18:56:34 - [MESSAGE][PASSED] - Text of object 'Object Repository/Action/referenceNumber' is: 'AO SI DI : LOS-3588'

29-06-2024T18:56:34 - [MESSAGE][INFO] - LOS-3588

29-06-2024T18:56:36 - [MESSAGE][PASSED] - Object: 'Object Repository/Action/SubmitButton' is clicked on

29-06-2024T18:56:36 - [MESSAGE][PASSED] - Taking screenshot successfully
[[ATTACHMENT|D:\\newRCBCProject\\RCBCLOS_Automation\\Reports\\20240629_181257\\DigitalFlows\\NSTPDigitalLowCashout\\testSuiteForAONSTP\\20240629_181315\\1719667596574.png]]

29-06-2024T18:56:37 - [MESSAGE][PASSED] - Delayed 1 second(s)

29-06-2024T18:56:38 - [MESSAGE][PASSED] - Delayed 1 second(s)

29-06-2024T18:56:39 - [MESSAGE][PASSED] - Delayed 1 second(s)

29-06-2024T18:56:40 - [MESSAGE][PASSED] - Taking screenshot successfully
[[ATTACHMENT|D:\\newRCBCProject\\RCBCLOS_Automation\\Reports\\20240629_181257\\DigitalFlows\\NSTPDigitalLowCashout\\testSuiteForAONSTP\\20240629_181315\\Screenshots/AccountOfficer29_06_2406_50_54/Regression29_06_24_06_56_38.jpg]]

29-06-2024T18:56:44 - [MESSAGE][PASSED] - Object: 'Object Repository/Action/confirmYes' is clicked on

29-06-2024T18:56:46 - [MESSAGE][PASSED] - Delayed 2 second(s)

29-06-2024T18:56:46 - [MESSAGE][PASSED] - tabSection.Action.submitForAO is PASSED

29-06-2024T18:56:48 - [TEST_STEP][PASSED] - Video: Video recording for test case 'Test Cases/Digital_NSTP/testCaseForAONSTP/Action' .

29-06-2024T18:56:48 - [MESSAGE][INFO] - Video recording for test case 'Test Cases/Digital_NSTP/testCaseForAONSTP/Action' .]]></system-out>
         <system-err><![CDATA[]]></system-err>
      </testcase>
      <testcase name="Test Cases/LogOut/logout" time="19.804" classname="Test Cases/LogOut/logout" status="PASSED">
         <system-out><![CDATA[29-06-2024T18:56:48 - [TEST_CASE][PASSED] - Test Cases/LogOut/logout: Test Cases/LogOut/logout

29-06-2024T18:56:48 - [TEST_STEP][PASSED] - signOutibps.SignOut.logout(): signOutibps.SignOut.logout is PASSED

29-06-2024T18:56:48 - [MESSAGE][PASSED] - Switched to window with index: '0'

29-06-2024T18:56:49 - [MESSAGE][PASSED] - Delayed 1 second(s)

29-06-2024T18:56:50 - [MESSAGE][PASSED] - All options with index in [2] are selected on object 'Object Repository/ibpsLogOut/selectProcess'

29-06-2024T18:56:51 - [MESSAGE][PASSED] - Delayed 1 second(s)

29-06-2024T18:56:52 - [MESSAGE][PASSED] - Object: 'Object Repository/ibpsLogOut/searchBar' is double clicked on

29-06-2024T18:56:53 - [MESSAGE][PASSED] - Keys 'LOS-3588' sent to object: 'Object Repository/ibpsLogOut/searchBar'

29-06-2024T18:56:53 - [MESSAGE][PASSED] - Keys 'ENTER + ' sent to object: 'Object Repository/ibpsLogOut/searchBar'

29-06-2024T18:56:54 - [MESSAGE][PASSED] - Delayed 1 second(s)

29-06-2024T18:56:55 - [MESSAGE][PASSED] - Delayed 1 second(s)

29-06-2024T18:56:56 - [MESSAGE][PASSED] - Delayed 1 second(s)

29-06-2024T18:56:57 - [MESSAGE][PASSED] - Taking screenshot successfully
[[ATTACHMENT|D:\\newRCBCProject\\RCBCLOS_Automation\\Reports\\20240629_181257\\DigitalFlows\\NSTPDigitalLowCashout\\testSuiteForAONSTP\\20240629_181315\\Screenshots/AccountOfficer29_06_2406_50_54/Regression29_06_24_06_56_55.jpg]]

29-06-2024T18:56:59 - [MESSAGE][PASSED] - Delayed 2 second(s)

29-06-2024T18:56:59 - [MESSAGE][PASSED] - Object: 'Object Repository/ibpsLogOut/label_QK_CO7' is clicked on

29-06-2024T18:57:01 - [MESSAGE][PASSED] - Delayed 2 second(s)

29-06-2024T18:57:02 - [MESSAGE][PASSED] - Object: 'Object Repository/ibpsLogOut/Logout' is clicked on

29-06-2024T18:57:03 - [MESSAGE][PASSED] - Delayed 1 second(s)

29-06-2024T18:57:04 - [MESSAGE][PASSED] - Delayed 1 second(s)

29-06-2024T18:57:05 - [MESSAGE][PASSED] - Delayed 1 second(s)

29-06-2024T18:57:06 - [MESSAGE][PASSED] - Taking screenshot successfully
[[ATTACHMENT|D:\\newRCBCProject\\RCBCLOS_Automation\\Reports\\20240629_181257\\DigitalFlows\\NSTPDigitalLowCashout\\testSuiteForAONSTP\\20240629_181315\\Screenshots/AccountOfficer29_06_2406_50_54/Regression29_06_24_06_57_04.jpg]]

29-06-2024T18:57:06 - [MESSAGE][PASSED] - signOutibps.SignOut.logout is PASSED

29-06-2024T18:57:08 - [TEST_STEP][PASSED] - Video: Video recording for test case 'Test Cases/LogOut/logout' .

29-06-2024T18:57:08 - [MESSAGE][INFO] - Video recording for test case 'Test Cases/LogOut/logout' .]]></system-out>
         <system-err><![CDATA[]]></system-err>
      </testcase>
      <system-out><![CDATA[29-06-2024T18:50:34 - [TEST_SUITE][PASSED] - testSuiteForAONSTP: Test Cases/LogOut/logout]]></system-out>
      <system-err><![CDATA[]]></system-err>
   </testsuite>
</testsuites>
