<?xml version="1.0" encoding="UTF-8"?>
<testsuites name="PaperBasedPortal" time="154.162" tests="7" failures="0" errors="0">
   <testsuite name="PaperBasedPortal" tests="7" failures="0" errors="0" time="154.162" skipped="0" timestamp="26-06-2024T22:14:05" hostname="Adarsh.Lohar - QKNBK2037.qkcorp.qualitykiosk.com" id="Test Suites/PaperbaseFlows/PaperbaseWithAndWithout/PaperBasedPortal">
      <properties>
[...]
</properties>
      <testcase name="Test Cases/Paper_STPWithAndWithoutAPI/Portal/LoginPage" time="24.676" classname="Test Cases/Paper_STPWithAndWithoutAPI/Portal/LoginPage" status="PASSED">
         <system-out><![CDATA[26-06-2024T22:14:05 - [TEST_CASE][PASSED] - Test Cases/Paper_STPWithAndWithoutAPI/Portal/LoginPage: Test Cases/Paper_STPWithAndWithoutAPI/Portal/LoginPage

26-06-2024T22:14:07 - [TEST_STEP][PASSED] - loginPage.LoginPage.login_Page(): loginPage.LoginPage.login_Page is PASSED

26-06-2024T22:14:07 - [MESSAGE][INFO] - Starting 'Chrome' driver

26-06-2024T22:14:08 - [MESSAGE][INFO] - User set preference: ['args', '[--incognito]']

26-06-2024T22:14:08 - [MESSAGE][INFO] - Action delay is set to 0 milliseconds

26-06-2024T22:14:16 - [MESSAGE][PASSED] - Browser is opened with url: ''

26-06-2024T22:14:16 - [MESSAGE][PASSED] - Current window maximized

26-06-2024T22:14:18 - [MESSAGE][PASSED] - Navigate to 'https://rcbcuat.nonprodnmc.com/LoanPortal' successfully

26-06-2024T22:14:22 - [MESSAGE][PASSED] - Text 'QK_Dealer7' is set on object 'Object Repository/LoginPage/email'

26-06-2024T22:14:22 - [MESSAGE][PASSED] - Text ****** has been set on object 'Object Repository/LoginPage/password'

26-06-2024T22:14:23 - [MESSAGE][PASSED] - Delayed 1 second(s)

26-06-2024T22:14:24 - [MESSAGE][PASSED] - Delayed 1 second(s)

26-06-2024T22:14:25 - [MESSAGE][PASSED] - Delayed 1 second(s)

26-06-2024T22:14:25 - [MESSAGE][PASSED] - Taking screenshot successfully
[[ATTACHMENT|D:\\newRCBCProject\\RCBCLOS_Automation\\Reports\\20240626_221345\\PaperbaseFlows\\PaperbaseWithAndWithout\\PaperBasedPortal\\20240626_221348\\Screenshots/Portal26_06_2410_14_23/Regression26_06_24_10_14_24.jpg]]

26-06-2024T22:14:26 - [MESSAGE][PASSED] - Object: 'Object Repository/LoginPage/log_in' is clicked on

26-06-2024T22:14:28 - [MESSAGE][PASSED] - Object 'Object Repository/HomePage/Auto_Loan_Portal' is present

26-06-2024T22:14:28 - [MESSAGE][INFO] - We are in Home Page

26-06-2024T22:14:28 - [MESSAGE][PASSED] - loginPage.LoginPage.login_Page is PASSED

26-06-2024T22:14:30 - [TEST_STEP][PASSED] - Video: Video recording for test case 'Test Cases/Paper_STPWithAndWithoutAPI/Portal/LoginPage' .

26-06-2024T22:14:30 - [MESSAGE][INFO] - Video recording for test case 'Test Cases/Paper_STPWithAndWithoutAPI/Portal/LoginPage' .]]></system-out>
         <system-err><![CDATA[]]></system-err>
      </testcase>
      <testcase name="Test Cases/Paper_STPWithAndWithoutAPI/Portal/HomePage" time="7.821" classname="Test Cases/Paper_STPWithAndWithoutAPI/Portal/HomePage" status="PASSED">
         <system-out><![CDATA[26-06-2024T22:14:30 - [TEST_CASE][PASSED] - Test Cases/Paper_STPWithAndWithoutAPI/Portal/HomePage: Test Cases/Paper_STPWithAndWithoutAPI/Portal/HomePage

26-06-2024T22:14:30 - [TEST_STEP][PASSED] - homePage.homePage.homepage(): homePage.homePage.homepage is PASSED

26-06-2024T22:14:31 - [MESSAGE][PASSED] - Wait for page load successfully

26-06-2024T22:14:31 - [MESSAGE][PASSED] - Text 'What system would you like to access?' is present on page 

26-06-2024T22:14:31 - [MESSAGE][PASSED] - Object 'Object Repository/HomePage/ManageLoans' is clickable

26-06-2024T22:14:31 - [MESSAGE][PASSED] - Object 'Object Repository/SignOutButton/exitIcon' is clickable

26-06-2024T22:14:32 - [MESSAGE][PASSED] - Delayed 1 second(s)

26-06-2024T22:14:33 - [MESSAGE][PASSED] - Delayed 1 second(s)

26-06-2024T22:14:33 - [MESSAGE][PASSED] - Taking screenshot successfully
[[ATTACHMENT|D:\\newRCBCProject\\RCBCLOS_Automation\\Reports\\20240626_221345\\PaperbaseFlows\\PaperbaseWithAndWithout\\PaperBasedPortal\\20240626_221348\\Screenshots/Portal26_06_2410_14_23/Regression26_06_24_10_14_32.jpg]]

26-06-2024T22:14:36 - [MESSAGE][PASSED] - Object: 'Object Repository/HomePage/Auto_Loan_Portal' is clicked on

26-06-2024T22:14:36 - [MESSAGE][PASSED] - Object 'Object Repository/ModeOfApplication/digitalApplication' is present

26-06-2024T22:14:36 - [MESSAGE][INFO] - We are getting two options

26-06-2024T22:14:36 - [MESSAGE][PASSED] - homePage.homePage.homepage is PASSED

26-06-2024T22:14:38 - [TEST_STEP][PASSED] - Video: Video recording for test case 'Test Cases/Paper_STPWithAndWithoutAPI/Portal/HomePage' .

26-06-2024T22:14:38 - [MESSAGE][INFO] - Video recording for test case 'Test Cases/Paper_STPWithAndWithoutAPI/Portal/HomePage' .]]></system-out>
         <system-err><![CDATA[]]></system-err>
      </testcase>
      <testcase name="Test Cases/Paper_STPWithAndWithoutAPI/Portal/SelectPaperBased" time="10.176" classname="Test Cases/Paper_STPWithAndWithoutAPI/Portal/SelectPaperBased" status="PASSED">
         <system-out><![CDATA[26-06-2024T22:14:38 - [TEST_CASE][PASSED] - Test Cases/Paper_STPWithAndWithoutAPI/Portal/SelectPaperBased: Test Cases/Paper_STPWithAndWithoutAPI/Portal/SelectPaperBased

26-06-2024T22:14:38 - [TEST_STEP][PASSED] - paperBasedPortal.SelectPaperBased.paperBased(): paperBasedPortal.SelectPaperBased.paperBased is PASSED

26-06-2024T22:14:39 - [MESSAGE][PASSED] - Delayed 1 second(s)

26-06-2024T22:14:39 - [MESSAGE][PASSED] - Text 'Mode of Application' is present on page 

26-06-2024T22:14:40 - [MESSAGE][PASSED] - Delayed 1 second(s)

26-06-2024T22:14:41 - [MESSAGE][PASSED] - Delayed 1 second(s)

26-06-2024T22:14:41 - [MESSAGE][PASSED] - Taking screenshot successfully
[[ATTACHMENT|D:\\newRCBCProject\\RCBCLOS_Automation\\Reports\\20240626_221345\\PaperbaseFlows\\PaperbaseWithAndWithout\\PaperBasedPortal\\20240626_221348\\Screenshots/Portal26_06_2410_14_23/Regression26_06_24_10_14_40.jpg]]

26-06-2024T22:14:46 - [MESSAGE][PASSED] - Object: 'Object Repository/ModeOfApplication/paperBased' is clicked on

26-06-2024T22:14:46 - [MESSAGE][PASSED] - paperBasedPortal.SelectPaperBased.paperBased is PASSED

26-06-2024T22:14:48 - [TEST_STEP][PASSED] - Video: Video recording for test case 'Test Cases/Paper_STPWithAndWithoutAPI/Portal/SelectPaperBased' .

26-06-2024T22:14:48 - [MESSAGE][INFO] - Video recording for test case 'Test Cases/Paper_STPWithAndWithoutAPI/Portal/SelectPaperBased' .]]></system-out>
         <system-err><![CDATA[]]></system-err>
      </testcase>
      <testcase name="Test Cases/Paper_STPWithAndWithoutAPI/Portal/LetsgetStarted" time="12.85" classname="Test Cases/Paper_STPWithAndWithoutAPI/Portal/LetsgetStarted" status="PASSED">
         <system-out><![CDATA[26-06-2024T22:14:48 - [TEST_CASE][PASSED] - Test Cases/Paper_STPWithAndWithoutAPI/Portal/LetsgetStarted: Test Cases/Paper_STPWithAndWithoutAPI/Portal/LetsgetStarted

26-06-2024T22:14:48 - [TEST_STEP][PASSED] - paperBasedPortal.letsGetStarted.letsGetStartedBtnFun(): paperBasedPortal.letsGetStarted.letsGetStartedBtnFun is PASSED

26-06-2024T22:14:49 - [MESSAGE][PASSED] - Delayed 1 second(s)

26-06-2024T22:14:49 - [MESSAGE][PASSED] - Text 'Quick & easy Auto Loan Application with RCBC' is present on page 

26-06-2024T22:14:50 - [MESSAGE][PASSED] - Delayed 1 second(s)

26-06-2024T22:14:51 - [MESSAGE][PASSED] - Delayed 1 second(s)

26-06-2024T22:14:52 - [MESSAGE][PASSED] - Taking screenshot successfully
[[ATTACHMENT|D:\\newRCBCProject\\RCBCLOS_Automation\\Reports\\20240626_221345\\PaperbaseFlows\\PaperbaseWithAndWithout\\PaperBasedPortal\\20240626_221348\\Screenshots/Portal26_06_2410_14_23/Regression26_06_24_10_14_50.jpg]]

26-06-2024T22:14:57 - [MESSAGE][PASSED] - Object: 'Object Repository/LetsGetStarted/lets_get_started' is clicked on

26-06-2024T22:14:59 - [MESSAGE][PASSED] - Delayed 2 second(s)

26-06-2024T22:14:59 - [MESSAGE][PASSED] - paperBasedPortal.letsGetStarted.letsGetStartedBtnFun is PASSED

26-06-2024T22:15:01 - [TEST_STEP][PASSED] - Video: Video recording for test case 'Test Cases/Paper_STPWithAndWithoutAPI/Portal/LetsgetStarted' .

26-06-2024T22:15:01 - [MESSAGE][INFO] - Video recording for test case 'Test Cases/Paper_STPWithAndWithoutAPI/Portal/LetsgetStarted' .]]></system-out>
         <system-err><![CDATA[]]></system-err>
      </testcase>
      <testcase name="Test Cases/Paper_STPWithAndWithoutAPI/Portal/BorrowerDetail" time="16.527" classname="Test Cases/Paper_STPWithAndWithoutAPI/Portal/BorrowerDetail" status="PASSED">
         <system-out><![CDATA[26-06-2024T22:15:01 - [TEST_CASE][PASSED] - Test Cases/Paper_STPWithAndWithoutAPI/Portal/BorrowerDetail: Test Cases/Paper_STPWithAndWithoutAPI/Portal/BorrowerDetail

26-06-2024T22:15:01 - [TEST_STEP][PASSED] - paperBasedPortal.Borrower_Detail.borrower_Details(fst_Name, mid_Name, lst_Name, email, mob_Num, date, maritalStatus, suffix, residence): paperBasedPortal.Borrower_Detail.borrower_Details is PASSED

26-06-2024T22:15:01 - [MESSAGE][PASSED] - Wait for page load successfully

26-06-2024T22:15:01 - [MESSAGE][PASSED] - Object 'Object Repository/Borrower_Details/borrowerInformation' is present

26-06-2024T22:15:02 - [MESSAGE][PASSED] - Text 'virattVRQ' is set on object 'Object Repository/Borrower_Details/first_Name'

26-06-2024T22:15:03 - [MESSAGE][PASSED] - Text 'sudhakarrVRQ' is set on object 'Object Repository/Borrower_Details/middle_Name'

26-06-2024T22:15:03 - [MESSAGE][PASSED] - Text 'kohliiVRQ' is set on object 'Object Repository/Borrower_Details/last_Name'

26-06-2024T22:15:04 - [MESSAGE][PASSED] - All options with value 'SF2' are selected in object 'Object Repository/Borrower_Details/suffix'  using regular expression

26-06-2024T22:15:04 - [MESSAGE][PASSED] - All options with value 'M' are selected in object 'Object Repository/Borrower_Details/marital_Status' 

26-06-2024T22:15:05 - [MESSAGE][PASSED] - Delayed 1 second(s)

26-06-2024T22:15:06 - [MESSAGE][PASSED] - Delayed 1 second(s)

26-06-2024T22:15:07 - [MESSAGE][PASSED] - Delayed 1 second(s)

26-06-2024T22:15:08 - [MESSAGE][PASSED] - Taking screenshot successfully
[[ATTACHMENT|D:\\newRCBCProject\\RCBCLOS_Automation\\Reports\\20240626_221345\\PaperbaseFlows\\PaperbaseWithAndWithout\\PaperBasedPortal\\20240626_221348\\Screenshots/Portal26_06_2410_14_23/Regression26_06_24_10_15_06.jpg]]

26-06-2024T22:15:08 - [MESSAGE][PASSED] - Text 'bond@gmail.com' is set on object 'Object Repository/Borrower_Details/email'

26-06-2024T22:15:09 - [MESSAGE][PASSED] - Text '(63) 9356986587' is set on object 'Object Repository/Borrower_Details/mobile_Number'

26-06-2024T22:15:11 - [MESSAGE][PASSED] - Delayed 2 second(s)

26-06-2024T22:15:11 - [MESSAGE][PASSED] - Current window's title is: 'Portal_PB : LOS-3516'

26-06-2024T22:15:11 - [MESSAGE][INFO] - LOS-3516

26-06-2024T22:15:12 - [MESSAGE][PASSED] - Delayed 1 second(s)

26-06-2024T22:15:13 - [MESSAGE][PASSED] - Delayed 1 second(s)

26-06-2024T22:15:14 - [MESSAGE][PASSED] - Delayed 1 second(s)

26-06-2024T22:15:14 - [MESSAGE][PASSED] - Taking screenshot successfully
[[ATTACHMENT|D:\\newRCBCProject\\RCBCLOS_Automation\\Reports\\20240626_221345\\PaperbaseFlows\\PaperbaseWithAndWithout\\PaperBasedPortal\\20240626_221348\\Screenshots/Portal26_06_2410_14_23/Regression26_06_24_10_15_13.jpg]]

26-06-2024T22:15:16 - [MESSAGE][PASSED] - Object: 'Object Repository/Borrower_Details/continue' is clicked on

26-06-2024T22:15:16 - [MESSAGE][PASSED] - paperBasedPortal.Borrower_Detail.borrower_Details is PASSED

26-06-2024T22:15:18 - [TEST_STEP][PASSED] - Video: Video recording for test case 'Test Cases/Paper_STPWithAndWithoutAPI/Portal/BorrowerDetail' .

26-06-2024T22:15:18 - [MESSAGE][INFO] - Video recording for test case 'Test Cases/Paper_STPWithAndWithoutAPI/Portal/BorrowerDetail' .]]></system-out>
         <system-err><![CDATA[]]></system-err>
      </testcase>
      <testcase name="Test Cases/Paper_STPWithAndWithoutAPI/Portal/DocumentUploadPage" time="70.216" classname="Test Cases/Paper_STPWithAndWithoutAPI/Portal/DocumentUploadPage" status="PASSED">
         <system-out><![CDATA[26-06-2024T22:15:18 - [TEST_CASE][PASSED] - Test Cases/Paper_STPWithAndWithoutAPI/Portal/DocumentUploadPage: Test Cases/Paper_STPWithAndWithoutAPI/Portal/DocumentUploadPage

26-06-2024T22:15:18 - [TEST_STEP][PASSED] - paperBasedPortal.UploadYourDocuments.uploadYourDocumentsPage(): paperBasedPortal.UploadYourDocuments.uploadYourDocumentsPage is PASSED

26-06-2024T22:15:20 - [MESSAGE][PASSED] - Object 'Object Repository/UploadYourDocuments/uploadYourDocumentText' is present

26-06-2024T22:15:21 - [MESSAGE][PASSED] - Delayed 1 second(s)

26-06-2024T22:15:22 - [MESSAGE][PASSED] - Delayed 1 second(s)

26-06-2024T22:15:22 - [MESSAGE][PASSED] - Taking screenshot successfully
[[ATTACHMENT|D:\\newRCBCProject\\RCBCLOS_Automation\\Reports\\20240626_221345\\PaperbaseFlows\\PaperbaseWithAndWithout\\PaperBasedPortal\\20240626_221348\\Screenshots/Portal26_06_2410_14_23/Regression26_06_24_10_15_21.jpg]]

26-06-2024T22:15:22 - [MESSAGE][PASSED] - Current window's index is: 0

26-06-2024T22:15:22 - [MESSAGE][PASSED] - Current window's title is: 'Portal_PB : LOS-3516'

26-06-2024T22:15:22 - [MESSAGE][PASSED] - All options with index in [1] are selected on object 'Object Repository/UploadYourDocuments/validId_selectIdType'

26-06-2024T22:15:23 - [MESSAGE][PASSED] - Object: 'Object Repository/UploadYourDocuments/uploadFile_Btn' is clicked on

26-06-2024T22:15:24 - [MESSAGE][PASSED] - Delayed 1 second(s)

26-06-2024T22:15:24 - [MESSAGE][PASSED] - Switched to window with index: '1'

26-06-2024T22:15:25 - [MESSAGE][PASSED] - Delayed 1 second(s)

26-06-2024T22:15:26 - [MESSAGE][PASSED] - File 'D:\newRCBCProject\RCBCLOS_Automation\Document\Katalon_WebObjects.pdf' sent to object: 'Object Repository/UploadYourDocuments/browseFile'

26-06-2024T22:15:27 - [MESSAGE][PASSED] - Delayed 1 second(s)

26-06-2024T22:15:27 - [MESSAGE][PASSED] - Object: 'Object Repository/UploadYourDocuments/ValidID/documentType' is clicked on

26-06-2024T22:15:27 - [MESSAGE][PASSED] - All options with value 'ID Type Documents' are selected in object 'Object Repository/UploadYourDocuments/ValidID/documentType' 

26-06-2024T22:15:28 - [MESSAGE][PASSED] - Object: 'Object Repository/UploadYourDocuments/ValidID/uploadBtn' is clicked on

26-06-2024T22:15:31 - [MESSAGE][PASSED] - Delayed 3 second(s)

26-06-2024T22:15:31 - [MESSAGE][PASSED] - Window with index 1 is closed

26-06-2024T22:15:31 - [MESSAGE][PASSED] - Object: 'Object Repository/UploadYourDocuments/IdDocViewButton' is clicked on

26-06-2024T22:15:31 - [MESSAGE][PASSED] - Switched to window with index: '1'

26-06-2024T22:15:34 - [MESSAGE][PASSED] - Delayed 3 second(s)

26-06-2024T22:15:35 - [MESSAGE][PASSED] - Delayed 1 second(s)

26-06-2024T22:15:36 - [MESSAGE][PASSED] - Delayed 1 second(s)

26-06-2024T22:15:36 - [MESSAGE][PASSED] - Taking screenshot successfully
[[ATTACHMENT|D:\\newRCBCProject\\RCBCLOS_Automation\\Reports\\20240626_221345\\PaperbaseFlows\\PaperbaseWithAndWithout\\PaperBasedPortal\\20240626_221348\\Screenshots/Portal26_06_2410_14_23/Regression26_06_24_10_15_35.jpg]]

26-06-2024T22:15:39 - [MESSAGE][PASSED] - Delayed 3 second(s)

26-06-2024T22:15:40 - [MESSAGE][PASSED] - Window with index 1 is closed

26-06-2024T22:15:40 - [MESSAGE][PASSED] - All options with index in [1] are selected on object 'Object Repository/UploadYourDocuments/incomeDocument_selectIdType'

26-06-2024T22:15:41 - [MESSAGE][PASSED] - Delayed 1 second(s)

26-06-2024T22:15:42 - [MESSAGE][PASSED] - Object: 'Object Repository/UploadYourDocuments/uploadFile_Btn1' is clicked on

26-06-2024T22:15:43 - [MESSAGE][PASSED] - Delayed 1 second(s)

26-06-2024T22:15:43 - [MESSAGE][PASSED] - Switched to window with index: '1'

26-06-2024T22:15:44 - [MESSAGE][PASSED] - Delayed 1 second(s)

26-06-2024T22:15:44 - [MESSAGE][PASSED] - File 'D:\newRCBCProject\RCBCLOS_Automation\Document\Katalon_WebObjects.pdf' sent to object: 'Object Repository/UploadYourDocuments/browseFile'

26-06-2024T22:15:45 - [MESSAGE][PASSED] - Delayed 1 second(s)

26-06-2024T22:15:45 - [MESSAGE][PASSED] - Object: 'Object Repository/UploadYourDocuments/ValidID/documentType' is clicked on

26-06-2024T22:15:46 - [MESSAGE][PASSED] - All options with value 'Income Documents' are selected in object 'Object Repository/UploadYourDocuments/ValidID/documentType' 

26-06-2024T22:15:46 - [MESSAGE][PASSED] - Object: 'Object Repository/UploadYourDocuments/ValidID/uploadBtn' is clicked on

26-06-2024T22:15:49 - [MESSAGE][PASSED] - Delayed 3 second(s)

26-06-2024T22:15:49 - [MESSAGE][PASSED] - Window with index 1 is closed

26-06-2024T22:15:50 - [MESSAGE][PASSED] - Object: 'Object Repository/UploadYourDocuments/IncomeDocViewBtn' is clicked on

26-06-2024T22:15:51 - [MESSAGE][PASSED] - Switched to window with index: '1'

26-06-2024T22:15:54 - [MESSAGE][PASSED] - Delayed 3 second(s)

26-06-2024T22:15:55 - [MESSAGE][PASSED] - Delayed 1 second(s)

26-06-2024T22:15:56 - [MESSAGE][PASSED] - Delayed 1 second(s)

26-06-2024T22:15:56 - [MESSAGE][PASSED] - Taking screenshot successfully
[[ATTACHMENT|D:\\newRCBCProject\\RCBCLOS_Automation\\Reports\\20240626_221345\\PaperbaseFlows\\PaperbaseWithAndWithout\\PaperBasedPortal\\20240626_221348\\Screenshots/Portal26_06_2410_14_23/Regression26_06_24_10_15_55.jpg]]

26-06-2024T22:15:59 - [MESSAGE][PASSED] - Delayed 3 second(s)

26-06-2024T22:15:59 - [MESSAGE][PASSED] - Window with index 1 is closed

26-06-2024T22:15:59 - [MESSAGE][PASSED] - Scroll to object 'Object Repository/UploadYourDocuments/nextBtn' successfully

26-06-2024T22:16:00 - [MESSAGE][PASSED] - Delayed 1 second(s)

26-06-2024T22:16:02 - [MESSAGE][PASSED] - Object: 'Object Repository/UploadYourDocuments/uploadFile_Btn2' is clicked on

26-06-2024T22:16:03 - [MESSAGE][PASSED] - Delayed 1 second(s)

26-06-2024T22:16:03 - [MESSAGE][PASSED] - Switched to window with index: '1'

26-06-2024T22:16:04 - [MESSAGE][PASSED] - Delayed 1 second(s)

26-06-2024T22:16:04 - [MESSAGE][PASSED] - File 'D:\newRCBCProject\RCBCLOS_Automation\Document\Katalon_WebObjects.pdf' sent to object: 'Object Repository/UploadYourDocuments/browseFile'

26-06-2024T22:16:05 - [MESSAGE][PASSED] - Delayed 1 second(s)

26-06-2024T22:16:05 - [MESSAGE][PASSED] - Object: 'Object Repository/UploadYourDocuments/ValidID/documentType' is clicked on

26-06-2024T22:16:06 - [MESSAGE][PASSED] - All options with value 'Loan Application Documents' are selected in object 'Object Repository/UploadYourDocuments/ValidID/documentType' 

26-06-2024T22:16:06 - [MESSAGE][PASSED] - Object: 'Object Repository/UploadYourDocuments/ValidID/uploadBtn' is clicked on

26-06-2024T22:16:09 - [MESSAGE][PASSED] - Delayed 3 second(s)

26-06-2024T22:16:09 - [MESSAGE][PASSED] - Window with index 1 is closed

26-06-2024T22:16:11 - [MESSAGE][PASSED] - Object: 'Object Repository/UploadYourDocuments/LoanApplicationDocViewBtn' is clicked on

26-06-2024T22:16:11 - [MESSAGE][PASSED] - Switched to window with index: '1'

26-06-2024T22:16:14 - [MESSAGE][PASSED] - Delayed 3 second(s)

26-06-2024T22:16:15 - [MESSAGE][PASSED] - Delayed 1 second(s)

26-06-2024T22:16:16 - [MESSAGE][PASSED] - Delayed 1 second(s)

26-06-2024T22:16:16 - [MESSAGE][PASSED] - Taking screenshot successfully
[[ATTACHMENT|D:\\newRCBCProject\\RCBCLOS_Automation\\Reports\\20240626_221345\\PaperbaseFlows\\PaperbaseWithAndWithout\\PaperBasedPortal\\20240626_221348\\Screenshots/Portal26_06_2410_14_23/Regression26_06_24_10_16_15.jpg]]

26-06-2024T22:16:19 - [MESSAGE][PASSED] - Delayed 3 second(s)

26-06-2024T22:16:19 - [MESSAGE][PASSED] - Window with index 1 is closed

26-06-2024T22:16:20 - [MESSAGE][PASSED] - Delayed 1 second(s)

26-06-2024T22:16:21 - [MESSAGE][PASSED] - Delayed 1 second(s)

26-06-2024T22:16:22 - [MESSAGE][PASSED] - Delayed 1 second(s)

26-06-2024T22:16:23 - [MESSAGE][PASSED] - Taking screenshot successfully
[[ATTACHMENT|D:\\newRCBCProject\\RCBCLOS_Automation\\Reports\\20240626_221345\\PaperbaseFlows\\PaperbaseWithAndWithout\\PaperBasedPortal\\20240626_221348\\Screenshots/Portal26_06_2410_14_23/Regression26_06_24_10_16_21.jpg]]

26-06-2024T22:16:23 - [MESSAGE][PASSED] - Object 'Object Repository/UploadYourDocuments/backBtn' is clickable

26-06-2024T22:16:26 - [MESSAGE][PASSED] - Object: 'Object Repository/UploadYourDocuments/nextBtn' is clicked on

26-06-2024T22:16:26 - [MESSAGE][PASSED] - paperBasedPortal.UploadYourDocuments.uploadYourDocumentsPage is PASSED

26-06-2024T22:16:28 - [TEST_STEP][PASSED] - Video: Video recording for test case 'Test Cases/Paper_STPWithAndWithoutAPI/Portal/DocumentUploadPage' .

26-06-2024T22:16:28 - [MESSAGE][INFO] - Video recording for test case 'Test Cases/Paper_STPWithAndWithoutAPI/Portal/DocumentUploadPage' .]]></system-out>
         <system-err><![CDATA[]]></system-err>
      </testcase>
      <testcase name="Test Cases/Paper_STPWithAndWithoutAPI/Portal/SubmitPageForBackOffice" time="11.236" classname="Test Cases/Paper_STPWithAndWithoutAPI/Portal/SubmitPageForBackOffice" status="PASSED">
         <system-out><![CDATA[26-06-2024T22:16:28 - [TEST_CASE][PASSED] - Test Cases/Paper_STPWithAndWithoutAPI/Portal/SubmitPageForBackOffice: Test Cases/Paper_STPWithAndWithoutAPI/Portal/SubmitPageForBackOffice

26-06-2024T22:16:28 - [TEST_STEP][PASSED] - paperBasedPortal.SubmitPage.proceedToPreReleaseFun(): paperBasedPortal.SubmitPage.proceedToPreReleaseFun is PASSED

26-06-2024T22:16:28 - [MESSAGE][PASSED] - Wait for page load successfully

26-06-2024T22:16:28 - [MESSAGE][PASSED] - Object 'Object Repository/SubmitPage/submitPageNSTP' is present

26-06-2024T22:16:30 - [MESSAGE][PASSED] - Delayed 2 second(s)

26-06-2024T22:16:31 - [MESSAGE][PASSED] - Delayed 1 second(s)

26-06-2024T22:16:32 - [MESSAGE][PASSED] - Delayed 1 second(s)

26-06-2024T22:16:33 - [MESSAGE][PASSED] - Delayed 1 second(s)

26-06-2024T22:16:34 - [MESSAGE][PASSED] - Taking screenshot successfully
[[ATTACHMENT|D:\\newRCBCProject\\RCBCLOS_Automation\\Reports\\20240626_221345\\PaperbaseFlows\\PaperbaseWithAndWithout\\PaperBasedPortal\\20240626_221348\\Screenshots/Portal26_06_2410_14_23/Regression26_06_24_10_16_32.jpg]]

26-06-2024T22:16:36 - [MESSAGE][PASSED] - Delayed 2 second(s)

26-06-2024T22:16:36 - [MESSAGE][PASSED] - Object 'Object Repository/SubmitPage/paperBasedSubmitGoToBackOffice' is clickable

26-06-2024T22:16:36 - [MESSAGE][PASSED] - Object: 'Object Repository/SubmitPage/paperBasedSubmitGoToBackOffice' is clicked on

26-06-2024T22:16:37 - [MESSAGE][PASSED] - Delayed 1 second(s)

26-06-2024T22:16:37 - [MESSAGE][PASSED] - paperBasedPortal.SubmitPage.proceedToPreReleaseFun is PASSED

26-06-2024T22:16:39 - [TEST_STEP][PASSED] - Video: Video recording for test case 'Test Cases/Paper_STPWithAndWithoutAPI/Portal/SubmitPageForBackOffice' .

26-06-2024T22:16:39 - [MESSAGE][INFO] - Video recording for test case 'Test Cases/Paper_STPWithAndWithoutAPI/Portal/SubmitPageForBackOffice' .]]></system-out>
         <system-err><![CDATA[]]></system-err>
      </testcase>
      <system-out><![CDATA[26-06-2024T22:14:05 - [TEST_SUITE][PASSED] - PaperBasedPortal: Test Cases/Paper_STPWithAndWithoutAPI/Portal/SubmitPageForBackOffice]]></system-out>
      <system-err><![CDATA[]]></system-err>
   </testsuite>
</testsuites>
