<?xml version="1.0" encoding="UTF-8"?>
<testsuites name="PaperBasedPortal" time="146.811" tests="7" failures="0" errors="0">
   <testsuite name="PaperBasedPortal" tests="7" failures="0" errors="0" time="146.811" skipped="0" timestamp="24-06-2024T11:20:47" hostname="Adarsh.Lohar - QKNBK2037.qkcorp.qualitykiosk.com" id="Test Suites/PaperbaseFlows/PaperbaseWithAndWithout/PaperBasedPortal">
      <properties>
[...]
</properties>
      <testcase name="Test Cases/Paper_STPWithAndWithoutAPI/Portal/LoginPage" time="25.918" classname="Test Cases/Paper_STPWithAndWithoutAPI/Portal/LoginPage" status="PASSED">
         <system-out><![CDATA[24-06-2024T11:20:47 - [TEST_CASE][PASSED] - Test Cases/Paper_STPWithAndWithoutAPI/Portal/LoginPage: Test Cases/Paper_STPWithAndWithoutAPI/Portal/LoginPage

24-06-2024T11:20:48 - [TEST_STEP][PASSED] - loginPage.LoginPage.login_Page(): loginPage.LoginPage.login_Page is PASSED

24-06-2024T11:20:49 - [MESSAGE][INFO] - Starting 'Chrome' driver

24-06-2024T11:20:49 - [MESSAGE][INFO] - User set preference: ['args', '[--incognito]']

24-06-2024T11:20:49 - [MESSAGE][INFO] - Action delay is set to 0 milliseconds

24-06-2024T11:20:57 - [MESSAGE][PASSED] - Browser is opened with url: ''

24-06-2024T11:20:58 - [MESSAGE][PASSED] - Current window maximized

24-06-2024T11:20:59 - [MESSAGE][PASSED] - Navigate to 'https://rcbcuat.nonprodnmc.com/LoanPortal' successfully

24-06-2024T11:21:03 - [MESSAGE][PASSED] - Text 'QK_Dealer7' is set on object 'Object Repository/LoginPage/email'

24-06-2024T11:21:04 - [MESSAGE][PASSED] - Text ****** has been set on object 'Object Repository/LoginPage/password'

24-06-2024T11:21:05 - [MESSAGE][PASSED] - Delayed 1 second(s)

24-06-2024T11:21:06 - [MESSAGE][PASSED] - Delayed 1 second(s)

24-06-2024T11:21:07 - [MESSAGE][PASSED] - Delayed 1 second(s)

24-06-2024T11:21:08 - [MESSAGE][PASSED] - Taking screenshot successfully
[[ATTACHMENT|D:\\newRCBCProject\\RCBCLOS_Automation\\Reports\\20240624_112028\\PaperbaseFlows\\PaperbaseWithAndWithout\\PaperBasedPortal\\20240624_112030\\Screenshots/Portal24_06_2411_21_05/Regression24_06_24_11_21_06.jpg]]

24-06-2024T11:21:08 - [MESSAGE][PASSED] - Object: 'Object Repository/LoginPage/log_in' is clicked on

24-06-2024T11:21:11 - [MESSAGE][PASSED] - Object 'Object Repository/HomePage/Auto_Loan_Portal' is present

24-06-2024T11:21:11 - [MESSAGE][INFO] - We are in Home Page

24-06-2024T11:21:11 - [MESSAGE][PASSED] - loginPage.LoginPage.login_Page is PASSED

24-06-2024T11:21:13 - [TEST_STEP][PASSED] - Video: Video recording for test case 'Test Cases/Paper_STPWithAndWithoutAPI/Portal/LoginPage' .

24-06-2024T11:21:13 - [MESSAGE][INFO] - Video recording for test case 'Test Cases/Paper_STPWithAndWithoutAPI/Portal/LoginPage' .]]></system-out>
         <system-err><![CDATA[]]></system-err>
      </testcase>
      <testcase name="Test Cases/Paper_STPWithAndWithoutAPI/Portal/HomePage" time="5.845" classname="Test Cases/Paper_STPWithAndWithoutAPI/Portal/HomePage" status="PASSED">
         <system-out><![CDATA[24-06-2024T11:21:13 - [TEST_CASE][PASSED] - Test Cases/Paper_STPWithAndWithoutAPI/Portal/HomePage: Test Cases/Paper_STPWithAndWithoutAPI/Portal/HomePage

24-06-2024T11:21:13 - [TEST_STEP][PASSED] - homePage.homePage.homepage(): homePage.homePage.homepage is PASSED

24-06-2024T11:21:14 - [MESSAGE][PASSED] - Wait for page load successfully

24-06-2024T11:21:14 - [MESSAGE][PASSED] - Text 'What system would you like to access?' is present on page 

24-06-2024T11:21:14 - [MESSAGE][PASSED] - Object 'Object Repository/HomePage/ManageLoans' is clickable

24-06-2024T11:21:14 - [MESSAGE][PASSED] - Object 'Object Repository/SignOutButton/exitIcon' is clickable

24-06-2024T11:21:15 - [MESSAGE][PASSED] - Delayed 1 second(s)

24-06-2024T11:21:16 - [MESSAGE][PASSED] - Delayed 1 second(s)

24-06-2024T11:21:16 - [MESSAGE][PASSED] - Taking screenshot successfully
[[ATTACHMENT|D:\\newRCBCProject\\RCBCLOS_Automation\\Reports\\20240624_112028\\PaperbaseFlows\\PaperbaseWithAndWithout\\PaperBasedPortal\\20240624_112030\\Screenshots/Portal24_06_2411_21_05/Regression24_06_24_11_21_15.jpg]]

24-06-2024T11:21:17 - [MESSAGE][PASSED] - Object: 'Object Repository/HomePage/Auto_Loan_Portal' is clicked on

24-06-2024T11:21:17 - [MESSAGE][PASSED] - Object 'Object Repository/ModeOfApplication/digitalApplication' is present

24-06-2024T11:21:17 - [MESSAGE][INFO] - We are getting two options

24-06-2024T11:21:17 - [MESSAGE][PASSED] - homePage.homePage.homepage is PASSED

24-06-2024T11:21:19 - [TEST_STEP][PASSED] - Video: Video recording for test case 'Test Cases/Paper_STPWithAndWithoutAPI/Portal/HomePage' .

24-06-2024T11:21:19 - [MESSAGE][INFO] - Video recording for test case 'Test Cases/Paper_STPWithAndWithoutAPI/Portal/HomePage' .]]></system-out>
         <system-err><![CDATA[]]></system-err>
      </testcase>
      <testcase name="Test Cases/Paper_STPWithAndWithoutAPI/Portal/SelectPaperBased" time="8.078" classname="Test Cases/Paper_STPWithAndWithoutAPI/Portal/SelectPaperBased" status="PASSED">
         <system-out><![CDATA[24-06-2024T11:21:19 - [TEST_CASE][PASSED] - Test Cases/Paper_STPWithAndWithoutAPI/Portal/SelectPaperBased: Test Cases/Paper_STPWithAndWithoutAPI/Portal/SelectPaperBased

24-06-2024T11:21:19 - [TEST_STEP][PASSED] - paperBasedPortal.SelectPaperBased.paperBased(): paperBasedPortal.SelectPaperBased.paperBased is PASSED

24-06-2024T11:21:20 - [MESSAGE][PASSED] - Delayed 1 second(s)

24-06-2024T11:21:21 - [MESSAGE][PASSED] - Delayed 1 second(s)

24-06-2024T11:21:22 - [MESSAGE][PASSED] - Delayed 1 second(s)

24-06-2024T11:21:22 - [MESSAGE][PASSED] - Taking screenshot successfully
[[ATTACHMENT|D:\\newRCBCProject\\RCBCLOS_Automation\\Reports\\20240624_112028\\PaperbaseFlows\\PaperbaseWithAndWithout\\PaperBasedPortal\\20240624_112030\\Screenshots/Portal24_06_2411_21_05/Regression24_06_24_11_21_21.jpg]]

24-06-2024T11:21:25 - [MESSAGE][PASSED] - Object: 'Object Repository/ModeOfApplication/paperBased' is clicked on

24-06-2024T11:21:25 - [MESSAGE][PASSED] - paperBasedPortal.SelectPaperBased.paperBased is PASSED

24-06-2024T11:21:27 - [TEST_STEP][PASSED] - Video: Video recording for test case 'Test Cases/Paper_STPWithAndWithoutAPI/Portal/SelectPaperBased' .

24-06-2024T11:21:27 - [MESSAGE][INFO] - Video recording for test case 'Test Cases/Paper_STPWithAndWithoutAPI/Portal/SelectPaperBased' .]]></system-out>
         <system-err><![CDATA[]]></system-err>
      </testcase>
      <testcase name="Test Cases/Paper_STPWithAndWithoutAPI/Portal/LetsgetStarted" time="12.589" classname="Test Cases/Paper_STPWithAndWithoutAPI/Portal/LetsgetStarted" status="PASSED">
         <system-out><![CDATA[24-06-2024T11:21:27 - [TEST_CASE][PASSED] - Test Cases/Paper_STPWithAndWithoutAPI/Portal/LetsgetStarted: Test Cases/Paper_STPWithAndWithoutAPI/Portal/LetsgetStarted

24-06-2024T11:21:27 - [TEST_STEP][PASSED] - paperBasedPortal.letsGetStarted.letsGetStartedBtnFun(): paperBasedPortal.letsGetStarted.letsGetStartedBtnFun is PASSED

24-06-2024T11:21:28 - [MESSAGE][PASSED] - Delayed 1 second(s)

24-06-2024T11:21:29 - [MESSAGE][PASSED] - Delayed 1 second(s)

24-06-2024T11:21:30 - [MESSAGE][PASSED] - Delayed 1 second(s)

24-06-2024T11:21:31 - [MESSAGE][PASSED] - Taking screenshot successfully
[[ATTACHMENT|D:\\newRCBCProject\\RCBCLOS_Automation\\Reports\\20240624_112028\\PaperbaseFlows\\PaperbaseWithAndWithout\\PaperBasedPortal\\20240624_112030\\Screenshots/Portal24_06_2411_21_05/Regression24_06_24_11_21_29.jpg]]

24-06-2024T11:21:35 - [MESSAGE][PASSED] - Object: 'Object Repository/LetsGetStarted/lets_get_started' is clicked on

24-06-2024T11:21:37 - [MESSAGE][PASSED] - Delayed 2 second(s)

24-06-2024T11:21:37 - [MESSAGE][PASSED] - paperBasedPortal.letsGetStarted.letsGetStartedBtnFun is PASSED

24-06-2024T11:21:40 - [TEST_STEP][PASSED] - Video: Video recording for test case 'Test Cases/Paper_STPWithAndWithoutAPI/Portal/LetsgetStarted' .

24-06-2024T11:21:40 - [MESSAGE][INFO] - Video recording for test case 'Test Cases/Paper_STPWithAndWithoutAPI/Portal/LetsgetStarted' .]]></system-out>
         <system-err><![CDATA[]]></system-err>
      </testcase>
      <testcase name="Test Cases/Paper_STPWithAndWithoutAPI/Portal/BorrowerDetail" time="16.31" classname="Test Cases/Paper_STPWithAndWithoutAPI/Portal/BorrowerDetail" status="PASSED">
         <system-out><![CDATA[24-06-2024T11:21:40 - [TEST_CASE][PASSED] - Test Cases/Paper_STPWithAndWithoutAPI/Portal/BorrowerDetail: Test Cases/Paper_STPWithAndWithoutAPI/Portal/BorrowerDetail

24-06-2024T11:21:40 - [TEST_STEP][PASSED] - paperBasedPortal.Borrower_Detail.borrower_Details(fst_Name, mid_Name, lst_Name, email, mob_Num, date, maritalStatus, suffix, residence): paperBasedPortal.Borrower_Detail.borrower_Details is PASSED

24-06-2024T11:21:40 - [MESSAGE][PASSED] - Wait for page load successfully

24-06-2024T11:21:41 - [MESSAGE][PASSED] - Text 'virattllc' is set on object 'Object Repository/Borrower_Details/first_Name'

24-06-2024T11:21:41 - [MESSAGE][PASSED] - Text 'sudhakarrllc' is set on object 'Object Repository/Borrower_Details/middle_Name'

24-06-2024T11:21:42 - [MESSAGE][PASSED] - Text 'kohliillc' is set on object 'Object Repository/Borrower_Details/last_Name'

24-06-2024T11:21:43 - [MESSAGE][PASSED] - All options with value 'SF2' are selected in object 'Object Repository/Borrower_Details/suffix'  using regular expression

24-06-2024T11:21:43 - [MESSAGE][PASSED] - All options with value 'M' are selected in object 'Object Repository/Borrower_Details/marital_Status' 

24-06-2024T11:21:44 - [MESSAGE][PASSED] - Delayed 1 second(s)

24-06-2024T11:21:45 - [MESSAGE][PASSED] - Delayed 1 second(s)

24-06-2024T11:21:46 - [MESSAGE][PASSED] - Delayed 1 second(s)

24-06-2024T11:21:46 - [MESSAGE][PASSED] - Taking screenshot successfully
[[ATTACHMENT|D:\\newRCBCProject\\RCBCLOS_Automation\\Reports\\20240624_112028\\PaperbaseFlows\\PaperbaseWithAndWithout\\PaperBasedPortal\\20240624_112030\\Screenshots/Portal24_06_2411_21_05/Regression24_06_24_11_21_45.jpg]]

24-06-2024T11:21:47 - [MESSAGE][PASSED] - Text 'bond@gmail.com' is set on object 'Object Repository/Borrower_Details/email'

24-06-2024T11:21:47 - [MESSAGE][PASSED] - Text '(63) 9356986587' is set on object 'Object Repository/Borrower_Details/mobile_Number'

24-06-2024T11:21:49 - [MESSAGE][PASSED] - Delayed 2 second(s)

24-06-2024T11:21:49 - [MESSAGE][PASSED] - Current window's title is: 'Portal_PB : LOS-3369'

24-06-2024T11:21:49 - [MESSAGE][INFO] - LOS-3369

24-06-2024T11:21:50 - [MESSAGE][PASSED] - Delayed 1 second(s)

24-06-2024T11:21:52 - [MESSAGE][PASSED] - Delayed 1 second(s)

24-06-2024T11:21:53 - [MESSAGE][PASSED] - Delayed 1 second(s)

24-06-2024T11:21:53 - [MESSAGE][PASSED] - Taking screenshot successfully
[[ATTACHMENT|D:\\newRCBCProject\\RCBCLOS_Automation\\Reports\\20240624_112028\\PaperbaseFlows\\PaperbaseWithAndWithout\\PaperBasedPortal\\20240624_112030\\Screenshots/Portal24_06_2411_21_05/Regression24_06_24_11_21_52.jpg]]

24-06-2024T11:21:54 - [MESSAGE][PASSED] - Object: 'Object Repository/Borrower_Details/continue' is clicked on

24-06-2024T11:21:54 - [MESSAGE][PASSED] - paperBasedPortal.Borrower_Detail.borrower_Details is PASSED

24-06-2024T11:21:56 - [TEST_STEP][PASSED] - Video: Video recording for test case 'Test Cases/Paper_STPWithAndWithoutAPI/Portal/BorrowerDetail' .

24-06-2024T11:21:56 - [MESSAGE][INFO] - Video recording for test case 'Test Cases/Paper_STPWithAndWithoutAPI/Portal/BorrowerDetail' .]]></system-out>
         <system-err><![CDATA[]]></system-err>
      </testcase>
      <testcase name="Test Cases/Paper_STPWithAndWithoutAPI/Portal/DocumentUploadPage" time="66.311" classname="Test Cases/Paper_STPWithAndWithoutAPI/Portal/DocumentUploadPage" status="PASSED">
         <system-out><![CDATA[24-06-2024T11:21:56 - [TEST_CASE][PASSED] - Test Cases/Paper_STPWithAndWithoutAPI/Portal/DocumentUploadPage: Test Cases/Paper_STPWithAndWithoutAPI/Portal/DocumentUploadPage

24-06-2024T11:21:56 - [TEST_STEP][PASSED] - paperBasedPortal.UploadYourDocuments.uploadYourDocumentsPage(): paperBasedPortal.UploadYourDocuments.uploadYourDocumentsPage is PASSED

24-06-2024T11:21:59 - [MESSAGE][PASSED] - Current window's index is: 0

24-06-2024T11:21:59 - [MESSAGE][PASSED] - Current window's title is: 'Portal_PB : LOS-3369'

24-06-2024T11:22:00 - [MESSAGE][PASSED] - All options with index in [1] are selected on object 'Object Repository/UploadYourDocuments/validId_selectIdType'

24-06-2024T11:22:01 - [MESSAGE][PASSED] - Object: 'Object Repository/UploadYourDocuments/uploadFile_Btn' is clicked on

24-06-2024T11:22:02 - [MESSAGE][PASSED] - Delayed 1 second(s)

24-06-2024T11:22:02 - [MESSAGE][PASSED] - Switched to window with index: '1'

24-06-2024T11:22:03 - [MESSAGE][PASSED] - Delayed 1 second(s)

24-06-2024T11:22:03 - [MESSAGE][PASSED] - File 'D:\newRCBCProject\RCBCLOS_Automation\Document\Katalon_WebObjects.pdf' sent to object: 'Object Repository/UploadYourDocuments/browseFile'

24-06-2024T11:22:04 - [MESSAGE][PASSED] - Delayed 1 second(s)

24-06-2024T11:22:04 - [MESSAGE][PASSED] - Object: 'Object Repository/UploadYourDocuments/ValidID/documentType' is clicked on

24-06-2024T11:22:05 - [MESSAGE][PASSED] - All options with value 'ID Type Documents' are selected in object 'Object Repository/UploadYourDocuments/ValidID/documentType' 

24-06-2024T11:22:05 - [MESSAGE][PASSED] - Object: 'Object Repository/UploadYourDocuments/ValidID/uploadBtn' is clicked on

24-06-2024T11:22:08 - [MESSAGE][PASSED] - Delayed 3 second(s)

24-06-2024T11:22:08 - [MESSAGE][PASSED] - Window with index 1 is closed

24-06-2024T11:22:09 - [MESSAGE][PASSED] - Object: 'Object Repository/UploadYourDocuments/IdDocViewButton' is clicked on

24-06-2024T11:22:09 - [MESSAGE][PASSED] - Switched to window with index: '1'

24-06-2024T11:22:10 - [MESSAGE][PASSED] - Delayed 1 second(s)

24-06-2024T11:22:11 - [MESSAGE][PASSED] - Delayed 1 second(s)

24-06-2024T11:22:12 - [MESSAGE][PASSED] - Delayed 1 second(s)

24-06-2024T11:22:12 - [MESSAGE][PASSED] - Taking screenshot successfully
[[ATTACHMENT|D:\\newRCBCProject\\RCBCLOS_Automation\\Reports\\20240624_112028\\PaperbaseFlows\\PaperbaseWithAndWithout\\PaperBasedPortal\\20240624_112030\\Screenshots/Portal24_06_2411_21_05/Regression24_06_24_11_22_11.jpg]]

24-06-2024T11:22:17 - [MESSAGE][PASSED] - Delayed 5 second(s)

24-06-2024T11:22:18 - [MESSAGE][PASSED] - Window with index 1 is closed

24-06-2024T11:22:18 - [MESSAGE][PASSED] - All options with index in [1] are selected on object 'Object Repository/UploadYourDocuments/incomeDocument_selectIdType'

24-06-2024T11:22:19 - [MESSAGE][PASSED] - Delayed 1 second(s)

24-06-2024T11:22:20 - [MESSAGE][PASSED] - Object: 'Object Repository/UploadYourDocuments/uploadFile_Btn1' is clicked on

24-06-2024T11:22:21 - [MESSAGE][PASSED] - Delayed 1 second(s)

24-06-2024T11:22:21 - [MESSAGE][PASSED] - Switched to window with index: '1'

24-06-2024T11:22:22 - [MESSAGE][PASSED] - Delayed 1 second(s)

24-06-2024T11:22:22 - [MESSAGE][PASSED] - File 'D:\newRCBCProject\RCBCLOS_Automation\Document\Katalon_WebObjects.pdf' sent to object: 'Object Repository/UploadYourDocuments/browseFile'

24-06-2024T11:22:23 - [MESSAGE][PASSED] - Delayed 1 second(s)

24-06-2024T11:22:23 - [MESSAGE][PASSED] - Object: 'Object Repository/UploadYourDocuments/ValidID/documentType' is clicked on

24-06-2024T11:22:24 - [MESSAGE][PASSED] - All options with value 'Income Documents' are selected in object 'Object Repository/UploadYourDocuments/ValidID/documentType' 

24-06-2024T11:22:24 - [MESSAGE][PASSED] - Object: 'Object Repository/UploadYourDocuments/ValidID/uploadBtn' is clicked on

24-06-2024T11:22:27 - [MESSAGE][PASSED] - Delayed 3 second(s)

24-06-2024T11:22:27 - [MESSAGE][PASSED] - Window with index 1 is closed

24-06-2024T11:22:28 - [MESSAGE][PASSED] - Object: 'Object Repository/UploadYourDocuments/IncomeDocViewBtn' is clicked on

24-06-2024T11:22:28 - [MESSAGE][PASSED] - Switched to window with index: '1'

24-06-2024T11:22:29 - [MESSAGE][PASSED] - Delayed 1 second(s)

24-06-2024T11:22:30 - [MESSAGE][PASSED] - Delayed 1 second(s)

24-06-2024T11:22:31 - [MESSAGE][PASSED] - Delayed 1 second(s)

24-06-2024T11:22:31 - [MESSAGE][PASSED] - Taking screenshot successfully
[[ATTACHMENT|D:\\newRCBCProject\\RCBCLOS_Automation\\Reports\\20240624_112028\\PaperbaseFlows\\PaperbaseWithAndWithout\\PaperBasedPortal\\20240624_112030\\Screenshots/Portal24_06_2411_21_05/Regression24_06_24_11_22_30.jpg]]

24-06-2024T11:22:36 - [MESSAGE][PASSED] - Delayed 5 second(s)

24-06-2024T11:22:36 - [MESSAGE][PASSED] - Window with index 1 is closed

24-06-2024T11:22:37 - [MESSAGE][PASSED] - Scroll to object 'Object Repository/UploadYourDocuments/nextBtn' successfully

24-06-2024T11:22:38 - [MESSAGE][PASSED] - Delayed 1 second(s)

24-06-2024T11:22:39 - [MESSAGE][PASSED] - Object: 'Object Repository/UploadYourDocuments/uploadFile_Btn2' is clicked on

24-06-2024T11:22:40 - [MESSAGE][PASSED] - Delayed 1 second(s)

24-06-2024T11:22:40 - [MESSAGE][PASSED] - Switched to window with index: '1'

24-06-2024T11:22:41 - [MESSAGE][PASSED] - Delayed 1 second(s)

24-06-2024T11:22:41 - [MESSAGE][PASSED] - File 'D:\newRCBCProject\RCBCLOS_Automation\Document\Katalon_WebObjects.pdf' sent to object: 'Object Repository/UploadYourDocuments/browseFile'

24-06-2024T11:22:42 - [MESSAGE][PASSED] - Delayed 1 second(s)

24-06-2024T11:22:42 - [MESSAGE][PASSED] - Object: 'Object Repository/UploadYourDocuments/ValidID/documentType' is clicked on

24-06-2024T11:22:42 - [MESSAGE][PASSED] - All options with value 'Loan Application Documents' are selected in object 'Object Repository/UploadYourDocuments/ValidID/documentType' 

24-06-2024T11:22:43 - [MESSAGE][PASSED] - Object: 'Object Repository/UploadYourDocuments/ValidID/uploadBtn' is clicked on

24-06-2024T11:22:46 - [MESSAGE][PASSED] - Delayed 3 second(s)

24-06-2024T11:22:46 - [MESSAGE][PASSED] - Window with index 1 is closed

24-06-2024T11:22:47 - [MESSAGE][PASSED] - Object: 'Object Repository/UploadYourDocuments/LoanApplicationDocViewBtn' is clicked on

24-06-2024T11:22:47 - [MESSAGE][PASSED] - Switched to window with index: '1'

24-06-2024T11:22:48 - [MESSAGE][PASSED] - Delayed 1 second(s)

24-06-2024T11:22:49 - [MESSAGE][PASSED] - Delayed 1 second(s)

24-06-2024T11:22:50 - [MESSAGE][PASSED] - Delayed 1 second(s)

24-06-2024T11:22:50 - [MESSAGE][PASSED] - Taking screenshot successfully
[[ATTACHMENT|D:\\newRCBCProject\\RCBCLOS_Automation\\Reports\\20240624_112028\\PaperbaseFlows\\PaperbaseWithAndWithout\\PaperBasedPortal\\20240624_112030\\Screenshots/Portal24_06_2411_21_05/Regression24_06_24_11_22_49.jpg]]

24-06-2024T11:22:55 - [MESSAGE][PASSED] - Delayed 5 second(s)

24-06-2024T11:22:55 - [MESSAGE][PASSED] - Window with index 1 is closed

24-06-2024T11:22:56 - [MESSAGE][PASSED] - Delayed 1 second(s)

24-06-2024T11:22:57 - [MESSAGE][PASSED] - Delayed 1 second(s)

24-06-2024T11:22:58 - [MESSAGE][PASSED] - Delayed 1 second(s)

24-06-2024T11:22:58 - [MESSAGE][PASSED] - Taking screenshot successfully
[[ATTACHMENT|D:\\newRCBCProject\\RCBCLOS_Automation\\Reports\\20240624_112028\\PaperbaseFlows\\PaperbaseWithAndWithout\\PaperBasedPortal\\20240624_112030\\Screenshots/Portal24_06_2411_21_05/Regression24_06_24_11_22_57.jpg]]

24-06-2024T11:22:58 - [MESSAGE][PASSED] - Object 'Object Repository/UploadYourDocuments/backBtn' is clickable

24-06-2024T11:23:00 - [MESSAGE][PASSED] - Object: 'Object Repository/UploadYourDocuments/nextBtn' is clicked on

24-06-2024T11:23:00 - [MESSAGE][PASSED] - paperBasedPortal.UploadYourDocuments.uploadYourDocumentsPage is PASSED

24-06-2024T11:23:02 - [TEST_STEP][PASSED] - Video: Video recording for test case 'Test Cases/Paper_STPWithAndWithoutAPI/Portal/DocumentUploadPage' .

24-06-2024T11:23:02 - [MESSAGE][INFO] - Video recording for test case 'Test Cases/Paper_STPWithAndWithoutAPI/Portal/DocumentUploadPage' .]]></system-out>
         <system-err><![CDATA[]]></system-err>
      </testcase>
      <testcase name="Test Cases/Paper_STPWithAndWithoutAPI/Portal/SubmitPageForBackOffice" time="11.296" classname="Test Cases/Paper_STPWithAndWithoutAPI/Portal/SubmitPageForBackOffice" status="PASSED">
         <system-out><![CDATA[24-06-2024T11:23:02 - [TEST_CASE][PASSED] - Test Cases/Paper_STPWithAndWithoutAPI/Portal/SubmitPageForBackOffice: Test Cases/Paper_STPWithAndWithoutAPI/Portal/SubmitPageForBackOffice

24-06-2024T11:23:03 - [TEST_STEP][PASSED] - paperBasedPortal.SubmitPage.proceedToPreReleaseFun(): paperBasedPortal.SubmitPage.proceedToPreReleaseFun is PASSED

24-06-2024T11:23:03 - [MESSAGE][PASSED] - Wait for page load successfully

24-06-2024T11:23:03 - [MESSAGE][PASSED] - Object 'Object Repository/SubmitPage/submitPageNSTP' is present

24-06-2024T11:23:05 - [MESSAGE][PASSED] - Delayed 2 second(s)

24-06-2024T11:23:06 - [MESSAGE][PASSED] - Delayed 1 second(s)

24-06-2024T11:23:07 - [MESSAGE][PASSED] - Delayed 1 second(s)

24-06-2024T11:23:08 - [MESSAGE][PASSED] - Delayed 1 second(s)

24-06-2024T11:23:08 - [MESSAGE][PASSED] - Taking screenshot successfully
[[ATTACHMENT|D:\\newRCBCProject\\RCBCLOS_Automation\\Reports\\20240624_112028\\PaperbaseFlows\\PaperbaseWithAndWithout\\PaperBasedPortal\\20240624_112030\\Screenshots/Portal24_06_2411_21_05/Regression24_06_24_11_23_07.jpg]]

24-06-2024T11:23:10 - [MESSAGE][PASSED] - Delayed 2 second(s)

24-06-2024T11:23:11 - [MESSAGE][PASSED] - Object 'Object Repository/SubmitPage/paperBasedSubmitGoToBackOffice' is clickable

24-06-2024T11:23:11 - [MESSAGE][PASSED] - Object: 'Object Repository/SubmitPage/paperBasedSubmitGoToBackOffice' is clicked on

24-06-2024T11:23:12 - [MESSAGE][PASSED] - Delayed 1 second(s)

24-06-2024T11:23:12 - [MESSAGE][PASSED] - paperBasedPortal.SubmitPage.proceedToPreReleaseFun is PASSED

24-06-2024T11:23:14 - [TEST_STEP][PASSED] - Video: Video recording for test case 'Test Cases/Paper_STPWithAndWithoutAPI/Portal/SubmitPageForBackOffice' .

24-06-2024T11:23:14 - [MESSAGE][INFO] - Video recording for test case 'Test Cases/Paper_STPWithAndWithoutAPI/Portal/SubmitPageForBackOffice' .]]></system-out>
         <system-err><![CDATA[]]></system-err>
      </testcase>
      <system-out><![CDATA[24-06-2024T11:20:47 - [TEST_SUITE][PASSED] - PaperBasedPortal: Test Cases/Paper_STPWithAndWithoutAPI/Portal/SubmitPageForBackOffice]]></system-out>
      <system-err><![CDATA[]]></system-err>
   </testsuite>
</testsuites>
